/usr/share/lmod/lmod/init/bash: /usr/share/lmod/lmod/libexec/addto: /usr/bin/lua: bad interpreter: No such file or directory
Started analysis of ERR950158_1.fastq.gz
Approx 5% complete for ERR950158_1.fastq.gz
Approx 10% complete for ERR950158_1.fastq.gz
Approx 15% complete for ERR950158_1.fastq.gz
Approx 20% complete for ERR950158_1.fastq.gz
Approx 25% complete for ERR950158_1.fastq.gz
Approx 30% complete for ERR950158_1.fastq.gz
Approx 35% complete for ERR950158_1.fastq.gz
Approx 40% complete for ERR950158_1.fastq.gz
Approx 45% complete for ERR950158_1.fastq.gz
Approx 50% complete for ERR950158_1.fastq.gz
Approx 55% complete for ERR950158_1.fastq.gz
Approx 60% complete for ERR950158_1.fastq.gz
Approx 65% complete for ERR950158_1.fastq.gz
Approx 70% complete for ERR950158_1.fastq.gz
Approx 75% complete for ERR950158_1.fastq.gz
Approx 80% complete for ERR950158_1.fastq.gz
Approx 85% complete for ERR950158_1.fastq.gz
Approx 90% complete for ERR950158_1.fastq.gz
Approx 95% complete for ERR950158_1.fastq.gz
Started analysis of ERR950158_2.fastq.gz
Approx 5% complete for ERR950158_2.fastq.gz
Approx 10% complete for ERR950158_2.fastq.gz
Approx 15% complete for ERR950158_2.fastq.gz
Approx 20% complete for ERR950158_2.fastq.gz
Approx 25% complete for ERR950158_2.fastq.gz
Approx 30% complete for ERR950158_2.fastq.gz
Approx 35% complete for ERR950158_2.fastq.gz
Approx 40% complete for ERR950158_2.fastq.gz
Approx 45% complete for ERR950158_2.fastq.gz
Approx 50% complete for ERR950158_2.fastq.gz
Approx 55% complete for ERR950158_2.fastq.gz
Approx 60% complete for ERR950158_2.fastq.gz
Approx 65% complete for ERR950158_2.fastq.gz
Approx 70% complete for ERR950158_2.fastq.gz
Approx 75% complete for ERR950158_2.fastq.gz
Approx 80% complete for ERR950158_2.fastq.gz
Approx 85% complete for ERR950158_2.fastq.gz
Approx 90% complete for ERR950158_2.fastq.gz
Approx 95% complete for ERR950158_2.fastq.gz
Started analysis of ERR950159_1.fastq.gz
Approx 5% complete for ERR950159_1.fastq.gz
Approx 10% complete for ERR950159_1.fastq.gz
Approx 15% complete for ERR950159_1.fastq.gz
Approx 20% complete for ERR950159_1.fastq.gz
Approx 25% complete for ERR950159_1.fastq.gz
Approx 30% complete for ERR950159_1.fastq.gz
Approx 35% complete for ERR950159_1.fastq.gz
Approx 40% complete for ERR950159_1.fastq.gz
Approx 45% complete for ERR950159_1.fastq.gz
Approx 50% complete for ERR950159_1.fastq.gz
Approx 55% complete for ERR950159_1.fastq.gz
Approx 60% complete for ERR950159_1.fastq.gz
Approx 65% complete for ERR950159_1.fastq.gz
Approx 70% complete for ERR950159_1.fastq.gz
Approx 75% complete for ERR950159_1.fastq.gz
Approx 80% complete for ERR950159_1.fastq.gz
Approx 85% complete for ERR950159_1.fastq.gz
Approx 90% complete for ERR950159_1.fastq.gz
Approx 95% complete for ERR950159_1.fastq.gz
Started analysis of ERR950159_2.fastq.gz
Approx 5% complete for ERR950159_2.fastq.gz
Approx 10% complete for ERR950159_2.fastq.gz
Approx 15% complete for ERR950159_2.fastq.gz
Approx 20% complete for ERR950159_2.fastq.gz
Approx 25% complete for ERR950159_2.fastq.gz
Approx 30% complete for ERR950159_2.fastq.gz
Approx 35% complete for ERR950159_2.fastq.gz
Approx 40% complete for ERR950159_2.fastq.gz
Approx 45% complete for ERR950159_2.fastq.gz
Approx 50% complete for ERR950159_2.fastq.gz
Approx 55% complete for ERR950159_2.fastq.gz
Approx 60% complete for ERR950159_2.fastq.gz
Approx 65% complete for ERR950159_2.fastq.gz
Approx 70% complete for ERR950159_2.fastq.gz
Approx 75% complete for ERR950159_2.fastq.gz
Approx 80% complete for ERR950159_2.fastq.gz
Approx 85% complete for ERR950159_2.fastq.gz
Approx 90% complete for ERR950159_2.fastq.gz
Approx 95% complete for ERR950159_2.fastq.gz
Started analysis of ERR950160_1.fastq.gz
Approx 5% complete for ERR950160_1.fastq.gz
Approx 10% complete for ERR950160_1.fastq.gz
Approx 15% complete for ERR950160_1.fastq.gz
Approx 20% complete for ERR950160_1.fastq.gz
Approx 25% complete for ERR950160_1.fastq.gz
Approx 30% complete for ERR950160_1.fastq.gz
Approx 35% complete for ERR950160_1.fastq.gz
Approx 40% complete for ERR950160_1.fastq.gz
Approx 45% complete for ERR950160_1.fastq.gz
Approx 50% complete for ERR950160_1.fastq.gz
Approx 55% complete for ERR950160_1.fastq.gz
Approx 60% complete for ERR950160_1.fastq.gz
Approx 65% complete for ERR950160_1.fastq.gz
Approx 70% complete for ERR950160_1.fastq.gz
Approx 75% complete for ERR950160_1.fastq.gz
Approx 80% complete for ERR950160_1.fastq.gz
Approx 85% complete for ERR950160_1.fastq.gz
Approx 90% complete for ERR950160_1.fastq.gz
Approx 95% complete for ERR950160_1.fastq.gz
Started analysis of ERR950160_2.fastq.gz
Approx 5% complete for ERR950160_2.fastq.gz
Approx 10% complete for ERR950160_2.fastq.gz
Approx 15% complete for ERR950160_2.fastq.gz
Approx 20% complete for ERR950160_2.fastq.gz
Approx 25% complete for ERR950160_2.fastq.gz
Approx 30% complete for ERR950160_2.fastq.gz
Approx 35% complete for ERR950160_2.fastq.gz
Approx 40% complete for ERR950160_2.fastq.gz
Approx 45% complete for ERR950160_2.fastq.gz
Approx 50% complete for ERR950160_2.fastq.gz
Approx 55% complete for ERR950160_2.fastq.gz
Approx 60% complete for ERR950160_2.fastq.gz
Approx 65% complete for ERR950160_2.fastq.gz
Approx 70% complete for ERR950160_2.fastq.gz
Approx 75% complete for ERR950160_2.fastq.gz
Approx 80% complete for ERR950160_2.fastq.gz
Approx 85% complete for ERR950160_2.fastq.gz
Approx 90% complete for ERR950160_2.fastq.gz
Approx 95% complete for ERR950160_2.fastq.gz
Started analysis of ERR950161_1.fastq.gz
Approx 5% complete for ERR950161_1.fastq.gz
Approx 10% complete for ERR950161_1.fastq.gz
Approx 15% complete for ERR950161_1.fastq.gz
Approx 20% complete for ERR950161_1.fastq.gz
Approx 25% complete for ERR950161_1.fastq.gz
Approx 30% complete for ERR950161_1.fastq.gz
Approx 35% complete for ERR950161_1.fastq.gz
Approx 40% complete for ERR950161_1.fastq.gz
Approx 45% complete for ERR950161_1.fastq.gz
Approx 50% complete for ERR950161_1.fastq.gz
Approx 55% complete for ERR950161_1.fastq.gz
Approx 60% complete for ERR950161_1.fastq.gz
Approx 65% complete for ERR950161_1.fastq.gz
Approx 70% complete for ERR950161_1.fastq.gz
Approx 75% complete for ERR950161_1.fastq.gz
Approx 80% complete for ERR950161_1.fastq.gz
Approx 85% complete for ERR950161_1.fastq.gz
Approx 90% complete for ERR950161_1.fastq.gz
Approx 95% complete for ERR950161_1.fastq.gz
Started analysis of ERR950161_2.fastq.gz
Approx 5% complete for ERR950161_2.fastq.gz
Approx 10% complete for ERR950161_2.fastq.gz
Approx 15% complete for ERR950161_2.fastq.gz
Approx 20% complete for ERR950161_2.fastq.gz
Approx 25% complete for ERR950161_2.fastq.gz
Approx 30% complete for ERR950161_2.fastq.gz
Approx 35% complete for ERR950161_2.fastq.gz
Approx 40% complete for ERR950161_2.fastq.gz
Approx 45% complete for ERR950161_2.fastq.gz
Approx 50% complete for ERR950161_2.fastq.gz
Approx 55% complete for ERR950161_2.fastq.gz
Approx 60% complete for ERR950161_2.fastq.gz
Approx 65% complete for ERR950161_2.fastq.gz
Approx 70% complete for ERR950161_2.fastq.gz
Approx 75% complete for ERR950161_2.fastq.gz
Approx 80% complete for ERR950161_2.fastq.gz
Approx 85% complete for ERR950161_2.fastq.gz
Approx 90% complete for ERR950161_2.fastq.gz
Approx 95% complete for ERR950161_2.fastq.gz
Started analysis of ERR950162_1.fastq.gz
Approx 5% complete for ERR950162_1.fastq.gz
Approx 10% complete for ERR950162_1.fastq.gz
Approx 15% complete for ERR950162_1.fastq.gz
Approx 20% complete for ERR950162_1.fastq.gz
Approx 25% complete for ERR950162_1.fastq.gz
Approx 30% complete for ERR950162_1.fastq.gz
Approx 35% complete for ERR950162_1.fastq.gz
Approx 40% complete for ERR950162_1.fastq.gz
Approx 45% complete for ERR950162_1.fastq.gz
Approx 50% complete for ERR950162_1.fastq.gz
Approx 55% complete for ERR950162_1.fastq.gz
Approx 60% complete for ERR950162_1.fastq.gz
Approx 65% complete for ERR950162_1.fastq.gz
Approx 70% complete for ERR950162_1.fastq.gz
Approx 75% complete for ERR950162_1.fastq.gz
Approx 80% complete for ERR950162_1.fastq.gz
Approx 85% complete for ERR950162_1.fastq.gz
Approx 90% complete for ERR950162_1.fastq.gz
Approx 95% complete for ERR950162_1.fastq.gz
Started analysis of ERR950162_2.fastq.gz
Approx 5% complete for ERR950162_2.fastq.gz
Approx 10% complete for ERR950162_2.fastq.gz
Approx 15% complete for ERR950162_2.fastq.gz
Approx 20% complete for ERR950162_2.fastq.gz
Approx 25% complete for ERR950162_2.fastq.gz
Approx 30% complete for ERR950162_2.fastq.gz
Approx 35% complete for ERR950162_2.fastq.gz
Approx 40% complete for ERR950162_2.fastq.gz
Approx 45% complete for ERR950162_2.fastq.gz
Approx 50% complete for ERR950162_2.fastq.gz
Approx 55% complete for ERR950162_2.fastq.gz
Approx 60% complete for ERR950162_2.fastq.gz
Approx 65% complete for ERR950162_2.fastq.gz
Approx 70% complete for ERR950162_2.fastq.gz
Approx 75% complete for ERR950162_2.fastq.gz
Approx 80% complete for ERR950162_2.fastq.gz
Approx 85% complete for ERR950162_2.fastq.gz
Approx 90% complete for ERR950162_2.fastq.gz
Approx 95% complete for ERR950162_2.fastq.gz
Started analysis of ERR950163_1.fastq.gz
Approx 5% complete for ERR950163_1.fastq.gz
Approx 10% complete for ERR950163_1.fastq.gz
Approx 15% complete for ERR950163_1.fastq.gz
Approx 20% complete for ERR950163_1.fastq.gz
Approx 25% complete for ERR950163_1.fastq.gz
Approx 30% complete for ERR950163_1.fastq.gz
Approx 35% complete for ERR950163_1.fastq.gz
Approx 40% complete for ERR950163_1.fastq.gz
Approx 45% complete for ERR950163_1.fastq.gz
Approx 50% complete for ERR950163_1.fastq.gz
Approx 55% complete for ERR950163_1.fastq.gz
Approx 60% complete for ERR950163_1.fastq.gz
Approx 65% complete for ERR950163_1.fastq.gz
Approx 70% complete for ERR950163_1.fastq.gz
Approx 75% complete for ERR950163_1.fastq.gz
Approx 80% complete for ERR950163_1.fastq.gz
Approx 85% complete for ERR950163_1.fastq.gz
Approx 90% complete for ERR950163_1.fastq.gz
Approx 95% complete for ERR950163_1.fastq.gz
Started analysis of ERR950163_2.fastq.gz
Approx 5% complete for ERR950163_2.fastq.gz
Approx 10% complete for ERR950163_2.fastq.gz
Approx 15% complete for ERR950163_2.fastq.gz
Approx 20% complete for ERR950163_2.fastq.gz
Approx 25% complete for ERR950163_2.fastq.gz
Approx 30% complete for ERR950163_2.fastq.gz
Approx 35% complete for ERR950163_2.fastq.gz
Approx 40% complete for ERR950163_2.fastq.gz
Approx 45% complete for ERR950163_2.fastq.gz
Approx 50% complete for ERR950163_2.fastq.gz
Approx 55% complete for ERR950163_2.fastq.gz
Approx 60% complete for ERR950163_2.fastq.gz
Approx 65% complete for ERR950163_2.fastq.gz
Approx 70% complete for ERR950163_2.fastq.gz
Approx 75% complete for ERR950163_2.fastq.gz
Approx 80% complete for ERR950163_2.fastq.gz
Approx 85% complete for ERR950163_2.fastq.gz
Approx 90% complete for ERR950163_2.fastq.gz
Approx 95% complete for ERR950163_2.fastq.gz
Started analysis of ERR950177_1.fastq.gz
Approx 5% complete for ERR950177_1.fastq.gz
Approx 10% complete for ERR950177_1.fastq.gz
Approx 15% complete for ERR950177_1.fastq.gz
Approx 20% complete for ERR950177_1.fastq.gz
Approx 25% complete for ERR950177_1.fastq.gz
Approx 30% complete for ERR950177_1.fastq.gz
Approx 35% complete for ERR950177_1.fastq.gz
Approx 40% complete for ERR950177_1.fastq.gz
Approx 45% complete for ERR950177_1.fastq.gz
Approx 50% complete for ERR950177_1.fastq.gz
Approx 55% complete for ERR950177_1.fastq.gz
Approx 60% complete for ERR950177_1.fastq.gz
Approx 65% complete for ERR950177_1.fastq.gz
Approx 70% complete for ERR950177_1.fastq.gz
Approx 75% complete for ERR950177_1.fastq.gz
Approx 80% complete for ERR950177_1.fastq.gz
Approx 85% complete for ERR950177_1.fastq.gz
Approx 90% complete for ERR950177_1.fastq.gz
Approx 95% complete for ERR950177_1.fastq.gz
Started analysis of ERR950177_2.fastq.gz
Approx 5% complete for ERR950177_2.fastq.gz
Approx 10% complete for ERR950177_2.fastq.gz
Approx 15% complete for ERR950177_2.fastq.gz
Approx 20% complete for ERR950177_2.fastq.gz
Approx 25% complete for ERR950177_2.fastq.gz
Approx 30% complete for ERR950177_2.fastq.gz
Approx 35% complete for ERR950177_2.fastq.gz
Approx 40% complete for ERR950177_2.fastq.gz
Approx 45% complete for ERR950177_2.fastq.gz
Approx 50% complete for ERR950177_2.fastq.gz
Approx 55% complete for ERR950177_2.fastq.gz
Approx 60% complete for ERR950177_2.fastq.gz
Approx 65% complete for ERR950177_2.fastq.gz
Approx 70% complete for ERR950177_2.fastq.gz
Approx 75% complete for ERR950177_2.fastq.gz
Approx 80% complete for ERR950177_2.fastq.gz
Approx 85% complete for ERR950177_2.fastq.gz
Approx 90% complete for ERR950177_2.fastq.gz
Approx 95% complete for ERR950177_2.fastq.gz
Started analysis of ERR950178_1.fastq.gz
Approx 5% complete for ERR950178_1.fastq.gz
Approx 10% complete for ERR950178_1.fastq.gz
Approx 15% complete for ERR950178_1.fastq.gz
Approx 20% complete for ERR950178_1.fastq.gz
Approx 25% complete for ERR950178_1.fastq.gz
Approx 30% complete for ERR950178_1.fastq.gz
Approx 35% complete for ERR950178_1.fastq.gz
Approx 40% complete for ERR950178_1.fastq.gz
Approx 45% complete for ERR950178_1.fastq.gz
Approx 50% complete for ERR950178_1.fastq.gz
Approx 55% complete for ERR950178_1.fastq.gz
Approx 60% complete for ERR950178_1.fastq.gz
Approx 65% complete for ERR950178_1.fastq.gz
Approx 70% complete for ERR950178_1.fastq.gz
Approx 75% complete for ERR950178_1.fastq.gz
Approx 80% complete for ERR950178_1.fastq.gz
Approx 85% complete for ERR950178_1.fastq.gz
Approx 90% complete for ERR950178_1.fastq.gz
Approx 95% complete for ERR950178_1.fastq.gz
Started analysis of ERR950178_2.fastq.gz
Approx 5% complete for ERR950178_2.fastq.gz
Approx 10% complete for ERR950178_2.fastq.gz
Approx 15% complete for ERR950178_2.fastq.gz
Approx 20% complete for ERR950178_2.fastq.gz
Approx 25% complete for ERR950178_2.fastq.gz
Approx 30% complete for ERR950178_2.fastq.gz
Approx 35% complete for ERR950178_2.fastq.gz
Approx 40% complete for ERR950178_2.fastq.gz
Approx 45% complete for ERR950178_2.fastq.gz
Approx 50% complete for ERR950178_2.fastq.gz
Approx 55% complete for ERR950178_2.fastq.gz
Approx 60% complete for ERR950178_2.fastq.gz
Approx 65% complete for ERR950178_2.fastq.gz
Approx 70% complete for ERR950178_2.fastq.gz
Approx 75% complete for ERR950178_2.fastq.gz
Approx 80% complete for ERR950178_2.fastq.gz
Approx 85% complete for ERR950178_2.fastq.gz
Approx 90% complete for ERR950178_2.fastq.gz
Approx 95% complete for ERR950178_2.fastq.gz
Started analysis of ERR950179_1.fastq.gz
Approx 5% complete for ERR950179_1.fastq.gz
Approx 10% complete for ERR950179_1.fastq.gz
Approx 15% complete for ERR950179_1.fastq.gz
Approx 20% complete for ERR950179_1.fastq.gz
Approx 25% complete for ERR950179_1.fastq.gz
Approx 30% complete for ERR950179_1.fastq.gz
Approx 35% complete for ERR950179_1.fastq.gz
Approx 40% complete for ERR950179_1.fastq.gz
Approx 45% complete for ERR950179_1.fastq.gz
Approx 50% complete for ERR950179_1.fastq.gz
Approx 55% complete for ERR950179_1.fastq.gz
Approx 60% complete for ERR950179_1.fastq.gz
Approx 65% complete for ERR950179_1.fastq.gz
Approx 70% complete for ERR950179_1.fastq.gz
Approx 75% complete for ERR950179_1.fastq.gz
Approx 80% complete for ERR950179_1.fastq.gz
Approx 85% complete for ERR950179_1.fastq.gz
Approx 90% complete for ERR950179_1.fastq.gz
Approx 95% complete for ERR950179_1.fastq.gz
Started analysis of ERR950179_2.fastq.gz
Approx 5% complete for ERR950179_2.fastq.gz
Approx 10% complete for ERR950179_2.fastq.gz
Approx 15% complete for ERR950179_2.fastq.gz
Approx 20% complete for ERR950179_2.fastq.gz
Approx 25% complete for ERR950179_2.fastq.gz
Approx 30% complete for ERR950179_2.fastq.gz
Approx 35% complete for ERR950179_2.fastq.gz
Approx 40% complete for ERR950179_2.fastq.gz
Approx 45% complete for ERR950179_2.fastq.gz
Approx 50% complete for ERR950179_2.fastq.gz
Approx 55% complete for ERR950179_2.fastq.gz
Approx 60% complete for ERR950179_2.fastq.gz
Approx 65% complete for ERR950179_2.fastq.gz
Approx 70% complete for ERR950179_2.fastq.gz
Approx 75% complete for ERR950179_2.fastq.gz
Approx 80% complete for ERR950179_2.fastq.gz
Approx 85% complete for ERR950179_2.fastq.gz
Approx 90% complete for ERR950179_2.fastq.gz
Approx 95% complete for ERR950179_2.fastq.gz
Started analysis of ERR950180_1.fastq.gz
Approx 5% complete for ERR950180_1.fastq.gz
Approx 10% complete for ERR950180_1.fastq.gz
Approx 15% complete for ERR950180_1.fastq.gz
Approx 20% complete for ERR950180_1.fastq.gz
Approx 25% complete for ERR950180_1.fastq.gz
Approx 30% complete for ERR950180_1.fastq.gz
Approx 35% complete for ERR950180_1.fastq.gz
Approx 40% complete for ERR950180_1.fastq.gz
Approx 45% complete for ERR950180_1.fastq.gz
Approx 50% complete for ERR950180_1.fastq.gz
Approx 55% complete for ERR950180_1.fastq.gz
Approx 60% complete for ERR950180_1.fastq.gz
Approx 65% complete for ERR950180_1.fastq.gz
Approx 70% complete for ERR950180_1.fastq.gz
Approx 75% complete for ERR950180_1.fastq.gz
Approx 80% complete for ERR950180_1.fastq.gz
Approx 85% complete for ERR950180_1.fastq.gz
Approx 90% complete for ERR950180_1.fastq.gz
Approx 95% complete for ERR950180_1.fastq.gz
Started analysis of ERR950180_2.fastq.gz
Approx 5% complete for ERR950180_2.fastq.gz
Approx 10% complete for ERR950180_2.fastq.gz
Approx 15% complete for ERR950180_2.fastq.gz
Approx 20% complete for ERR950180_2.fastq.gz
Approx 25% complete for ERR950180_2.fastq.gz
Approx 30% complete for ERR950180_2.fastq.gz
Approx 35% complete for ERR950180_2.fastq.gz
Approx 40% complete for ERR950180_2.fastq.gz
Approx 45% complete for ERR950180_2.fastq.gz
Approx 50% complete for ERR950180_2.fastq.gz
Approx 55% complete for ERR950180_2.fastq.gz
Approx 60% complete for ERR950180_2.fastq.gz
Approx 65% complete for ERR950180_2.fastq.gz
Approx 70% complete for ERR950180_2.fastq.gz
Approx 75% complete for ERR950180_2.fastq.gz
Approx 80% complete for ERR950180_2.fastq.gz
Approx 85% complete for ERR950180_2.fastq.gz
Approx 90% complete for ERR950180_2.fastq.gz
Approx 95% complete for ERR950180_2.fastq.gz
Started analysis of ERR950181_1.fastq.gz
Approx 5% complete for ERR950181_1.fastq.gz
Approx 10% complete for ERR950181_1.fastq.gz
Approx 15% complete for ERR950181_1.fastq.gz
Approx 20% complete for ERR950181_1.fastq.gz
Approx 25% complete for ERR950181_1.fastq.gz
Approx 30% complete for ERR950181_1.fastq.gz
Approx 35% complete for ERR950181_1.fastq.gz
Approx 40% complete for ERR950181_1.fastq.gz
Approx 45% complete for ERR950181_1.fastq.gz
Approx 50% complete for ERR950181_1.fastq.gz
Approx 55% complete for ERR950181_1.fastq.gz
Approx 60% complete for ERR950181_1.fastq.gz
Approx 65% complete for ERR950181_1.fastq.gz
Approx 70% complete for ERR950181_1.fastq.gz
Approx 75% complete for ERR950181_1.fastq.gz
Approx 80% complete for ERR950181_1.fastq.gz
Approx 85% complete for ERR950181_1.fastq.gz
Approx 90% complete for ERR950181_1.fastq.gz
Approx 95% complete for ERR950181_1.fastq.gz
Started analysis of ERR950181_2.fastq.gz
Approx 5% complete for ERR950181_2.fastq.gz
Approx 10% complete for ERR950181_2.fastq.gz
Approx 15% complete for ERR950181_2.fastq.gz
Approx 20% complete for ERR950181_2.fastq.gz
Approx 25% complete for ERR950181_2.fastq.gz
Approx 30% complete for ERR950181_2.fastq.gz
Approx 35% complete for ERR950181_2.fastq.gz
Approx 40% complete for ERR950181_2.fastq.gz
Approx 45% complete for ERR950181_2.fastq.gz
Approx 50% complete for ERR950181_2.fastq.gz
Approx 55% complete for ERR950181_2.fastq.gz
Approx 60% complete for ERR950181_2.fastq.gz
Approx 65% complete for ERR950181_2.fastq.gz
Approx 70% complete for ERR950181_2.fastq.gz
Approx 75% complete for ERR950181_2.fastq.gz
Approx 80% complete for ERR950181_2.fastq.gz
Approx 85% complete for ERR950181_2.fastq.gz
Approx 90% complete for ERR950181_2.fastq.gz
Approx 95% complete for ERR950181_2.fastq.gz
Started analysis of ERR950182_1.fastq.gz
Approx 5% complete for ERR950182_1.fastq.gz
Approx 10% complete for ERR950182_1.fastq.gz
Approx 15% complete for ERR950182_1.fastq.gz
Approx 20% complete for ERR950182_1.fastq.gz
Approx 25% complete for ERR950182_1.fastq.gz
Approx 30% complete for ERR950182_1.fastq.gz
Approx 35% complete for ERR950182_1.fastq.gz
Approx 40% complete for ERR950182_1.fastq.gz
Approx 45% complete for ERR950182_1.fastq.gz
Approx 50% complete for ERR950182_1.fastq.gz
Approx 55% complete for ERR950182_1.fastq.gz
Approx 60% complete for ERR950182_1.fastq.gz
Approx 65% complete for ERR950182_1.fastq.gz
Approx 70% complete for ERR950182_1.fastq.gz
Approx 75% complete for ERR950182_1.fastq.gz
Approx 80% complete for ERR950182_1.fastq.gz
Approx 85% complete for ERR950182_1.fastq.gz
Approx 90% complete for ERR950182_1.fastq.gz
Approx 95% complete for ERR950182_1.fastq.gz
Started analysis of ERR950182_2.fastq.gz
Approx 5% complete for ERR950182_2.fastq.gz
Approx 10% complete for ERR950182_2.fastq.gz
Approx 15% complete for ERR950182_2.fastq.gz
Approx 20% complete for ERR950182_2.fastq.gz
Approx 25% complete for ERR950182_2.fastq.gz
Approx 30% complete for ERR950182_2.fastq.gz
Approx 35% complete for ERR950182_2.fastq.gz
Approx 40% complete for ERR950182_2.fastq.gz
Approx 45% complete for ERR950182_2.fastq.gz
Approx 50% complete for ERR950182_2.fastq.gz
Approx 55% complete for ERR950182_2.fastq.gz
Approx 60% complete for ERR950182_2.fastq.gz
Approx 65% complete for ERR950182_2.fastq.gz
Approx 70% complete for ERR950182_2.fastq.gz
Approx 75% complete for ERR950182_2.fastq.gz
Approx 80% complete for ERR950182_2.fastq.gz
Approx 85% complete for ERR950182_2.fastq.gz
Approx 90% complete for ERR950182_2.fastq.gz
Approx 95% complete for ERR950182_2.fastq.gz
Started analysis of ERR950186_1.fastq.gz
Approx 5% complete for ERR950186_1.fastq.gz
Approx 10% complete for ERR950186_1.fastq.gz
Approx 15% complete for ERR950186_1.fastq.gz
Approx 20% complete for ERR950186_1.fastq.gz
Approx 25% complete for ERR950186_1.fastq.gz
Approx 30% complete for ERR950186_1.fastq.gz
Approx 35% complete for ERR950186_1.fastq.gz
Approx 40% complete for ERR950186_1.fastq.gz
Approx 45% complete for ERR950186_1.fastq.gz
Approx 50% complete for ERR950186_1.fastq.gz
Approx 55% complete for ERR950186_1.fastq.gz
Approx 60% complete for ERR950186_1.fastq.gz
Approx 65% complete for ERR950186_1.fastq.gz
Approx 70% complete for ERR950186_1.fastq.gz
Approx 75% complete for ERR950186_1.fastq.gz
Approx 80% complete for ERR950186_1.fastq.gz
Approx 85% complete for ERR950186_1.fastq.gz
Approx 90% complete for ERR950186_1.fastq.gz
Approx 95% complete for ERR950186_1.fastq.gz
Started analysis of ERR950186_2.fastq.gz
Approx 5% complete for ERR950186_2.fastq.gz
Approx 10% complete for ERR950186_2.fastq.gz
Approx 15% complete for ERR950186_2.fastq.gz
Approx 20% complete for ERR950186_2.fastq.gz
Approx 25% complete for ERR950186_2.fastq.gz
Approx 30% complete for ERR950186_2.fastq.gz
Approx 35% complete for ERR950186_2.fastq.gz
Approx 40% complete for ERR950186_2.fastq.gz
Approx 45% complete for ERR950186_2.fastq.gz
Approx 50% complete for ERR950186_2.fastq.gz
Approx 55% complete for ERR950186_2.fastq.gz
Approx 60% complete for ERR950186_2.fastq.gz
Approx 65% complete for ERR950186_2.fastq.gz
Approx 70% complete for ERR950186_2.fastq.gz
Approx 75% complete for ERR950186_2.fastq.gz
Approx 80% complete for ERR950186_2.fastq.gz
Approx 85% complete for ERR950186_2.fastq.gz
Approx 90% complete for ERR950186_2.fastq.gz
Approx 95% complete for ERR950186_2.fastq.gz
Started analysis of ERR950187_1.fastq.gz
Approx 5% complete for ERR950187_1.fastq.gz
Approx 10% complete for ERR950187_1.fastq.gz
Approx 15% complete for ERR950187_1.fastq.gz
Approx 20% complete for ERR950187_1.fastq.gz
Approx 25% complete for ERR950187_1.fastq.gz
Approx 30% complete for ERR950187_1.fastq.gz
Approx 35% complete for ERR950187_1.fastq.gz
Approx 40% complete for ERR950187_1.fastq.gz
Approx 45% complete for ERR950187_1.fastq.gz
Approx 50% complete for ERR950187_1.fastq.gz
Approx 55% complete for ERR950187_1.fastq.gz
Approx 60% complete for ERR950187_1.fastq.gz
Approx 65% complete for ERR950187_1.fastq.gz
Approx 70% complete for ERR950187_1.fastq.gz
Approx 75% complete for ERR950187_1.fastq.gz
Approx 80% complete for ERR950187_1.fastq.gz
Approx 85% complete for ERR950187_1.fastq.gz
Approx 90% complete for ERR950187_1.fastq.gz
Approx 95% complete for ERR950187_1.fastq.gz
Approx 100% complete for ERR950187_1.fastq.gz
Started analysis of ERR950187_2.fastq.gz
Approx 5% complete for ERR950187_2.fastq.gz
Approx 10% complete for ERR950187_2.fastq.gz
Approx 15% complete for ERR950187_2.fastq.gz
Approx 20% complete for ERR950187_2.fastq.gz
Approx 25% complete for ERR950187_2.fastq.gz
Approx 30% complete for ERR950187_2.fastq.gz
Approx 35% complete for ERR950187_2.fastq.gz
Approx 40% complete for ERR950187_2.fastq.gz
Approx 45% complete for ERR950187_2.fastq.gz
Approx 50% complete for ERR950187_2.fastq.gz
Approx 55% complete for ERR950187_2.fastq.gz
Approx 60% complete for ERR950187_2.fastq.gz
Approx 65% complete for ERR950187_2.fastq.gz
Approx 70% complete for ERR950187_2.fastq.gz
Approx 75% complete for ERR950187_2.fastq.gz
Approx 80% complete for ERR950187_2.fastq.gz
Approx 85% complete for ERR950187_2.fastq.gz
Approx 90% complete for ERR950187_2.fastq.gz
Approx 95% complete for ERR950187_2.fastq.gz
Approx 100% complete for ERR950187_2.fastq.gz

/// MultiQC 🔍 v1.27.1

       file_search | Search path: /cephyr/NOBACKUP/groups/bbt045_2025/groups/group_Bjork/data/rawdata_RNA-seq/fastqc_rawdata

            fastqc | Found 28 reports

     write_results | Data        : multiqc_data
     write_results | Report      : multiqc_report.html
           multiqc | MultiQC complete
Started analysis of ERR950158_trimmed_1.fastq.gz
Approx 5% complete for ERR950158_trimmed_1.fastq.gz
Approx 10% complete for ERR950158_trimmed_1.fastq.gz
Approx 15% complete for ERR950158_trimmed_1.fastq.gz
Approx 20% complete for ERR950158_trimmed_1.fastq.gz
Approx 25% complete for ERR950158_trimmed_1.fastq.gz
Approx 30% complete for ERR950158_trimmed_1.fastq.gz
Approx 35% complete for ERR950158_trimmed_1.fastq.gz
Approx 40% complete for ERR950158_trimmed_1.fastq.gz
Approx 45% complete for ERR950158_trimmed_1.fastq.gz
Approx 50% complete for ERR950158_trimmed_1.fastq.gz
Approx 55% complete for ERR950158_trimmed_1.fastq.gz
Approx 60% complete for ERR950158_trimmed_1.fastq.gz
Approx 65% complete for ERR950158_trimmed_1.fastq.gz
Approx 70% complete for ERR950158_trimmed_1.fastq.gz
Approx 75% complete for ERR950158_trimmed_1.fastq.gz
Approx 80% complete for ERR950158_trimmed_1.fastq.gz
Approx 85% complete for ERR950158_trimmed_1.fastq.gz
Approx 90% complete for ERR950158_trimmed_1.fastq.gz
Approx 95% complete for ERR950158_trimmed_1.fastq.gz
Started analysis of ERR950158_trimmed_2.fastq.gz
Approx 5% complete for ERR950158_trimmed_2.fastq.gz
Approx 10% complete for ERR950158_trimmed_2.fastq.gz
Approx 15% complete for ERR950158_trimmed_2.fastq.gz
Approx 20% complete for ERR950158_trimmed_2.fastq.gz
Approx 25% complete for ERR950158_trimmed_2.fastq.gz
Approx 30% complete for ERR950158_trimmed_2.fastq.gz
Approx 35% complete for ERR950158_trimmed_2.fastq.gz
Approx 40% complete for ERR950158_trimmed_2.fastq.gz
Approx 45% complete for ERR950158_trimmed_2.fastq.gz
Approx 50% complete for ERR950158_trimmed_2.fastq.gz
Approx 55% complete for ERR950158_trimmed_2.fastq.gz
Approx 60% complete for ERR950158_trimmed_2.fastq.gz
Approx 65% complete for ERR950158_trimmed_2.fastq.gz
Approx 70% complete for ERR950158_trimmed_2.fastq.gz
Approx 75% complete for ERR950158_trimmed_2.fastq.gz
Approx 80% complete for ERR950158_trimmed_2.fastq.gz
Approx 85% complete for ERR950158_trimmed_2.fastq.gz
Approx 90% complete for ERR950158_trimmed_2.fastq.gz
Approx 95% complete for ERR950158_trimmed_2.fastq.gz
Started analysis of ERR950159_trimmed_1.fastq.gz
Approx 5% complete for ERR950159_trimmed_1.fastq.gz
Approx 10% complete for ERR950159_trimmed_1.fastq.gz
Approx 15% complete for ERR950159_trimmed_1.fastq.gz
Approx 20% complete for ERR950159_trimmed_1.fastq.gz
Approx 25% complete for ERR950159_trimmed_1.fastq.gz
Approx 30% complete for ERR950159_trimmed_1.fastq.gz
Approx 35% complete for ERR950159_trimmed_1.fastq.gz
Approx 40% complete for ERR950159_trimmed_1.fastq.gz
Approx 45% complete for ERR950159_trimmed_1.fastq.gz
Approx 50% complete for ERR950159_trimmed_1.fastq.gz
Approx 55% complete for ERR950159_trimmed_1.fastq.gz
Approx 60% complete for ERR950159_trimmed_1.fastq.gz
Approx 65% complete for ERR950159_trimmed_1.fastq.gz
Approx 70% complete for ERR950159_trimmed_1.fastq.gz
Approx 75% complete for ERR950159_trimmed_1.fastq.gz
Approx 80% complete for ERR950159_trimmed_1.fastq.gz
Approx 85% complete for ERR950159_trimmed_1.fastq.gz
Approx 90% complete for ERR950159_trimmed_1.fastq.gz
Approx 95% complete for ERR950159_trimmed_1.fastq.gz
Started analysis of ERR950159_trimmed_2.fastq.gz
Approx 5% complete for ERR950159_trimmed_2.fastq.gz
Approx 10% complete for ERR950159_trimmed_2.fastq.gz
Approx 15% complete for ERR950159_trimmed_2.fastq.gz
Approx 20% complete for ERR950159_trimmed_2.fastq.gz
Approx 25% complete for ERR950159_trimmed_2.fastq.gz
Approx 30% complete for ERR950159_trimmed_2.fastq.gz
Approx 35% complete for ERR950159_trimmed_2.fastq.gz
Approx 40% complete for ERR950159_trimmed_2.fastq.gz
Approx 45% complete for ERR950159_trimmed_2.fastq.gz
Approx 50% complete for ERR950159_trimmed_2.fastq.gz
Approx 55% complete for ERR950159_trimmed_2.fastq.gz
Approx 60% complete for ERR950159_trimmed_2.fastq.gz
Approx 65% complete for ERR950159_trimmed_2.fastq.gz
Approx 70% complete for ERR950159_trimmed_2.fastq.gz
Approx 75% complete for ERR950159_trimmed_2.fastq.gz
Approx 80% complete for ERR950159_trimmed_2.fastq.gz
Approx 85% complete for ERR950159_trimmed_2.fastq.gz
Approx 90% complete for ERR950159_trimmed_2.fastq.gz
Approx 95% complete for ERR950159_trimmed_2.fastq.gz
Started analysis of ERR950160_trimmed_1.fastq.gz
Approx 5% complete for ERR950160_trimmed_1.fastq.gz
Approx 10% complete for ERR950160_trimmed_1.fastq.gz
Approx 15% complete for ERR950160_trimmed_1.fastq.gz
Approx 20% complete for ERR950160_trimmed_1.fastq.gz
Approx 25% complete for ERR950160_trimmed_1.fastq.gz
Approx 30% complete for ERR950160_trimmed_1.fastq.gz
Approx 35% complete for ERR950160_trimmed_1.fastq.gz
Approx 40% complete for ERR950160_trimmed_1.fastq.gz
Approx 45% complete for ERR950160_trimmed_1.fastq.gz
Approx 50% complete for ERR950160_trimmed_1.fastq.gz
Approx 55% complete for ERR950160_trimmed_1.fastq.gz
Approx 60% complete for ERR950160_trimmed_1.fastq.gz
Approx 65% complete for ERR950160_trimmed_1.fastq.gz
Approx 70% complete for ERR950160_trimmed_1.fastq.gz
Approx 75% complete for ERR950160_trimmed_1.fastq.gz
Approx 80% complete for ERR950160_trimmed_1.fastq.gz
Approx 85% complete for ERR950160_trimmed_1.fastq.gz
Approx 90% complete for ERR950160_trimmed_1.fastq.gz
Approx 95% complete for ERR950160_trimmed_1.fastq.gz
Started analysis of ERR950160_trimmed_2.fastq.gz
Approx 5% complete for ERR950160_trimmed_2.fastq.gz
Approx 10% complete for ERR950160_trimmed_2.fastq.gz
Approx 15% complete for ERR950160_trimmed_2.fastq.gz
Approx 20% complete for ERR950160_trimmed_2.fastq.gz
Approx 25% complete for ERR950160_trimmed_2.fastq.gz
Approx 30% complete for ERR950160_trimmed_2.fastq.gz
Approx 35% complete for ERR950160_trimmed_2.fastq.gz
Approx 40% complete for ERR950160_trimmed_2.fastq.gz
Approx 45% complete for ERR950160_trimmed_2.fastq.gz
Approx 50% complete for ERR950160_trimmed_2.fastq.gz
Approx 55% complete for ERR950160_trimmed_2.fastq.gz
Approx 60% complete for ERR950160_trimmed_2.fastq.gz
Approx 65% complete for ERR950160_trimmed_2.fastq.gz
Approx 70% complete for ERR950160_trimmed_2.fastq.gz
Approx 75% complete for ERR950160_trimmed_2.fastq.gz
Approx 80% complete for ERR950160_trimmed_2.fastq.gz
Approx 85% complete for ERR950160_trimmed_2.fastq.gz
Approx 90% complete for ERR950160_trimmed_2.fastq.gz
Approx 95% complete for ERR950160_trimmed_2.fastq.gz
Started analysis of ERR950161_trimmed_1.fastq.gz
Approx 5% complete for ERR950161_trimmed_1.fastq.gz
Approx 10% complete for ERR950161_trimmed_1.fastq.gz
Approx 15% complete for ERR950161_trimmed_1.fastq.gz
Approx 20% complete for ERR950161_trimmed_1.fastq.gz
Approx 25% complete for ERR950161_trimmed_1.fastq.gz
Approx 30% complete for ERR950161_trimmed_1.fastq.gz
Approx 35% complete for ERR950161_trimmed_1.fastq.gz
Approx 40% complete for ERR950161_trimmed_1.fastq.gz
Approx 45% complete for ERR950161_trimmed_1.fastq.gz
Approx 50% complete for ERR950161_trimmed_1.fastq.gz
Approx 55% complete for ERR950161_trimmed_1.fastq.gz
Approx 60% complete for ERR950161_trimmed_1.fastq.gz
Approx 65% complete for ERR950161_trimmed_1.fastq.gz
Approx 70% complete for ERR950161_trimmed_1.fastq.gz
Approx 75% complete for ERR950161_trimmed_1.fastq.gz
Approx 80% complete for ERR950161_trimmed_1.fastq.gz
Approx 85% complete for ERR950161_trimmed_1.fastq.gz
Approx 90% complete for ERR950161_trimmed_1.fastq.gz
Approx 95% complete for ERR950161_trimmed_1.fastq.gz
Started analysis of ERR950161_trimmed_2.fastq.gz
Approx 5% complete for ERR950161_trimmed_2.fastq.gz
Approx 10% complete for ERR950161_trimmed_2.fastq.gz
Approx 15% complete for ERR950161_trimmed_2.fastq.gz
Approx 20% complete for ERR950161_trimmed_2.fastq.gz
Approx 25% complete for ERR950161_trimmed_2.fastq.gz
Approx 30% complete for ERR950161_trimmed_2.fastq.gz
Approx 35% complete for ERR950161_trimmed_2.fastq.gz
Approx 40% complete for ERR950161_trimmed_2.fastq.gz
Approx 45% complete for ERR950161_trimmed_2.fastq.gz
Approx 50% complete for ERR950161_trimmed_2.fastq.gz
Approx 55% complete for ERR950161_trimmed_2.fastq.gz
Approx 60% complete for ERR950161_trimmed_2.fastq.gz
Approx 65% complete for ERR950161_trimmed_2.fastq.gz
Approx 70% complete for ERR950161_trimmed_2.fastq.gz
Approx 75% complete for ERR950161_trimmed_2.fastq.gz
Approx 80% complete for ERR950161_trimmed_2.fastq.gz
Approx 85% complete for ERR950161_trimmed_2.fastq.gz
Approx 90% complete for ERR950161_trimmed_2.fastq.gz
Approx 95% complete for ERR950161_trimmed_2.fastq.gz
Started analysis of ERR950162_trimmed_1.fastq.gz
Approx 5% complete for ERR950162_trimmed_1.fastq.gz
Approx 10% complete for ERR950162_trimmed_1.fastq.gz
Approx 15% complete for ERR950162_trimmed_1.fastq.gz
Approx 20% complete for ERR950162_trimmed_1.fastq.gz
Approx 25% complete for ERR950162_trimmed_1.fastq.gz
Approx 30% complete for ERR950162_trimmed_1.fastq.gz
Approx 35% complete for ERR950162_trimmed_1.fastq.gz
Approx 40% complete for ERR950162_trimmed_1.fastq.gz
Approx 45% complete for ERR950162_trimmed_1.fastq.gz
Approx 50% complete for ERR950162_trimmed_1.fastq.gz
Approx 55% complete for ERR950162_trimmed_1.fastq.gz
Approx 60% complete for ERR950162_trimmed_1.fastq.gz
Approx 65% complete for ERR950162_trimmed_1.fastq.gz
Approx 70% complete for ERR950162_trimmed_1.fastq.gz
Approx 75% complete for ERR950162_trimmed_1.fastq.gz
Approx 80% complete for ERR950162_trimmed_1.fastq.gz
Approx 85% complete for ERR950162_trimmed_1.fastq.gz
Approx 90% complete for ERR950162_trimmed_1.fastq.gz
Approx 95% complete for ERR950162_trimmed_1.fastq.gz
Started analysis of ERR950162_trimmed_2.fastq.gz
Approx 5% complete for ERR950162_trimmed_2.fastq.gz
Approx 10% complete for ERR950162_trimmed_2.fastq.gz
Approx 15% complete for ERR950162_trimmed_2.fastq.gz
Approx 20% complete for ERR950162_trimmed_2.fastq.gz
Approx 25% complete for ERR950162_trimmed_2.fastq.gz
Approx 30% complete for ERR950162_trimmed_2.fastq.gz
Approx 35% complete for ERR950162_trimmed_2.fastq.gz
Approx 40% complete for ERR950162_trimmed_2.fastq.gz
Approx 45% complete for ERR950162_trimmed_2.fastq.gz
Approx 50% complete for ERR950162_trimmed_2.fastq.gz
Approx 55% complete for ERR950162_trimmed_2.fastq.gz
Approx 60% complete for ERR950162_trimmed_2.fastq.gz
Approx 65% complete for ERR950162_trimmed_2.fastq.gz
Approx 70% complete for ERR950162_trimmed_2.fastq.gz
Approx 75% complete for ERR950162_trimmed_2.fastq.gz
Approx 80% complete for ERR950162_trimmed_2.fastq.gz
Approx 85% complete for ERR950162_trimmed_2.fastq.gz
Approx 90% complete for ERR950162_trimmed_2.fastq.gz
Approx 95% complete for ERR950162_trimmed_2.fastq.gz
Started analysis of ERR950163_trimmed_1.fastq.gz
Approx 5% complete for ERR950163_trimmed_1.fastq.gz
Approx 10% complete for ERR950163_trimmed_1.fastq.gz
Approx 15% complete for ERR950163_trimmed_1.fastq.gz
Approx 20% complete for ERR950163_trimmed_1.fastq.gz
Approx 25% complete for ERR950163_trimmed_1.fastq.gz
Approx 30% complete for ERR950163_trimmed_1.fastq.gz
Approx 35% complete for ERR950163_trimmed_1.fastq.gz
Approx 40% complete for ERR950163_trimmed_1.fastq.gz
Approx 45% complete for ERR950163_trimmed_1.fastq.gz
Approx 50% complete for ERR950163_trimmed_1.fastq.gz
Approx 55% complete for ERR950163_trimmed_1.fastq.gz
Approx 60% complete for ERR950163_trimmed_1.fastq.gz
Approx 65% complete for ERR950163_trimmed_1.fastq.gz
Approx 70% complete for ERR950163_trimmed_1.fastq.gz
Approx 75% complete for ERR950163_trimmed_1.fastq.gz
Approx 80% complete for ERR950163_trimmed_1.fastq.gz
Approx 85% complete for ERR950163_trimmed_1.fastq.gz
Approx 90% complete for ERR950163_trimmed_1.fastq.gz
Approx 95% complete for ERR950163_trimmed_1.fastq.gz
Started analysis of ERR950163_trimmed_2.fastq.gz
Approx 5% complete for ERR950163_trimmed_2.fastq.gz
Approx 10% complete for ERR950163_trimmed_2.fastq.gz
Approx 15% complete for ERR950163_trimmed_2.fastq.gz
Approx 20% complete for ERR950163_trimmed_2.fastq.gz
Approx 25% complete for ERR950163_trimmed_2.fastq.gz
Approx 30% complete for ERR950163_trimmed_2.fastq.gz
Approx 35% complete for ERR950163_trimmed_2.fastq.gz
Approx 40% complete for ERR950163_trimmed_2.fastq.gz
Approx 45% complete for ERR950163_trimmed_2.fastq.gz
Approx 50% complete for ERR950163_trimmed_2.fastq.gz
Approx 55% complete for ERR950163_trimmed_2.fastq.gz
Approx 60% complete for ERR950163_trimmed_2.fastq.gz
Approx 65% complete for ERR950163_trimmed_2.fastq.gz
Approx 70% complete for ERR950163_trimmed_2.fastq.gz
Approx 75% complete for ERR950163_trimmed_2.fastq.gz
Approx 80% complete for ERR950163_trimmed_2.fastq.gz
Approx 85% complete for ERR950163_trimmed_2.fastq.gz
Approx 90% complete for ERR950163_trimmed_2.fastq.gz
Approx 95% complete for ERR950163_trimmed_2.fastq.gz
Started analysis of ERR950177_trimmed_1.fastq.gz
Approx 5% complete for ERR950177_trimmed_1.fastq.gz
Approx 10% complete for ERR950177_trimmed_1.fastq.gz
Approx 15% complete for ERR950177_trimmed_1.fastq.gz
Approx 20% complete for ERR950177_trimmed_1.fastq.gz
Approx 25% complete for ERR950177_trimmed_1.fastq.gz
Approx 30% complete for ERR950177_trimmed_1.fastq.gz
Approx 35% complete for ERR950177_trimmed_1.fastq.gz
Approx 40% complete for ERR950177_trimmed_1.fastq.gz
Approx 45% complete for ERR950177_trimmed_1.fastq.gz
Approx 50% complete for ERR950177_trimmed_1.fastq.gz
Approx 55% complete for ERR950177_trimmed_1.fastq.gz
Approx 60% complete for ERR950177_trimmed_1.fastq.gz
Approx 65% complete for ERR950177_trimmed_1.fastq.gz
Approx 70% complete for ERR950177_trimmed_1.fastq.gz
Approx 75% complete for ERR950177_trimmed_1.fastq.gz
Approx 80% complete for ERR950177_trimmed_1.fastq.gz
Approx 85% complete for ERR950177_trimmed_1.fastq.gz
Approx 90% complete for ERR950177_trimmed_1.fastq.gz
Approx 95% complete for ERR950177_trimmed_1.fastq.gz
Started analysis of ERR950177_trimmed_2.fastq.gz
Approx 5% complete for ERR950177_trimmed_2.fastq.gz
Approx 10% complete for ERR950177_trimmed_2.fastq.gz
Approx 15% complete for ERR950177_trimmed_2.fastq.gz
Approx 20% complete for ERR950177_trimmed_2.fastq.gz
Approx 25% complete for ERR950177_trimmed_2.fastq.gz
Approx 30% complete for ERR950177_trimmed_2.fastq.gz
Approx 35% complete for ERR950177_trimmed_2.fastq.gz
Approx 40% complete for ERR950177_trimmed_2.fastq.gz
Approx 45% complete for ERR950177_trimmed_2.fastq.gz
Approx 50% complete for ERR950177_trimmed_2.fastq.gz
Approx 55% complete for ERR950177_trimmed_2.fastq.gz
Approx 60% complete for ERR950177_trimmed_2.fastq.gz
Approx 65% complete for ERR950177_trimmed_2.fastq.gz
Approx 70% complete for ERR950177_trimmed_2.fastq.gz
Approx 75% complete for ERR950177_trimmed_2.fastq.gz
Approx 80% complete for ERR950177_trimmed_2.fastq.gz
Approx 85% complete for ERR950177_trimmed_2.fastq.gz
Approx 90% complete for ERR950177_trimmed_2.fastq.gz
Approx 95% complete for ERR950177_trimmed_2.fastq.gz
Started analysis of ERR950178_trimmed_1.fastq.gz
Approx 5% complete for ERR950178_trimmed_1.fastq.gz
Approx 10% complete for ERR950178_trimmed_1.fastq.gz
Approx 15% complete for ERR950178_trimmed_1.fastq.gz
Approx 20% complete for ERR950178_trimmed_1.fastq.gz
Approx 25% complete for ERR950178_trimmed_1.fastq.gz
Approx 30% complete for ERR950178_trimmed_1.fastq.gz
Approx 35% complete for ERR950178_trimmed_1.fastq.gz
Approx 40% complete for ERR950178_trimmed_1.fastq.gz
Approx 45% complete for ERR950178_trimmed_1.fastq.gz
Approx 50% complete for ERR950178_trimmed_1.fastq.gz
Approx 55% complete for ERR950178_trimmed_1.fastq.gz
Approx 60% complete for ERR950178_trimmed_1.fastq.gz
Approx 65% complete for ERR950178_trimmed_1.fastq.gz
Approx 70% complete for ERR950178_trimmed_1.fastq.gz
Approx 75% complete for ERR950178_trimmed_1.fastq.gz
Approx 80% complete for ERR950178_trimmed_1.fastq.gz
Approx 85% complete for ERR950178_trimmed_1.fastq.gz
Approx 90% complete for ERR950178_trimmed_1.fastq.gz
Approx 95% complete for ERR950178_trimmed_1.fastq.gz
Started analysis of ERR950178_trimmed_2.fastq.gz
Approx 5% complete for ERR950178_trimmed_2.fastq.gz
Approx 10% complete for ERR950178_trimmed_2.fastq.gz
Approx 15% complete for ERR950178_trimmed_2.fastq.gz
Approx 20% complete for ERR950178_trimmed_2.fastq.gz
Approx 25% complete for ERR950178_trimmed_2.fastq.gz
Approx 30% complete for ERR950178_trimmed_2.fastq.gz
Approx 35% complete for ERR950178_trimmed_2.fastq.gz
Approx 40% complete for ERR950178_trimmed_2.fastq.gz
Approx 45% complete for ERR950178_trimmed_2.fastq.gz
Approx 50% complete for ERR950178_trimmed_2.fastq.gz
Approx 55% complete for ERR950178_trimmed_2.fastq.gz
Approx 60% complete for ERR950178_trimmed_2.fastq.gz
Approx 65% complete for ERR950178_trimmed_2.fastq.gz
Approx 70% complete for ERR950178_trimmed_2.fastq.gz
Approx 75% complete for ERR950178_trimmed_2.fastq.gz
Approx 80% complete for ERR950178_trimmed_2.fastq.gz
Approx 85% complete for ERR950178_trimmed_2.fastq.gz
Approx 90% complete for ERR950178_trimmed_2.fastq.gz
Approx 95% complete for ERR950178_trimmed_2.fastq.gz
Started analysis of ERR950179_trimmed_1.fastq.gz
Approx 5% complete for ERR950179_trimmed_1.fastq.gz
Approx 10% complete for ERR950179_trimmed_1.fastq.gz
Approx 15% complete for ERR950179_trimmed_1.fastq.gz
Approx 20% complete for ERR950179_trimmed_1.fastq.gz
Approx 25% complete for ERR950179_trimmed_1.fastq.gz
Approx 30% complete for ERR950179_trimmed_1.fastq.gz
Approx 35% complete for ERR950179_trimmed_1.fastq.gz
Approx 40% complete for ERR950179_trimmed_1.fastq.gz
Approx 45% complete for ERR950179_trimmed_1.fastq.gz
Approx 50% complete for ERR950179_trimmed_1.fastq.gz
Approx 55% complete for ERR950179_trimmed_1.fastq.gz
Approx 60% complete for ERR950179_trimmed_1.fastq.gz
Approx 65% complete for ERR950179_trimmed_1.fastq.gz
Approx 70% complete for ERR950179_trimmed_1.fastq.gz
Approx 75% complete for ERR950179_trimmed_1.fastq.gz
Approx 80% complete for ERR950179_trimmed_1.fastq.gz
Approx 85% complete for ERR950179_trimmed_1.fastq.gz
Approx 90% complete for ERR950179_trimmed_1.fastq.gz
Approx 95% complete for ERR950179_trimmed_1.fastq.gz
Started analysis of ERR950179_trimmed_2.fastq.gz
Approx 5% complete for ERR950179_trimmed_2.fastq.gz
Approx 10% complete for ERR950179_trimmed_2.fastq.gz
Approx 15% complete for ERR950179_trimmed_2.fastq.gz
Approx 20% complete for ERR950179_trimmed_2.fastq.gz
Approx 25% complete for ERR950179_trimmed_2.fastq.gz
Approx 30% complete for ERR950179_trimmed_2.fastq.gz
Approx 35% complete for ERR950179_trimmed_2.fastq.gz
Approx 40% complete for ERR950179_trimmed_2.fastq.gz
Approx 45% complete for ERR950179_trimmed_2.fastq.gz
Approx 50% complete for ERR950179_trimmed_2.fastq.gz
Approx 55% complete for ERR950179_trimmed_2.fastq.gz
Approx 60% complete for ERR950179_trimmed_2.fastq.gz
Approx 65% complete for ERR950179_trimmed_2.fastq.gz
Approx 70% complete for ERR950179_trimmed_2.fastq.gz
Approx 75% complete for ERR950179_trimmed_2.fastq.gz
Approx 80% complete for ERR950179_trimmed_2.fastq.gz
Approx 85% complete for ERR950179_trimmed_2.fastq.gz
Approx 90% complete for ERR950179_trimmed_2.fastq.gz
Approx 95% complete for ERR950179_trimmed_2.fastq.gz
Started analysis of ERR950180_trimmed_1.fastq.gz
Approx 5% complete for ERR950180_trimmed_1.fastq.gz
Approx 10% complete for ERR950180_trimmed_1.fastq.gz
Approx 15% complete for ERR950180_trimmed_1.fastq.gz
Approx 20% complete for ERR950180_trimmed_1.fastq.gz
Approx 25% complete for ERR950180_trimmed_1.fastq.gz
Approx 30% complete for ERR950180_trimmed_1.fastq.gz
Approx 35% complete for ERR950180_trimmed_1.fastq.gz
Approx 40% complete for ERR950180_trimmed_1.fastq.gz
Approx 45% complete for ERR950180_trimmed_1.fastq.gz
Approx 50% complete for ERR950180_trimmed_1.fastq.gz
Approx 55% complete for ERR950180_trimmed_1.fastq.gz
Approx 60% complete for ERR950180_trimmed_1.fastq.gz
Approx 65% complete for ERR950180_trimmed_1.fastq.gz
Approx 70% complete for ERR950180_trimmed_1.fastq.gz
Approx 75% complete for ERR950180_trimmed_1.fastq.gz
Approx 80% complete for ERR950180_trimmed_1.fastq.gz
Approx 85% complete for ERR950180_trimmed_1.fastq.gz
Approx 90% complete for ERR950180_trimmed_1.fastq.gz
Approx 95% complete for ERR950180_trimmed_1.fastq.gz
Started analysis of ERR950180_trimmed_2.fastq.gz
Approx 5% complete for ERR950180_trimmed_2.fastq.gz
Approx 10% complete for ERR950180_trimmed_2.fastq.gz
Approx 15% complete for ERR950180_trimmed_2.fastq.gz
Approx 20% complete for ERR950180_trimmed_2.fastq.gz
Approx 25% complete for ERR950180_trimmed_2.fastq.gz
Approx 30% complete for ERR950180_trimmed_2.fastq.gz
Approx 35% complete for ERR950180_trimmed_2.fastq.gz
Approx 40% complete for ERR950180_trimmed_2.fastq.gz
Approx 45% complete for ERR950180_trimmed_2.fastq.gz
Approx 50% complete for ERR950180_trimmed_2.fastq.gz
Approx 55% complete for ERR950180_trimmed_2.fastq.gz
Approx 60% complete for ERR950180_trimmed_2.fastq.gz
Approx 65% complete for ERR950180_trimmed_2.fastq.gz
Approx 70% complete for ERR950180_trimmed_2.fastq.gz
Approx 75% complete for ERR950180_trimmed_2.fastq.gz
Approx 80% complete for ERR950180_trimmed_2.fastq.gz
Approx 85% complete for ERR950180_trimmed_2.fastq.gz
Approx 90% complete for ERR950180_trimmed_2.fastq.gz
Approx 95% complete for ERR950180_trimmed_2.fastq.gz
Started analysis of ERR950181_trimmed_1.fastq.gz
Approx 5% complete for ERR950181_trimmed_1.fastq.gz
Approx 10% complete for ERR950181_trimmed_1.fastq.gz
Approx 15% complete for ERR950181_trimmed_1.fastq.gz
Approx 20% complete for ERR950181_trimmed_1.fastq.gz
Approx 25% complete for ERR950181_trimmed_1.fastq.gz
Approx 30% complete for ERR950181_trimmed_1.fastq.gz
Approx 35% complete for ERR950181_trimmed_1.fastq.gz
Approx 40% complete for ERR950181_trimmed_1.fastq.gz
Approx 45% complete for ERR950181_trimmed_1.fastq.gz
Approx 50% complete for ERR950181_trimmed_1.fastq.gz
Approx 55% complete for ERR950181_trimmed_1.fastq.gz
Approx 60% complete for ERR950181_trimmed_1.fastq.gz
Approx 65% complete for ERR950181_trimmed_1.fastq.gz
Approx 70% complete for ERR950181_trimmed_1.fastq.gz
Approx 75% complete for ERR950181_trimmed_1.fastq.gz
Approx 80% complete for ERR950181_trimmed_1.fastq.gz
Approx 85% complete for ERR950181_trimmed_1.fastq.gz
Approx 90% complete for ERR950181_trimmed_1.fastq.gz
Approx 95% complete for ERR950181_trimmed_1.fastq.gz
Started analysis of ERR950181_trimmed_2.fastq.gz
Approx 5% complete for ERR950181_trimmed_2.fastq.gz
Approx 10% complete for ERR950181_trimmed_2.fastq.gz
Approx 15% complete for ERR950181_trimmed_2.fastq.gz
Approx 20% complete for ERR950181_trimmed_2.fastq.gz
Approx 25% complete for ERR950181_trimmed_2.fastq.gz
Approx 30% complete for ERR950181_trimmed_2.fastq.gz
Approx 35% complete for ERR950181_trimmed_2.fastq.gz
Approx 40% complete for ERR950181_trimmed_2.fastq.gz
Approx 45% complete for ERR950181_trimmed_2.fastq.gz
Approx 50% complete for ERR950181_trimmed_2.fastq.gz
Approx 55% complete for ERR950181_trimmed_2.fastq.gz
Approx 60% complete for ERR950181_trimmed_2.fastq.gz
Approx 65% complete for ERR950181_trimmed_2.fastq.gz
Approx 70% complete for ERR950181_trimmed_2.fastq.gz
Approx 75% complete for ERR950181_trimmed_2.fastq.gz
Approx 80% complete for ERR950181_trimmed_2.fastq.gz
Approx 85% complete for ERR950181_trimmed_2.fastq.gz
Approx 90% complete for ERR950181_trimmed_2.fastq.gz
Approx 95% complete for ERR950181_trimmed_2.fastq.gz
Started analysis of ERR950182_trimmed_1.fastq.gz
Approx 5% complete for ERR950182_trimmed_1.fastq.gz
Approx 10% complete for ERR950182_trimmed_1.fastq.gz
Approx 15% complete for ERR950182_trimmed_1.fastq.gz
Approx 20% complete for ERR950182_trimmed_1.fastq.gz
Approx 25% complete for ERR950182_trimmed_1.fastq.gz
Approx 30% complete for ERR950182_trimmed_1.fastq.gz
Approx 35% complete for ERR950182_trimmed_1.fastq.gz
Approx 40% complete for ERR950182_trimmed_1.fastq.gz
Approx 45% complete for ERR950182_trimmed_1.fastq.gz
Approx 50% complete for ERR950182_trimmed_1.fastq.gz
Approx 55% complete for ERR950182_trimmed_1.fastq.gz
Approx 60% complete for ERR950182_trimmed_1.fastq.gz
Approx 65% complete for ERR950182_trimmed_1.fastq.gz
Approx 70% complete for ERR950182_trimmed_1.fastq.gz
Approx 75% complete for ERR950182_trimmed_1.fastq.gz
Approx 80% complete for ERR950182_trimmed_1.fastq.gz
Approx 85% complete for ERR950182_trimmed_1.fastq.gz
Approx 90% complete for ERR950182_trimmed_1.fastq.gz
Approx 95% complete for ERR950182_trimmed_1.fastq.gz
Started analysis of ERR950182_trimmed_2.fastq.gz
Approx 5% complete for ERR950182_trimmed_2.fastq.gz
Approx 10% complete for ERR950182_trimmed_2.fastq.gz
Approx 15% complete for ERR950182_trimmed_2.fastq.gz
Approx 20% complete for ERR950182_trimmed_2.fastq.gz
Approx 25% complete for ERR950182_trimmed_2.fastq.gz
Approx 30% complete for ERR950182_trimmed_2.fastq.gz
Approx 35% complete for ERR950182_trimmed_2.fastq.gz
Approx 40% complete for ERR950182_trimmed_2.fastq.gz
Approx 45% complete for ERR950182_trimmed_2.fastq.gz
Approx 50% complete for ERR950182_trimmed_2.fastq.gz
Approx 55% complete for ERR950182_trimmed_2.fastq.gz
Approx 60% complete for ERR950182_trimmed_2.fastq.gz
Approx 65% complete for ERR950182_trimmed_2.fastq.gz
Approx 70% complete for ERR950182_trimmed_2.fastq.gz
Approx 75% complete for ERR950182_trimmed_2.fastq.gz
Approx 80% complete for ERR950182_trimmed_2.fastq.gz
Approx 85% complete for ERR950182_trimmed_2.fastq.gz
Approx 90% complete for ERR950182_trimmed_2.fastq.gz
Approx 95% complete for ERR950182_trimmed_2.fastq.gz
Started analysis of ERR950186_trimmed_1.fastq.gz
Approx 5% complete for ERR950186_trimmed_1.fastq.gz
Approx 10% complete for ERR950186_trimmed_1.fastq.gz
Approx 15% complete for ERR950186_trimmed_1.fastq.gz
Approx 20% complete for ERR950186_trimmed_1.fastq.gz
Approx 25% complete for ERR950186_trimmed_1.fastq.gz
Approx 30% complete for ERR950186_trimmed_1.fastq.gz
Approx 35% complete for ERR950186_trimmed_1.fastq.gz
Approx 40% complete for ERR950186_trimmed_1.fastq.gz
Approx 45% complete for ERR950186_trimmed_1.fastq.gz
Approx 50% complete for ERR950186_trimmed_1.fastq.gz
Approx 55% complete for ERR950186_trimmed_1.fastq.gz
Approx 60% complete for ERR950186_trimmed_1.fastq.gz
Approx 65% complete for ERR950186_trimmed_1.fastq.gz
Approx 70% complete for ERR950186_trimmed_1.fastq.gz
Approx 75% complete for ERR950186_trimmed_1.fastq.gz
Approx 80% complete for ERR950186_trimmed_1.fastq.gz
Approx 85% complete for ERR950186_trimmed_1.fastq.gz
Approx 90% complete for ERR950186_trimmed_1.fastq.gz
Approx 95% complete for ERR950186_trimmed_1.fastq.gz
Started analysis of ERR950186_trimmed_2.fastq.gz
Approx 5% complete for ERR950186_trimmed_2.fastq.gz
Approx 10% complete for ERR950186_trimmed_2.fastq.gz
Approx 15% complete for ERR950186_trimmed_2.fastq.gz
Approx 20% complete for ERR950186_trimmed_2.fastq.gz
Approx 25% complete for ERR950186_trimmed_2.fastq.gz
Approx 30% complete for ERR950186_trimmed_2.fastq.gz
Approx 35% complete for ERR950186_trimmed_2.fastq.gz
Approx 40% complete for ERR950186_trimmed_2.fastq.gz
Approx 45% complete for ERR950186_trimmed_2.fastq.gz
Approx 50% complete for ERR950186_trimmed_2.fastq.gz
Approx 55% complete for ERR950186_trimmed_2.fastq.gz
Approx 60% complete for ERR950186_trimmed_2.fastq.gz
Approx 65% complete for ERR950186_trimmed_2.fastq.gz
Approx 70% complete for ERR950186_trimmed_2.fastq.gz
Approx 75% complete for ERR950186_trimmed_2.fastq.gz
Approx 80% complete for ERR950186_trimmed_2.fastq.gz
Approx 85% complete for ERR950186_trimmed_2.fastq.gz
Approx 90% complete for ERR950186_trimmed_2.fastq.gz
Approx 95% complete for ERR950186_trimmed_2.fastq.gz
Started analysis of ERR950187_trimmed_1.fastq.gz
Approx 5% complete for ERR950187_trimmed_1.fastq.gz
Approx 10% complete for ERR950187_trimmed_1.fastq.gz
Approx 15% complete for ERR950187_trimmed_1.fastq.gz
Approx 20% complete for ERR950187_trimmed_1.fastq.gz
Approx 25% complete for ERR950187_trimmed_1.fastq.gz
Approx 30% complete for ERR950187_trimmed_1.fastq.gz
Approx 35% complete for ERR950187_trimmed_1.fastq.gz
Approx 40% complete for ERR950187_trimmed_1.fastq.gz
Approx 45% complete for ERR950187_trimmed_1.fastq.gz
Approx 50% complete for ERR950187_trimmed_1.fastq.gz
Approx 55% complete for ERR950187_trimmed_1.fastq.gz
Approx 60% complete for ERR950187_trimmed_1.fastq.gz
Approx 65% complete for ERR950187_trimmed_1.fastq.gz
Approx 70% complete for ERR950187_trimmed_1.fastq.gz
Approx 75% complete for ERR950187_trimmed_1.fastq.gz
Approx 80% complete for ERR950187_trimmed_1.fastq.gz
Approx 85% complete for ERR950187_trimmed_1.fastq.gz
Approx 90% complete for ERR950187_trimmed_1.fastq.gz
Approx 95% complete for ERR950187_trimmed_1.fastq.gz
Started analysis of ERR950187_trimmed_2.fastq.gz
Approx 5% complete for ERR950187_trimmed_2.fastq.gz
Approx 10% complete for ERR950187_trimmed_2.fastq.gz
Approx 15% complete for ERR950187_trimmed_2.fastq.gz
Approx 20% complete for ERR950187_trimmed_2.fastq.gz
Approx 25% complete for ERR950187_trimmed_2.fastq.gz
Approx 30% complete for ERR950187_trimmed_2.fastq.gz
Approx 35% complete for ERR950187_trimmed_2.fastq.gz
Approx 40% complete for ERR950187_trimmed_2.fastq.gz
Approx 45% complete for ERR950187_trimmed_2.fastq.gz
Approx 50% complete for ERR950187_trimmed_2.fastq.gz
Approx 55% complete for ERR950187_trimmed_2.fastq.gz
Approx 60% complete for ERR950187_trimmed_2.fastq.gz
Approx 65% complete for ERR950187_trimmed_2.fastq.gz
Approx 70% complete for ERR950187_trimmed_2.fastq.gz
Approx 75% complete for ERR950187_trimmed_2.fastq.gz
Approx 80% complete for ERR950187_trimmed_2.fastq.gz
Approx 85% complete for ERR950187_trimmed_2.fastq.gz
Approx 90% complete for ERR950187_trimmed_2.fastq.gz
Approx 95% complete for ERR950187_trimmed_2.fastq.gz

/// MultiQC 🔍 v1.27.1

       file_search | Search path: /cephyr/NOBACKUP/groups/bbt045_2025/groups/group_Bjork/data/trimmed_RNA-seq/fastqc_trimmed

            fastqc | Found 28 reports

     write_results | Data        : multiqc_data
     write_results | Report      : multiqc_report.html
           multiqc | MultiQC complete
cp: cannot stat '/local/tmp.6776073/JOB_TMP/*': No such file or directory
