This job can be monitored from: https://job.c3se.chalmers.se/vera/6776073
application/gzip
application/gzip
application/gzip
application/gzip
application/gzip
application/gzip
application/gzip
application/gzip
application/gzip
application/gzip
application/gzip
application/gzip
application/gzip
application/gzip
application/gzip
application/gzip
application/gzip
application/gzip
application/gzip
application/gzip
application/gzip
application/gzip
application/gzip
application/gzip
application/gzip
application/gzip
application/gzip
application/gzip
Analysis complete for ERR950158_1.fastq.gz
Analysis complete for ERR950158_2.fastq.gz
Analysis complete for ERR950159_1.fastq.gz
Analysis complete for ERR950159_2.fastq.gz
Analysis complete for ERR950160_1.fastq.gz
Analysis complete for ERR950160_2.fastq.gz
Analysis complete for ERR950161_1.fastq.gz
Analysis complete for ERR950161_2.fastq.gz
Analysis complete for ERR950162_1.fastq.gz
Analysis complete for ERR950162_2.fastq.gz
Analysis complete for ERR950163_1.fastq.gz
Analysis complete for ERR950163_2.fastq.gz
Analysis complete for ERR950177_1.fastq.gz
Analysis complete for ERR950177_2.fastq.gz
Analysis complete for ERR950178_1.fastq.gz
Analysis complete for ERR950178_2.fastq.gz
Analysis complete for ERR950179_1.fastq.gz
Analysis complete for ERR950179_2.fastq.gz
Analysis complete for ERR950180_1.fastq.gz
Analysis complete for ERR950180_2.fastq.gz
Analysis complete for ERR950181_1.fastq.gz
Analysis complete for ERR950181_2.fastq.gz
Analysis complete for ERR950182_1.fastq.gz
Analysis complete for ERR950182_2.fastq.gz
Analysis complete for ERR950186_1.fastq.gz
Analysis complete for ERR950186_2.fastq.gz
Analysis complete for ERR950187_1.fastq.gz
Analysis complete for ERR950187_2.fastq.gz
This is cutadapt 5.0 with Python 3.11.11
Command line parameters: -a AGATCGGAAGAG -A AGATCGGAAGAG --minimum-length 25 -o /cephyr/NOBACKUP/groups/bbt045_2025/groups/group_Bjork/data/trimmed_RNA-seq/ERR950158_trimmed_1.fastq.gz -p /cephyr/NOBACKUP/groups/bbt045_2025/groups/group_Bjork/data/trimmed_RNA-seq/ERR950158_trimmed_2.fastq.gz ERR950158_1.fastq.gz ERR950158_2.fastq.gz
Processing paired-end reads on 1 core ...

=== Summary ===

Total read pairs processed:         37,079,775
  Read 1 with adapter:               7,985,493 (21.5%)
  Read 2 with adapter:               7,787,884 (21.0%)

== Read fate breakdown ==
Pairs that were too short:              28,839 (0.1%)
Pairs written (passing filters):    37,050,936 (99.9%)

Total basepairs processed: 7,490,114,550 bp
  Read 1: 3,745,057,275 bp
  Read 2: 3,745,057,275 bp
Total written (filtered):  7,154,237,961 bp (95.5%)
  Read 1: 3,575,313,419 bp
  Read 2: 3,578,924,542 bp

=== First read: Adapter 1 ===

Sequence: AGATCGGAAGAG; Type: regular 3'; Length: 12; Trimmed: 7985493 times

Minimum overlap: 3
No. of allowed errors:
1-9 bp: 0; 10-12 bp: 1

Bases preceding removed adapters:
  A: 25.3%
  C: 38.6%
  G: 23.2%
  T: 12.8%
  none/other: 0.0%

Overview of removed sequences
length	count	expect	max.err	error counts
3	898169	579371.5	0	898169
4	368655	144842.9	0	368655
5	209798	36210.7	0	209798
6	236076	9052.7	0	236076
7	190049	2263.2	0	190049
8	201979	565.8	0	201979
9	198269	141.4	0	191206 7063
10	233839	35.4	1	211532 22307
11	208492	8.8	1	188247 20245
12	204849	2.2	1	179534 25315
13	203948	2.2	1	186006 17942
14	209137	2.2	1	191435 17702
15	201782	2.2	1	184936 16846
16	184429	2.2	1	170373 14056
17	185520	2.2	1	171105 14415
18	173594	2.2	1	160723 12871
19	168179	2.2	1	155777 12402
20	172479	2.2	1	160344 12135
21	162316	2.2	1	150789 11527
22	159511	2.2	1	148922 10589
23	159990	2.2	1	149192 10798
24	160212	2.2	1	149357 10855
25	153571	2.2	1	142813 10758
26	158145	2.2	1	147767 10378
27	149943	2.2	1	140214 9729
28	142497	2.2	1	133443 9054
29	130320	2.2	1	121669 8651
30	131186	2.2	1	122759 8427
31	145951	2.2	1	136770 9181
32	113381	2.2	1	106376 7005
33	112437	2.2	1	105614 6823
34	103901	2.2	1	97537 6364
35	96266	2.2	1	90256 6010
36	91312	2.2	1	85698 5614
37	89924	2.2	1	84354 5570
38	80198	2.2	1	75454 4744
39	78462	2.2	1	73681 4781
40	87028	2.2	1	81975 5053
41	70903	2.2	1	66708 4195
42	68682	2.2	1	64728 3954
43	67854	2.2	1	64123 3731
44	63880	2.2	1	60281 3599
45	58472	2.2	1	55199 3273
46	55721	2.2	1	52727 2994
47	51458	2.2	1	48700 2758
48	50544	2.2	1	47730 2814
49	58297	2.2	1	55274 3023
50	45977	2.2	1	43468 2509
51	41081	2.2	1	38847 2234
52	39801	2.2	1	37665 2136
53	32433	2.2	1	30583 1850
54	30197	2.2	1	28387 1810
55	27434	2.2	1	25836 1598
56	24193	2.2	1	22830 1363
57	22482	2.2	1	21162 1320
58	19661	2.2	1	18392 1269
59	17490	2.2	1	16388 1102
60	17967	2.2	1	16920 1047
61	14392	2.2	1	13438 954
62	14308	2.2	1	13423 885
63	13600	2.2	1	12694 906
64	13237	2.2	1	12393 844
65	11483	2.2	1	10722 761
66	10146	2.2	1	9410 736
67	9625	2.2	1	8928 697
68	8364	2.2	1	7745 619
69	7580	2.2	1	6984 596
70	6846	2.2	1	6307 539
71	6061	2.2	1	5581 480
72	6000	2.2	1	5493 507
73	5514	2.2	1	5054 460
74	4313	2.2	1	3934 379
75	3665	2.2	1	3242 423
76	2844	2.2	1	2560 284
77	2463	2.2	1	2197 266
78	1929	2.2	1	1712 217
79	1751	2.2	1	1498 253
80	1470	2.2	1	1262 208
81	1292	2.2	1	1098 194
82	1299	2.2	1	1095 204
83	1010	2.2	1	815 195
84	776	2.2	1	629 147
85	671	2.2	1	541 130
86	605	2.2	1	450 155
87	476	2.2	1	332 144
88	433	2.2	1	293 140
89	395	2.2	1	284 111
90	420	2.2	1	274 146
91	482	2.2	1	328 154
92	681	2.2	1	510 171
93	910	2.2	1	674 236
94	1693	2.2	1	1332 361
95	1930	2.2	1	1623 307
96	1926	2.2	1	1435 491
97	1339	2.2	1	977 362
98	547	2.2	1	334 213
99	344	2.2	1	227 117
100	451	2.2	1	191 260
101	1901	2.2	1	850 1051


=== Second read: Adapter 2 ===

Sequence: AGATCGGAAGAG; Type: regular 3'; Length: 12; Trimmed: 7787884 times

Minimum overlap: 3
No. of allowed errors:
1-9 bp: 0; 10-12 bp: 1

Bases preceding removed adapters:
  A: 20.7%
  C: 23.1%
  G: 31.3%
  T: 24.9%
  none/other: 0.0%

Overview of removed sequences
length	count	expect	max.err	error counts
3	795396	579371.5	0	795396
4	338748	144842.9	0	338748
5	225313	36210.7	0	225313
6	235443	9052.7	0	235443
7	213396	2263.2	0	213396
8	203342	565.8	0	203342
9	199866	141.4	0	195000 4866
10	231679	35.4	1	215580 16099
11	205037	8.8	1	184171 20866
12	204521	2.2	1	188261 16260
13	201682	2.2	1	186564 15118
14	207120	2.2	1	192529 14591
15	199914	2.2	1	186052 13862
16	182121	2.2	1	169228 12893
17	182974	2.2	1	169568 13406
18	170947	2.2	1	159267 11680
19	165747	2.2	1	154726 11021
20	170262	2.2	1	158944 11318
21	160175	2.2	1	150039 10136
22	157371	2.2	1	147384 9987
23	157987	2.2	1	148243 9744
24	158006	2.2	1	148224 9782
25	151419	2.2	1	141007 10412
26	155598	2.2	1	144762 10836
27	146795	2.2	1	135558 11237
28	140105	2.2	1	130227 9878
29	128085	2.2	1	119822 8263
30	128843	2.2	1	120787 8056
31	143729	2.2	1	134940 8789
32	111283	2.2	1	104315 6968
33	110384	2.2	1	102826 7558
34	102043	2.2	1	95535 6508
35	94320	2.2	1	88416 5904
36	89289	2.2	1	83533 5756
37	87990	2.2	1	82252 5738
38	78652	2.2	1	73757 4895
39	76993	2.2	1	72181 4812
40	85310	2.2	1	77123 8187
41	69316	2.2	1	65133 4183
42	67218	2.2	1	63237 3981
43	66149	2.2	1	62485 3664
44	62341	2.2	1	58782 3559
45	57167	2.2	1	53831 3336
46	54395	2.2	1	51004 3391
47	50130	2.2	1	47085 3045
48	49288	2.2	1	45873 3415
49	56790	2.2	1	51005 5785
50	44771	2.2	1	41637 3134
51	39987	2.2	1	37401 2586
52	38694	2.2	1	36440 2254
53	31425	2.2	1	29458 1967
54	29153	2.2	1	27256 1897
55	26464	2.2	1	24573 1891
56	23296	2.2	1	21850 1446
57	21588	2.2	1	20216 1372
58	18846	2.2	1	17555 1291
59	16779	2.2	1	15782 997
60	17208	2.2	1	15932 1276
61	13724	2.2	1	12838 886
62	13712	2.2	1	12760 952
63	12897	2.2	1	11936 961
64	12623	2.2	1	11765 858
65	10870	2.2	1	10141 729
66	9574	2.2	1	8891 683
67	9009	2.2	1	8344 665
68	7808	2.2	1	7137 671
69	6958	2.2	1	6376 582
70	6379	2.2	1	5756 623
71	5570	2.2	1	5069 501
72	5589	2.2	1	4986 603
73	4986	2.2	1	4537 449
74	3884	2.2	1	3454 430
75	3153	2.2	1	2837 316
76	2439	2.2	1	2170 269
77	2059	2.2	1	1828 231
78	1636	2.2	1	1425 211
79	1376	2.2	1	1213 163
80	1169	2.2	1	1033 136
81	1016	2.2	1	888 128
82	991	2.2	1	868 123
83	738	2.2	1	647 91
84	514	2.2	1	439 75
85	478	2.2	1	398 80
86	366	2.2	1	299 67
87	260	2.2	1	194 66
88	233	2.2	1	187 46
89	223	2.2	1	160 63
90	214	2.2	1	162 52
91	282	2.2	1	230 52
92	390	2.2	1	315 75
93	602	2.2	1	501 101
94	1253	2.2	1	1099 154
95	1533	2.2	1	1369 164
96	1484	2.2	1	1241 243
97	1060	2.2	1	822 238
98	285	2.2	1	220 65
99	212	2.2	1	157 55
100	210	2.2	1	152 58
101	1235	2.2	1	814 421
This is cutadapt 5.0 with Python 3.11.11
Command line parameters: -a AGATCGGAAGAG -A AGATCGGAAGAG --minimum-length 25 -o /cephyr/NOBACKUP/groups/bbt045_2025/groups/group_Bjork/data/trimmed_RNA-seq/ERR950159_trimmed_1.fastq.gz -p /cephyr/NOBACKUP/groups/bbt045_2025/groups/group_Bjork/data/trimmed_RNA-seq/ERR950159_trimmed_2.fastq.gz ERR950159_1.fastq.gz ERR950159_2.fastq.gz
Processing paired-end reads on 1 core ...

=== Summary ===

Total read pairs processed:         21,433,074
  Read 1 with adapter:               3,947,955 (18.4%)
  Read 2 with adapter:               3,895,057 (18.2%)

== Read fate breakdown ==
Pairs that were too short:              10,685 (0.0%)
Pairs written (passing filters):    21,422,389 (100.0%)

Total basepairs processed: 4,329,480,948 bp
  Read 1: 2,164,740,474 bp
  Read 2: 2,164,740,474 bp
Total written (filtered):  4,177,590,582 bp (96.5%)
  Read 1: 2,088,396,529 bp
  Read 2: 2,089,194,053 bp

=== First read: Adapter 1 ===

Sequence: AGATCGGAAGAG; Type: regular 3'; Length: 12; Trimmed: 3947955 times

Minimum overlap: 3
No. of allowed errors:
1-9 bp: 0; 10-12 bp: 1

Bases preceding removed adapters:
  A: 25.1%
  C: 40.2%
  G: 21.6%
  T: 13.0%
  none/other: 0.0%

Overview of removed sequences
length	count	expect	max.err	error counts
3	520407	334891.8	0	520407
4	199391	83722.9	0	199391
5	104400	20930.7	0	104400
6	125550	5232.7	0	125550
7	103112	1308.2	0	103112
8	103312	327.0	0	103312
9	103355	81.8	0	99126 4229
10	128991	20.4	1	112302 16689
11	107221	5.1	1	91810 15411
12	107012	1.3	1	89519 17493
13	106971	1.3	1	93086 13885
14	116416	1.3	1	101965 14451
15	108720	1.3	1	95397 13323
16	103123	1.3	1	90887 12236
17	93747	1.3	1	82450 11297
18	84495	1.3	1	75056 9439
19	82813	1.3	1	73676 9137
20	82665	1.3	1	73945 8720
21	78017	1.3	1	69989 8028
22	76238	1.3	1	68684 7554
23	79595	1.3	1	71646 7949
24	79780	1.3	1	72074 7706
25	74970	1.3	1	67494 7476
26	80081	1.3	1	72602 7479
27	75457	1.3	1	68798 6659
28	68658	1.3	1	62748 5910
29	61706	1.3	1	56444 5262
30	62531	1.3	1	57423 5108
31	80873	1.3	1	74902 5971
32	51510	1.3	1	47557 3953
33	51277	1.3	1	47381 3896
34	44680	1.3	1	41203 3477
35	40380	1.3	1	37292 3088
36	38431	1.3	1	35516 2915
37	39438	1.3	1	36495 2943
38	33584	1.3	1	31103 2481
39	31947	1.3	1	29452 2495
40	39734	1.3	1	36922 2812
41	27816	1.3	1	25700 2116
42	26943	1.3	1	25040 1903
43	27731	1.3	1	25818 1913
44	24679	1.3	1	22944 1735
45	22150	1.3	1	20636 1514
46	20660	1.3	1	19223 1437
47	18712	1.3	1	17495 1217
48	19183	1.3	1	17910 1273
49	24459	1.3	1	22889 1570
50	17223	1.3	1	16155 1068
51	15564	1.3	1	14606 958
52	14789	1.3	1	13767 1022
53	11788	1.3	1	10961 827
54	10365	1.3	1	9681 684
55	9049	1.3	1	8443 606
56	8118	1.3	1	7508 610
57	7572	1.3	1	7021 551
58	6453	1.3	1	5953 500
59	5481	1.3	1	5082 399
60	6326	1.3	1	5865 461
61	4595	1.3	1	4248 347
62	4515	1.3	1	4181 334
63	4294	1.3	1	3976 318
64	4098	1.3	1	3768 330
65	3572	1.3	1	3283 289
66	3156	1.3	1	2883 273
67	3042	1.3	1	2782 260
68	2543	1.3	1	2299 244
69	2341	1.3	1	2118 223
70	1931	1.3	1	1737 194
71	1808	1.3	1	1617 191
72	1904	1.3	1	1706 198
73	1897	1.3	1	1700 197
74	1151	1.3	1	1032 119
75	936	1.3	1	776 160
76	694	1.3	1	602 92
77	518	1.3	1	434 84
78	433	1.3	1	339 94
79	440	1.3	1	337 103
80	412	1.3	1	303 109
81	331	1.3	1	265 66
82	388	1.3	1	312 76
83	303	1.3	1	237 66
84	183	1.3	1	139 44
85	162	1.3	1	113 49
86	132	1.3	1	101 31
87	133	1.3	1	80 53
88	136	1.3	1	76 60
89	119	1.3	1	71 48
90	131	1.3	1	80 51
91	196	1.3	1	134 62
92	228	1.3	1	157 71
93	263	1.3	1	183 80
94	625	1.3	1	508 117
95	804	1.3	1	707 97
96	1129	1.3	1	847 282
97	833	1.3	1	631 202
98	263	1.3	1	183 80
99	232	1.3	1	171 61
100	256	1.3	1	142 114
101	1179	1.3	1	559 620


=== Second read: Adapter 2 ===

Sequence: AGATCGGAAGAG; Type: regular 3'; Length: 12; Trimmed: 3895057 times

Minimum overlap: 3
No. of allowed errors:
1-9 bp: 0; 10-12 bp: 1

Bases preceding removed adapters:
  A: 19.3%
  C: 20.8%
  G: 31.7%
  T: 28.2%
  none/other: 0.0%

Overview of removed sequences
length	count	expect	max.err	error counts
3	459313	334891.8	0	459313
4	181329	83722.9	0	181329
5	116803	20930.7	0	116803
6	129120	5232.7	0	129120
7	116780	1308.2	0	116780
8	108404	327.0	0	108404
9	109226	81.8	0	106052 3174
10	130431	20.4	1	120244 10187
11	107892	5.1	1	94781 13111
12	109395	1.3	1	99487 9908
13	108585	1.3	1	99357 9228
14	117583	1.3	1	108330 9253
15	109713	1.3	1	101315 8398
16	103604	1.3	1	95504 8100
17	93808	1.3	1	86066 7742
18	84684	1.3	1	77909 6775
19	82831	1.3	1	76517 6314
20	82799	1.3	1	76801 5998
21	77902	1.3	1	72376 5526
22	76109	1.3	1	70650 5459
23	79540	1.3	1	74104 5436
24	79491	1.3	1	74082 5409
25	74885	1.3	1	69142 5743
26	79703	1.3	1	73608 6095
27	74756	1.3	1	68234 6522
28	68118	1.3	1	62881 5237
29	61050	1.3	1	56955 4095
30	61871	1.3	1	57681 4190
31	80310	1.3	1	75457 4853
32	50853	1.3	1	47376 3477
33	50385	1.3	1	46517 3868
34	43945	1.3	1	40855 3090
35	39781	1.3	1	37016 2765
36	37828	1.3	1	35044 2784
37	38683	1.3	1	35656 3027
38	33030	1.3	1	30570 2460
39	31314	1.3	1	28963 2351
40	39045	1.3	1	34642 4403
41	27165	1.3	1	25171 1994
42	26388	1.3	1	24425 1963
43	27217	1.3	1	25414 1803
44	24149	1.3	1	22538 1611
45	21663	1.3	1	20239 1424
46	20232	1.3	1	18776 1456
47	18265	1.3	1	17044 1221
48	18692	1.3	1	17187 1505
49	23891	1.3	1	21190 2701
50	16786	1.3	1	15466 1320
51	15208	1.3	1	14157 1051
52	14368	1.3	1	13426 942
53	11414	1.3	1	10665 749
54	10044	1.3	1	9326 718
55	8747	1.3	1	7966 781
56	7789	1.3	1	7216 573
57	7296	1.3	1	6705 591
58	6167	1.3	1	5734 433
59	5251	1.3	1	4845 406
60	6051	1.3	1	5504 547
61	4363	1.3	1	4050 313
62	4367	1.3	1	4046 321
63	4107	1.3	1	3773 334
64	3875	1.3	1	3580 295
65	3402	1.3	1	3150 252
66	2992	1.3	1	2715 277
67	2859	1.3	1	2596 263
68	2386	1.3	1	2077 309
69	2165	1.3	1	1948 217
70	1780	1.3	1	1586 194
71	1648	1.3	1	1454 194
72	1744	1.3	1	1524 220
73	1722	1.3	1	1543 179
74	1048	1.3	1	899 149
75	799	1.3	1	680 119
76	619	1.3	1	524 95
77	432	1.3	1	362 70
78	340	1.3	1	295 45
79	313	1.3	1	265 48
80	310	1.3	1	257 53
81	241	1.3	1	202 39
82	289	1.3	1	235 54
83	225	1.3	1	181 44
84	124	1.3	1	105 19
85	94	1.3	1	69 25
86	97	1.3	1	70 27
87	76	1.3	1	44 32
88	75	1.3	1	47 28
89	90	1.3	1	53 37
90	72	1.3	1	46 26
91	117	1.3	1	93 24
92	158	1.3	1	130 28
93	162	1.3	1	134 28
94	498	1.3	1	433 65
95	662	1.3	1	575 87
96	911	1.3	1	795 116
97	670	1.3	1	563 107
98	188	1.3	1	151 37
99	157	1.3	1	138 19
100	192	1.3	1	147 45
101	1006	1.3	1	729 277
This is cutadapt 5.0 with Python 3.11.11
Command line parameters: -a AGATCGGAAGAG -A AGATCGGAAGAG --minimum-length 25 -o /cephyr/NOBACKUP/groups/bbt045_2025/groups/group_Bjork/data/trimmed_RNA-seq/ERR950160_trimmed_1.fastq.gz -p /cephyr/NOBACKUP/groups/bbt045_2025/groups/group_Bjork/data/trimmed_RNA-seq/ERR950160_trimmed_2.fastq.gz ERR950160_1.fastq.gz ERR950160_2.fastq.gz
Processing paired-end reads on 1 core ...

=== Summary ===

Total read pairs processed:         30,823,917
  Read 1 with adapter:               6,154,085 (20.0%)
  Read 2 with adapter:               5,981,950 (19.4%)

== Read fate breakdown ==
Pairs that were too short:              53,681 (0.2%)
Pairs written (passing filters):    30,770,236 (99.8%)

Total basepairs processed: 6,226,431,234 bp
  Read 1: 3,113,215,617 bp
  Read 2: 3,113,215,617 bp
Total written (filtered):  5,963,974,157 bp (95.8%)
  Read 1: 2,980,872,096 bp
  Read 2: 2,983,102,061 bp

=== First read: Adapter 1 ===

Sequence: AGATCGGAAGAG; Type: regular 3'; Length: 12; Trimmed: 6154085 times

Minimum overlap: 3
No. of allowed errors:
1-9 bp: 0; 10-12 bp: 1

Bases preceding removed adapters:
  A: 25.4%
  C: 38.8%
  G: 22.7%
  T: 13.0%
  none/other: 0.1%

Overview of removed sequences
length	count	expect	max.err	error counts
3	733101	481623.7	0	733101
4	295621	120405.9	0	295621
5	142037	30101.5	0	142037
6	176016	7525.4	0	176016
7	153759	1881.3	0	153759
8	154914	470.3	0	154914
9	154351	117.6	0	142778 11573
10	189674	29.4	1	171050 18624
11	150537	7.3	1	133875 16662
12	151790	1.8	1	131068 20722
13	152665	1.8	1	138084 14581
14	170092	1.8	1	155066 15026
15	158407	1.8	1	144107 14300
16	142386	1.8	1	130664 11722
17	137339	1.8	1	125517 11822
18	128133	1.8	1	117454 10679
19	126192	1.8	1	116090 10102
20	132892	1.8	1	122302 10590
21	123280	1.8	1	113878 9402
22	118170	1.8	1	109373 8797
23	115464	1.8	1	107089 8375
24	114080	1.8	1	106345 7735
25	113443	1.8	1	104869 8574
26	123739	1.8	1	115668 8071
27	112974	1.8	1	105637 7337
28	110050	1.8	1	102936 7114
29	92674	1.8	1	86860 5814
30	92729	1.8	1	86740 5989
31	134398	1.8	1	126517 7881
32	85913	1.8	1	80765 5148
33	83338	1.8	1	77992 5346
34	75917	1.8	1	71296 4621
35	70930	1.8	1	66474 4456
36	66855	1.8	1	62590 4265
37	72520	1.8	1	68195 4325
38	59628	1.8	1	56090 3538
39	56575	1.8	1	53125 3450
40	69061	1.8	1	64806 4255
41	50098	1.8	1	46995 3103
42	48496	1.8	1	45712 2784
43	49202	1.8	1	46403 2799
44	47777	1.8	1	45011 2766
45	44364	1.8	1	41783 2581
46	50495	1.8	1	47840 2655
47	36431	1.8	1	34336 2095
48	35810	1.8	1	33710 2100
49	46926	1.8	1	44412 2514
50	33143	1.8	1	31137 2006
51	30526	1.8	1	28836 1690
52	30555	1.8	1	28900 1655
53	23670	1.8	1	22300 1370
54	22573	1.8	1	21230 1343
55	19169	1.8	1	18074 1095
56	17647	1.8	1	16643 1004
57	16360	1.8	1	15354 1006
58	14763	1.8	1	13912 851
59	13257	1.8	1	12490 767
60	16232	1.8	1	15323 909
61	11971	1.8	1	11281 690
62	11100	1.8	1	10443 657
63	10951	1.8	1	10297 654
64	10293	1.8	1	9694 599
65	8985	1.8	1	8428 557
66	8040	1.8	1	7533 507
67	8749	1.8	1	8287 462
68	6954	1.8	1	6535 419
69	6416	1.8	1	5937 479
70	5504	1.8	1	5133 371
71	5118	1.8	1	4757 361
72	5272	1.8	1	4903 369
73	5315	1.8	1	4968 347
74	3148	1.8	1	2912 236
75	2547	1.8	1	2242 305
76	1962	1.8	1	1776 186
77	1561	1.8	1	1419 142
78	1192	1.8	1	1060 132
79	1117	1.8	1	985 132
80	984	1.8	1	798 186
81	924	1.8	1	808 116
82	1251	1.8	1	1118 133
83	951	1.8	1	842 109
84	504	1.8	1	404 100
85	394	1.8	1	300 94
86	365	1.8	1	277 88
87	357	1.8	1	233 124
88	299	1.8	1	201 98
89	232	1.8	1	141 91
90	293	1.8	1	189 104
91	332	1.8	1	244 88
92	527	1.8	1	397 130
93	1431	1.8	1	1226 205
94	6501	1.8	1	5953 548
95	10926	1.8	1	10076 850
96	7197	1.8	1	6360 837
97	4270	1.8	1	3749 521
98	1625	1.8	1	1389 236
99	1742	1.8	1	1575 167
100	1450	1.8	1	1240 210
101	6197	1.8	1	4493 1704


=== Second read: Adapter 2 ===

Sequence: AGATCGGAAGAG; Type: regular 3'; Length: 12; Trimmed: 5981950 times

Minimum overlap: 3
No. of allowed errors:
1-9 bp: 0; 10-12 bp: 1

Bases preceding removed adapters:
  A: 19.9%
  C: 23.3%
  G: 30.3%
  T: 26.4%
  none/other: 0.1%

Overview of removed sequences
length	count	expect	max.err	error counts
3	627031	481623.7	0	627031
4	256978	120405.9	0	256978
5	165219	30101.5	0	165219
6	175103	7525.4	0	175103
7	165350	1881.3	0	165350
8	155530	470.3	0	155530
9	155222	117.6	0	151612 3610
10	188462	29.4	1	175108 13354
11	148897	7.3	1	133146 15751
12	152474	1.8	1	140173 12301
13	151502	1.8	1	139870 11632
14	169355	1.8	1	157159 12196
15	157536	1.8	1	146135 11401
16	140769	1.8	1	130753 10016
17	136666	1.8	1	126376 10290
18	127100	1.8	1	118523 8577
19	125065	1.8	1	116835 8230
20	131853	1.8	1	123265 8588
21	122170	1.8	1	114244 7926
22	116852	1.8	1	109416 7436
23	113925	1.8	1	106770 7155
24	112540	1.8	1	105610 6930
25	112050	1.8	1	104595 7455
26	121464	1.8	1	113419 8045
27	110809	1.8	1	102711 8098
28	108013	1.8	1	100781 7232
29	91191	1.8	1	85740 5451
30	91040	1.8	1	85460 5580
31	132597	1.8	1	125015 7582
32	84531	1.8	1	79464 5067
33	81850	1.8	1	76494 5356
34	74587	1.8	1	70137 4450
35	69762	1.8	1	65695 4067
36	65755	1.8	1	61864 3891
37	71062	1.8	1	66423 4639
38	58606	1.8	1	55023 3583
39	55671	1.8	1	52234 3437
40	67900	1.8	1	62259 5641
41	49001	1.8	1	46190 2811
42	47614	1.8	1	44938 2676
43	48249	1.8	1	45575 2674
44	46886	1.8	1	44230 2656
45	43577	1.8	1	41276 2301
46	49714	1.8	1	47079 2635
47	35706	1.8	1	33773 1933
48	35157	1.8	1	32998 2159
49	45988	1.8	1	42033 3955
50	32589	1.8	1	30374 2215
51	29912	1.8	1	28278 1634
52	29976	1.8	1	28326 1650
53	23148	1.8	1	21804 1344
54	22011	1.8	1	20746 1265
55	18610	1.8	1	17393 1217
56	17207	1.8	1	16211 996
57	15907	1.8	1	14827 1080
58	14322	1.8	1	13488 834
59	12959	1.8	1	12200 759
60	15737	1.8	1	14711 1026
61	11633	1.8	1	10992 641
62	10778	1.8	1	10153 625
63	10679	1.8	1	10012 667
64	10033	1.8	1	9367 666
65	8705	1.8	1	8171 534
66	7756	1.8	1	7277 479
67	8501	1.8	1	7920 581
68	6668	1.8	1	6203 465
69	6090	1.8	1	5668 422
70	5311	1.8	1	4889 422
71	4890	1.8	1	4508 382
72	5068	1.8	1	4634 434
73	5115	1.8	1	4726 389
74	3033	1.8	1	2683 350
75	2322	1.8	1	2067 255
76	1833	1.8	1	1665 168
77	1419	1.8	1	1280 139
78	1084	1.8	1	953 131
79	1000	1.8	1	895 105
80	826	1.8	1	736 90
81	811	1.8	1	735 76
82	1120	1.8	1	1005 115
83	856	1.8	1	774 82
84	403	1.8	1	348 55
85	311	1.8	1	263 48
86	279	1.8	1	235 44
87	238	1.8	1	202 36
88	216	1.8	1	173 43
89	165	1.8	1	124 41
90	176	1.8	1	137 39
91	253	1.8	1	214 39
92	408	1.8	1	350 58
93	1240	1.8	1	1142 98
94	6017	1.8	1	5640 377
95	10194	1.8	1	9530 664
96	6513	1.8	1	6082 431
97	3808	1.8	1	3520 288
98	1383	1.8	1	1255 128
99	1569	1.8	1	1447 122
100	1273	1.8	1	1118 155
101	5216	1.8	1	4270 946
This is cutadapt 5.0 with Python 3.11.11
Command line parameters: -a AGATCGGAAGAG -A AGATCGGAAGAG --minimum-length 25 -o /cephyr/NOBACKUP/groups/bbt045_2025/groups/group_Bjork/data/trimmed_RNA-seq/ERR950161_trimmed_1.fastq.gz -p /cephyr/NOBACKUP/groups/bbt045_2025/groups/group_Bjork/data/trimmed_RNA-seq/ERR950161_trimmed_2.fastq.gz ERR950161_1.fastq.gz ERR950161_2.fastq.gz
Processing paired-end reads on 1 core ...

=== Summary ===

Total read pairs processed:         38,652,989
  Read 1 with adapter:              11,199,634 (29.0%)
  Read 2 with adapter:              11,045,695 (28.6%)

== Read fate breakdown ==
Pairs that were too short:              69,195 (0.2%)
Pairs written (passing filters):    38,583,794 (99.8%)

Total basepairs processed: 7,807,903,778 bp
  Read 1: 3,903,951,889 bp
  Read 2: 3,903,951,889 bp
Total written (filtered):  7,233,132,872 bp (92.6%)
  Read 1: 3,614,618,395 bp
  Read 2: 3,618,514,477 bp

=== First read: Adapter 1 ===

Sequence: AGATCGGAAGAG; Type: regular 3'; Length: 12; Trimmed: 11199634 times

Minimum overlap: 3
No. of allowed errors:
1-9 bp: 0; 10-12 bp: 1

Bases preceding removed adapters:
  A: 24.3%
  C: 39.6%
  G: 22.5%
  T: 13.4%
  none/other: 0.0%

Overview of removed sequences
length	count	expect	max.err	error counts
3	889350	603953.0	0	889350
4	378149	150988.2	0	378149
5	218313	37747.1	0	218313
6	256011	9436.8	0	256011
7	227341	2359.2	0	227341
8	227402	589.8	0	227402
9	226828	147.4	0	212793 14035
10	271848	36.9	1	248792 23056
11	233265	9.2	1	213297 19968
12	233483	2.3	1	210630 22853
13	240484	2.3	1	222921 17563
14	252455	2.3	1	234941 17514
15	244213	2.3	1	228134 16079
16	228088	2.3	1	213366 14722
17	226585	2.3	1	212754 13831
18	215826	2.3	1	202882 12944
19	214522	2.3	1	201849 12673
20	225322	2.3	1	212123 13199
21	213903	2.3	1	201466 12437
22	209651	2.3	1	197861 11790
23	215260	2.3	1	203386 11874
24	215969	2.3	1	204347 11622
25	212843	2.3	1	200445 12398
26	224533	2.3	1	212695 11838
27	214046	2.3	1	203390 10656
28	206446	2.3	1	196216 10230
29	192428	2.3	1	182669 9759
30	197309	2.3	1	187590 9719
31	272064	2.3	1	259574 12490
32	186565	2.3	1	178298 8267
33	180106	2.3	1	171879 8227
34	173244	2.3	1	165816 7428
35	161918	2.3	1	154652 7266
36	159154	2.3	1	152129 7025
37	165324	2.3	1	157696 7628
38	147060	2.3	1	140940 6120
39	145255	2.3	1	138833 6422
40	158426	2.3	1	151809 6617
41	135322	2.3	1	129618 5704
42	131675	2.3	1	126187 5488
43	137775	2.3	1	132480 5295
44	133494	2.3	1	128315 5179
45	125753	2.3	1	120907 4846
46	128828	2.3	1	124076 4752
47	108984	2.3	1	104905 4079
48	107963	2.3	1	104047 3916
49	123588	2.3	1	119182 4406
50	103170	2.3	1	99533 3637
51	97125	2.3	1	93478 3647
52	94091	2.3	1	90541 3550
53	78523	2.3	1	75548 2975
54	72967	2.3	1	70062 2905
55	65550	2.3	1	63021 2529
56	60564	2.3	1	58107 2457
57	54903	2.3	1	52586 2317
58	51575	2.3	1	49306 2269
59	46005	2.3	1	44125 1880
60	49787	2.3	1	47649 2138
61	40326	2.3	1	38587 1739
62	37461	2.3	1	35862 1599
63	35872	2.3	1	34382 1490
64	33384	2.3	1	31916 1468
65	29025	2.3	1	27705 1320
66	25907	2.3	1	24639 1268
67	28217	2.3	1	27027 1190
68	22087	2.3	1	21080 1007
69	19646	2.3	1	18716 930
70	18043	2.3	1	17240 803
71	17145	2.3	1	16234 911
72	15851	2.3	1	15056 795
73	14601	2.3	1	13879 722
74	10636	2.3	1	10043 593
75	8969	2.3	1	8333 636
76	7322	2.3	1	6803 519
77	5826	2.3	1	5433 393
78	5295	2.3	1	4831 464
79	5472	2.3	1	5004 468
80	4365	2.3	1	4003 362
81	4023	2.3	1	3686 337
82	5443	2.3	1	5052 391
83	3880	2.3	1	3514 366
84	2587	2.3	1	2216 371
85	1736	2.3	1	1504 232
86	1336	2.3	1	1140 196
87	1255	2.3	1	1034 221
88	1315	2.3	1	1075 240
89	1033	2.3	1	817 216
90	1085	2.3	1	883 202
91	1206	2.3	1	992 214
92	1502	2.3	1	1227 275
93	1590	2.3	1	1302 288
94	2937	2.3	1	2549 388
95	3368	2.3	1	3015 353
96	3086	2.3	1	2311 775
97	2393	2.3	1	1602 791
98	845	2.3	1	485 360
99	537	2.3	1	329 208
100	736	2.3	1	253 483
101	3660	2.3	1	1658 2002


=== Second read: Adapter 2 ===

Sequence: AGATCGGAAGAG; Type: regular 3'; Length: 12; Trimmed: 11045695 times

Minimum overlap: 3
No. of allowed errors:
1-9 bp: 0; 10-12 bp: 1

Bases preceding removed adapters:
  A: 20.5%
  C: 22.9%
  G: 33.1%
  T: 23.4%
  none/other: 0.0%

Overview of removed sequences
length	count	expect	max.err	error counts
3	785320	603953.0	0	785320
4	352647	150988.2	0	352647
5	245135	37747.1	0	245135
6	258241	9436.8	0	258241
7	247242	2359.2	0	247242
8	232241	589.8	0	232241
9	231243	147.4	0	226359 4884
10	272745	36.9	1	257884 14861
11	233578	9.2	1	214873 18705
12	235421	2.3	1	220547 14874
13	241138	2.3	1	226625 14513
14	253034	2.3	1	239184 13850
15	244568	2.3	1	231419 13149
16	228063	2.3	1	215169 12894
17	226534	2.3	1	213488 13046
18	215726	2.3	1	203896 11830
19	214091	2.3	1	202719 11372
20	225164	2.3	1	213173 11991
21	213843	2.3	1	203305 10538
22	209358	2.3	1	198760 10598
23	215003	2.3	1	203955 11048
24	215314	2.3	1	204547 10767
25	212570	2.3	1	201597 10973
26	223572	2.3	1	211627 11945
27	212786	2.3	1	201348 11438
28	205071	2.3	1	194344 10727
29	191009	2.3	1	181621 9388
30	195632	2.3	1	185772 9860
31	269807	2.3	1	257133 12674
32	184615	2.3	1	175461 9154
33	178354	2.3	1	168506 9848
34	171680	2.3	1	163450 8230
35	160156	2.3	1	152038 8118
36	157304	2.3	1	149287 8017
37	163264	2.3	1	154310 8954
38	145687	2.3	1	138532 7155
39	144121	2.3	1	137077 7044
40	156965	2.3	1	149126 7839
41	134015	2.3	1	127406 6609
42	130630	2.3	1	124554 6076
43	136380	2.3	1	130240 6140
44	132247	2.3	1	126495 5752
45	124570	2.3	1	119179 5391
46	127542	2.3	1	121886 5656
47	107623	2.3	1	102645 4978
48	106512	2.3	1	101361 5151
49	122170	2.3	1	116195 5975
50	101666	2.3	1	96770 4896
51	95893	2.3	1	91550 4343
52	92807	2.3	1	88804 4003
53	77265	2.3	1	73600 3665
54	71507	2.3	1	68008 3499
55	64410	2.3	1	60990 3420
56	59448	2.3	1	56464 2984
57	53611	2.3	1	50668 2943
58	50198	2.3	1	47625 2573
59	44911	2.3	1	42857 2054
60	48260	2.3	1	45756 2504
61	39205	2.3	1	37372 1833
62	36282	2.3	1	34566 1716
63	34733	2.3	1	33082 1651
64	32243	2.3	1	30700 1543
65	27885	2.3	1	26516 1369
66	24803	2.3	1	23493 1310
67	27077	2.3	1	25755 1322
68	21026	2.3	1	19832 1194
69	18509	2.3	1	17416 1093
70	16998	2.3	1	15980 1018
71	16041	2.3	1	15089 952
72	14747	2.3	1	13811 936
73	13557	2.3	1	12700 857
74	9651	2.3	1	8881 770
75	7953	2.3	1	7404 549
76	6246	2.3	1	5778 468
77	4957	2.3	1	4585 372
78	4501	2.3	1	4090 411
79	4682	2.3	1	4316 366
80	3420	2.3	1	3141 279
81	3235	2.3	1	3008 227
82	4594	2.3	1	4303 291
83	3092	2.3	1	2869 223
84	1666	2.3	1	1517 149
85	1117	2.3	1	982 135
86	827	2.3	1	739 88
87	660	2.3	1	573 87
88	684	2.3	1	593 91
89	526	2.3	1	420 106
90	486	2.3	1	404 82
91	616	2.3	1	540 76
92	862	2.3	1	743 119
93	989	2.3	1	865 124
94	2224	2.3	1	2010 214
95	2802	2.3	1	2596 206
96	2371	2.3	1	1900 471
97	1632	2.3	1	1188 444
98	414	2.3	1	307 107
99	218	2.3	1	161 57
100	264	2.3	1	178 86
101	1993	2.3	1	1527 466
This is cutadapt 5.0 with Python 3.11.11
Command line parameters: -a AGATCGGAAGAG -A AGATCGGAAGAG --minimum-length 25 -o /cephyr/NOBACKUP/groups/bbt045_2025/groups/group_Bjork/data/trimmed_RNA-seq/ERR950162_trimmed_1.fastq.gz -p /cephyr/NOBACKUP/groups/bbt045_2025/groups/group_Bjork/data/trimmed_RNA-seq/ERR950162_trimmed_2.fastq.gz ERR950162_1.fastq.gz ERR950162_2.fastq.gz
Processing paired-end reads on 1 core ...

=== Summary ===

Total read pairs processed:         39,017,164
  Read 1 with adapter:              12,877,615 (33.0%)
  Read 2 with adapter:              12,596,327 (32.3%)

== Read fate breakdown ==
Pairs that were too short:           1,030,019 (2.6%)
Pairs written (passing filters):    37,987,145 (97.4%)

Total basepairs processed: 7,881,467,128 bp
  Read 1: 3,940,733,564 bp
  Read 2: 3,940,733,564 bp
Total written (filtered):  7,092,407,472 bp (90.0%)
  Read 1: 3,543,496,333 bp
  Read 2: 3,548,911,139 bp

=== First read: Adapter 1 ===

Sequence: AGATCGGAAGAG; Type: regular 3'; Length: 12; Trimmed: 12877615 times

Minimum overlap: 3
No. of allowed errors:
1-9 bp: 0; 10-12 bp: 1

Bases preceding removed adapters:
  A: 21.8%
  C: 46.8%
  G: 16.7%
  T: 14.1%
  none/other: 0.6%

Overview of removed sequences
length	count	expect	max.err	error counts
3	735841	609643.2	0	735841
4	392349	152410.8	0	392349
5	217440	38102.7	0	217440
6	312244	9525.7	0	312244
7	330756	2381.4	0	330756
8	284864	595.4	0	284864
9	377562	148.8	0	354250 23312
10	397137	37.2	1	358825 38312
11	278968	9.3	1	249191 29777
12	289370	2.3	1	250432 38938
13	279195	2.3	1	252630 26565
14	353337	2.3	1	323739 29598
15	292485	2.3	1	266150 26335
16	247965	2.3	1	227424 20541
17	241247	2.3	1	220579 20668
18	215685	2.3	1	198350 17335
19	230172	2.3	1	212430 17742
20	249535	2.3	1	230444 19091
21	218387	2.3	1	202145 16242
22	198705	2.3	1	184038 14667
23	199421	2.3	1	185298 14123
24	212438	2.3	1	197688 14750
25	219559	2.3	1	203796 15763
26	244356	2.3	1	228368 15988
27	252505	2.3	1	236164 16341
28	239841	2.3	1	224576 15265
29	184866	2.3	1	173014 11852
30	183091	2.3	1	171276 11815
31	311349	2.3	1	293563 17786
32	167519	2.3	1	156478 11041
33	163779	2.3	1	152910 10869
34	154069	2.3	1	144234 9835
35	139737	2.3	1	130624 9113
36	132362	2.3	1	123606 8756
37	152998	2.3	1	143467 9531
38	113882	2.3	1	106460 7422
39	114733	2.3	1	107077 7656
40	197589	2.3	1	186001 11588
41	108471	2.3	1	101527 6944
42	117066	2.3	1	110045 7021
43	133320	2.3	1	126115 7205
44	135025	2.3	1	127539 7486
45	136674	2.3	1	129300 7374
46	186918	2.3	1	177789 9129
47	97551	2.3	1	92085 5466
48	95882	2.3	1	90538 5344
49	150951	2.3	1	143567 7384
50	98914	2.3	1	93791 5123
51	84841	2.3	1	80408 4433
52	90566	2.3	1	85951 4615
53	70911	2.3	1	67067 3844
54	63613	2.3	1	60198 3415
55	52357	2.3	1	49610 2747
56	50475	2.3	1	47683 2792
57	55960	2.3	1	53094 2866
58	45575	2.3	1	43135 2440
59	43204	2.3	1	41102 2102
60	51832	2.3	1	49275 2557
61	40093	2.3	1	37976 2117
62	36889	2.3	1	34946 1943
63	38828	2.3	1	36700 2128
64	40224	2.3	1	38124 2100
65	32414	2.3	1	30636 1778
66	31572	2.3	1	29903 1669
67	36679	2.3	1	34849 1830
68	27339	2.3	1	25876 1463
69	27316	2.3	1	25866 1450
70	31607	2.3	1	30138 1469
71	23737	2.3	1	22478 1259
72	26472	2.3	1	25183 1289
73	22371	2.3	1	21222 1149
74	15295	2.3	1	14453 842
75	13109	2.3	1	12293 816
76	10925	2.3	1	10308 617
77	8825	2.3	1	8303 522
78	7580	2.3	1	7138 442
79	6641	2.3	1	6179 462
80	5750	2.3	1	5320 430
81	4752	2.3	1	4424 328
82	5804	2.3	1	5458 346
83	5183	2.3	1	4805 378
84	3546	2.3	1	3278 268
85	3027	2.3	1	2760 267
86	3029	2.3	1	2798 231
87	2184	2.3	1	2009 175
88	1841	2.3	1	1650 191
89	2125	2.3	1	1911 214
90	3179	2.3	1	2932 247
91	6952	2.3	1	6547 405
92	11415	2.3	1	10754 661
93	42436	2.3	1	40079 2357
94	186788	2.3	1	177743 9045
95	287442	2.3	1	272531 14911
96	155506	2.3	1	145406 10100
97	84318	2.3	1	78144 6174
98	35912	2.3	1	33346 2566
99	43297	2.3	1	41065 2232
100	31673	2.3	1	29938 1735
101	76096	2.3	1	62180 13916


=== Second read: Adapter 2 ===

Sequence: AGATCGGAAGAG; Type: regular 3'; Length: 12; Trimmed: 12596327 times

Minimum overlap: 3
No. of allowed errors:
1-9 bp: 0; 10-12 bp: 1

Bases preceding removed adapters:
  A: 18.7%
  C: 18.4%
  G: 31.8%
  T: 30.6%
  none/other: 0.6%

Overview of removed sequences
length	count	expect	max.err	error counts
3	613018	609643.2	0	613018
4	369766	152410.8	0	369766
5	246543	38102.7	0	246543
6	310255	9525.7	0	310255
7	356460	2381.4	0	356460
8	284859	595.4	0	284859
9	380303	148.8	0	371002 9301
10	394307	37.2	1	364966 29341
11	272920	9.3	1	238894 34026
12	289264	2.3	1	263688 25576
13	276191	2.3	1	252074 24117
14	350957	2.3	1	324489 26468
15	290775	2.3	1	267887 22888
16	244958	2.3	1	224898 20060
17	238640	2.3	1	218196 20444
18	212838	2.3	1	196072 16766
19	227627	2.3	1	210204 17423
20	246948	2.3	1	229344 17604
21	216256	2.3	1	200936 15320
22	196504	2.3	1	182756 13748
23	196898	2.3	1	183570 13328
24	209559	2.3	1	195673 13886
25	216901	2.3	1	199278 17623
26	240629	2.3	1	221700 18929
27	247909	2.3	1	225468 22441
28	235997	2.3	1	215975 20022
29	182046	2.3	1	169537 12509
30	179619	2.3	1	167357 12262
31	307905	2.3	1	289226 18679
32	164859	2.3	1	153789 11070
33	160845	2.3	1	148693 12152
34	151117	2.3	1	140406 10711
35	137166	2.3	1	127596 9570
36	129960	2.3	1	121058 8902
37	149535	2.3	1	138724 10811
38	111949	2.3	1	103951 7998
39	112373	2.3	1	104020 8353
40	194602	2.3	1	173925 20677
41	105912	2.3	1	98347 7565
42	114541	2.3	1	106899 7642
43	130589	2.3	1	122635 7954
44	132529	2.3	1	124261 8268
45	134168	2.3	1	126179 7989
46	184115	2.3	1	173936 10179
47	95610	2.3	1	89495 6115
48	93716	2.3	1	86688 7028
49	147499	2.3	1	130857 16642
50	96306	2.3	1	89911 6395
51	82707	2.3	1	77767 4940
52	88700	2.3	1	83415 5285
53	69332	2.3	1	64886 4446
54	61938	2.3	1	57897 4041
55	50908	2.3	1	47136 3772
56	49079	2.3	1	45772 3307
57	54607	2.3	1	50664 3943
58	44380	2.3	1	41491 2889
59	42054	2.3	1	39371 2683
60	50526	2.3	1	46856 3670
61	39108	2.3	1	36756 2352
62	35939	2.3	1	33574 2365
63	37892	2.3	1	35394 2498
64	39219	2.3	1	36721 2498
65	31416	2.3	1	29252 2164
66	30652	2.3	1	28705 1947
67	35565	2.3	1	33253 2312
68	26568	2.3	1	24385 2183
69	26383	2.3	1	24528 1855
70	30597	2.3	1	28434 2163
71	22842	2.3	1	21189 1653
72	25433	2.3	1	23439 1994
73	21330	2.3	1	19854 1476
74	14564	2.3	1	13394 1170
75	12341	2.3	1	11461 880
76	10328	2.3	1	9541 787
77	8324	2.3	1	7713 611
78	7236	2.3	1	6603 633
79	6178	2.3	1	5709 469
80	5312	2.3	1	4927 385
81	4470	2.3	1	4123 347
82	5472	2.3	1	5068 404
83	4824	2.3	1	4490 334
84	3266	2.3	1	3017 249
85	2803	2.3	1	2584 219
86	2816	2.3	1	2590 226
87	2041	2.3	1	1890 151
88	1660	2.3	1	1514 146
89	1920	2.3	1	1754 166
90	2939	2.3	1	2746 193
91	6566	2.3	1	6151 415
92	10883	2.3	1	10148 735
93	40790	2.3	1	38042 2748
94	180647	2.3	1	169455 11192
95	277595	2.3	1	259795 17800
96	148853	2.3	1	138656 10197
97	79638	2.3	1	73959 5679
98	33683	2.3	1	31026 2657
99	41389	2.3	1	38233 3156
100	30358	2.3	1	27329 3029
101	68013	2.3	1	59256 8757
This is cutadapt 5.0 with Python 3.11.11
Command line parameters: -a AGATCGGAAGAG -A AGATCGGAAGAG --minimum-length 25 -o /cephyr/NOBACKUP/groups/bbt045_2025/groups/group_Bjork/data/trimmed_RNA-seq/ERR950163_trimmed_1.fastq.gz -p /cephyr/NOBACKUP/groups/bbt045_2025/groups/group_Bjork/data/trimmed_RNA-seq/ERR950163_trimmed_2.fastq.gz ERR950163_1.fastq.gz ERR950163_2.fastq.gz
Processing paired-end reads on 1 core ...

=== Summary ===

Total read pairs processed:         23,545,274
  Read 1 with adapter:               4,994,332 (21.2%)
  Read 2 with adapter:               4,913,479 (20.9%)

== Read fate breakdown ==
Pairs that were too short:              58,275 (0.2%)
Pairs written (passing filters):    23,486,999 (99.8%)

Total basepairs processed: 4,756,145,348 bp
  Read 1: 2,378,072,674 bp
  Read 2: 2,378,072,674 bp
Total written (filtered):  4,532,965,186 bp (95.3%)
  Read 1: 2,265,551,047 bp
  Read 2: 2,267,414,139 bp

=== First read: Adapter 1 ===

Sequence: AGATCGGAAGAG; Type: regular 3'; Length: 12; Trimmed: 4994332 times

Minimum overlap: 3
No. of allowed errors:
1-9 bp: 0; 10-12 bp: 1

Bases preceding removed adapters:
  A: 25.5%
  C: 37.7%
  G: 23.7%
  T: 12.9%
  none/other: 0.1%

Overview of removed sequences
length	count	expect	max.err	error counts
3	583359	367894.9	0	583359
4	224612	91973.7	0	224612
5	117415	22993.4	0	117415
6	135784	5748.4	0	135784
7	113586	1437.1	0	113586
8	119247	359.3	0	119247
9	122375	89.8	0	116801 5574
10	135852	22.5	1	121648 14204
11	117461	5.6	1	103843 13618
12	119363	1.4	1	102326 17037
13	119820	1.4	1	108059 11761
14	126053	1.4	1	114547 11506
15	122376	1.4	1	110698 11678
16	123011	1.4	1	112242 10769
17	109975	1.4	1	99980 9995
18	104053	1.4	1	95137 8916
19	100503	1.4	1	92260 8243
20	101944	1.4	1	93732 8212
21	100678	1.4	1	92703 7975
22	95051	1.4	1	87754 7297
23	99911	1.4	1	92341 7570
24	94591	1.4	1	87741 6850
25	95229	1.4	1	88242 6987
26	100133	1.4	1	93322 6811
27	94045	1.4	1	87876 6169
28	83200	1.4	1	77607 5593
29	76958	1.4	1	72077 4881
30	74025	1.4	1	69097 4928
31	93416	1.4	1	87753 5663
32	68485	1.4	1	64103 4382
33	66897	1.4	1	62539 4358
34	64693	1.4	1	60662 4031
35	61377	1.4	1	57447 3930
36	59922	1.4	1	55951 3971
37	64281	1.4	1	60180 4101
38	52611	1.4	1	49279 3332
39	49435	1.4	1	46229 3206
40	52752	1.4	1	49409 3343
41	44256	1.4	1	41512 2744
42	43241	1.4	1	40720 2521
43	43613	1.4	1	41120 2493
44	41575	1.4	1	39111 2464
45	39116	1.4	1	36793 2323
46	39582	1.4	1	37399 2183
47	33477	1.4	1	31548 1929
48	32637	1.4	1	30795 1842
49	35614	1.4	1	33707 1907
50	30686	1.4	1	28916 1770
51	28543	1.4	1	26982 1561
52	26589	1.4	1	25090 1499
53	22828	1.4	1	21483 1345
54	22085	1.4	1	20892 1193
55	19423	1.4	1	18270 1153
56	17927	1.4	1	16924 1003
57	16896	1.4	1	15912 984
58	15751	1.4	1	14835 916
59	14148	1.4	1	13284 864
60	14960	1.4	1	14112 848
61	11774	1.4	1	11039 735
62	11420	1.4	1	10795 625
63	10408	1.4	1	9781 627
64	10021	1.4	1	9428 593
65	8838	1.4	1	8264 574
66	8109	1.4	1	7621 488
67	8283	1.4	1	7771 512
68	6549	1.4	1	6118 431
69	5962	1.4	1	5491 471
70	5251	1.4	1	4887 364
71	5038	1.4	1	4705 333
72	5021	1.4	1	4663 358
73	4578	1.4	1	4261 317
74	3458	1.4	1	3173 285
75	2770	1.4	1	2501 269
76	2227	1.4	1	2030 197
77	1830	1.4	1	1686 144
78	1473	1.4	1	1339 134
79	1193	1.4	1	1046 147
80	1108	1.4	1	965 143
81	911	1.4	1	797 114
82	1033	1.4	1	885 148
83	811	1.4	1	702 109
84	560	1.4	1	456 104
85	455	1.4	1	366 89
86	384	1.4	1	294 90
87	297	1.4	1	227 70
88	236	1.4	1	163 73
89	241	1.4	1	158 83
90	293	1.4	1	202 91
91	463	1.4	1	359 104
92	666	1.4	1	538 128
93	2078	1.4	1	1828 250
94	8041	1.4	1	7353 688
95	12799	1.4	1	11750 1049
96	7651	1.4	1	6857 794
97	4425	1.4	1	3886 539
98	1893	1.4	1	1651 242
99	2228	1.4	1	2032 196
100	1618	1.4	1	1415 203
101	4512	1.4	1	3298 1214


=== Second read: Adapter 2 ===

Sequence: AGATCGGAAGAG; Type: regular 3'; Length: 12; Trimmed: 4913479 times

Minimum overlap: 3
No. of allowed errors:
1-9 bp: 0; 10-12 bp: 1

Bases preceding removed adapters:
  A: 22.1%
  C: 20.4%
  G: 29.6%
  T: 27.8%
  none/other: 0.1%

Overview of removed sequences
length	count	expect	max.err	error counts
3	543914	367894.9	0	543914
4	210713	91973.7	0	210713
5	132593	22993.4	0	132593
6	134527	5748.4	0	134527
7	124366	1437.1	0	124366
8	119981	359.3	0	119981
9	124005	89.8	0	121375 2630
10	134810	22.5	1	124499 10311
11	116201	5.6	1	103596 12605
12	120066	1.4	1	110001 10065
13	119129	1.4	1	109488 9641
14	125883	1.4	1	116306 9577
15	121939	1.4	1	112486 9453
16	121816	1.4	1	112470 9346
17	109505	1.4	1	100997 8508
18	103255	1.4	1	95742 7513
19	99697	1.4	1	92832 6865
20	101175	1.4	1	94416 6759
21	99749	1.4	1	92840 6909
22	94252	1.4	1	88053 6199
23	98723	1.4	1	92402 6321
24	93330	1.4	1	87618 5712
25	94005	1.4	1	87893 6112
26	98681	1.4	1	92149 6532
27	92766	1.4	1	86096 6670
28	81744	1.4	1	76302 5442
29	75801	1.4	1	71161 4640
30	72692	1.4	1	68256 4436
31	92164	1.4	1	86654 5510
32	67367	1.4	1	63437 3930
33	65835	1.4	1	61534 4301
34	63622	1.4	1	59796 3826
35	60405	1.4	1	57019 3386
36	58893	1.4	1	55438 3455
37	63075	1.4	1	58973 4102
38	51677	1.4	1	48635 3042
39	48571	1.4	1	45720 2851
40	51880	1.4	1	48025 3855
41	43426	1.4	1	40847 2579
42	42463	1.4	1	39946 2517
43	42766	1.4	1	40322 2444
44	40789	1.4	1	38438 2351
45	38410	1.4	1	36262 2148
46	38850	1.4	1	36865 1985
47	32740	1.4	1	31011 1729
48	31901	1.4	1	30077 1824
49	34803	1.4	1	32240 2563
50	30029	1.4	1	28217 1812
51	27819	1.4	1	26173 1646
52	25936	1.4	1	24506 1430
53	22215	1.4	1	20915 1300
54	21479	1.4	1	20268 1211
55	18776	1.4	1	17475 1301
56	17321	1.4	1	16299 1022
57	16341	1.4	1	15320 1021
58	15186	1.4	1	14317 869
59	13630	1.4	1	12835 795
60	14440	1.4	1	13616 824
61	11374	1.4	1	10690 684
62	11056	1.4	1	10323 733
63	10047	1.4	1	9444 603
64	9619	1.4	1	9061 558
65	8474	1.4	1	7936 538
66	7767	1.4	1	7299 468
67	7905	1.4	1	7367 538
68	6208	1.4	1	5744 464
69	5604	1.4	1	5187 417
70	4950	1.4	1	4564 386
71	4712	1.4	1	4342 370
72	4706	1.4	1	4276 430
73	4261	1.4	1	3908 353
74	3194	1.4	1	2911 283
75	2527	1.4	1	2297 230
76	2007	1.4	1	1833 174
77	1646	1.4	1	1504 142
78	1340	1.4	1	1186 154
79	1021	1.4	1	906 115
80	949	1.4	1	850 99
81	793	1.4	1	705 88
82	858	1.4	1	760 98
83	672	1.4	1	608 64
84	439	1.4	1	387 52
85	341	1.4	1	279 62
86	275	1.4	1	236 39
87	212	1.4	1	180 32
88	131	1.4	1	115 16
89	149	1.4	1	112 37
90	169	1.4	1	143 26
91	337	1.4	1	297 40
92	519	1.4	1	460 59
93	1848	1.4	1	1726 122
94	7464	1.4	1	6934 530
95	11938	1.4	1	11119 819
96	7015	1.4	1	6455 560
97	3957	1.4	1	3603 354
98	1643	1.4	1	1505 138
99	2020	1.4	1	1843 177
100	1453	1.4	1	1243 210
101	3752	1.4	1	3069 683
This is cutadapt 5.0 with Python 3.11.11
Command line parameters: -a AGATCGGAAGAG -A AGATCGGAAGAG --minimum-length 25 -o /cephyr/NOBACKUP/groups/bbt045_2025/groups/group_Bjork/data/trimmed_RNA-seq/ERR950177_trimmed_1.fastq.gz -p /cephyr/NOBACKUP/groups/bbt045_2025/groups/group_Bjork/data/trimmed_RNA-seq/ERR950177_trimmed_2.fastq.gz ERR950177_1.fastq.gz ERR950177_2.fastq.gz
Processing paired-end reads on 1 core ...

=== Summary ===

Total read pairs processed:         23,796,570
  Read 1 with adapter:               4,000,137 (16.8%)
  Read 2 with adapter:               3,916,775 (16.5%)

== Read fate breakdown ==
Pairs that were too short:             243,343 (1.0%)
Pairs written (passing filters):    23,553,227 (99.0%)

Total basepairs processed: 4,806,907,140 bp
  Read 1: 2,403,453,570 bp
  Read 2: 2,403,453,570 bp
Total written (filtered):  4,597,943,035 bp (95.7%)
  Read 1: 2,298,187,063 bp
  Read 2: 2,299,755,972 bp

=== First read: Adapter 1 ===

Sequence: AGATCGGAAGAG; Type: regular 3'; Length: 12; Trimmed: 4000137 times

Minimum overlap: 3
No. of allowed errors:
1-9 bp: 0; 10-12 bp: 1

Bases preceding removed adapters:
  A: 21.0%
  C: 41.9%
  G: 21.7%
  T: 14.4%
  none/other: 1.0%

Overview of removed sequences
length	count	expect	max.err	error counts
3	478702	371821.4	0	478702
4	181600	92955.4	0	181600
5	95814	23238.8	0	95814
6	97941	5809.7	0	97941
7	91492	1452.4	0	91492
8	88059	363.1	0	88059
9	141562	90.8	0	134937 6625
10	124524	22.7	1	112043 12481
11	85660	5.7	1	75343 10317
12	78664	1.4	1	67086 11578
13	84799	1.4	1	76378 8421
14	95258	1.4	1	86557 8701
15	85517	1.4	1	77442 8075
16	79108	1.4	1	72316 6792
17	72732	1.4	1	66175 6557
18	66655	1.4	1	60659 5996
19	68656	1.4	1	62919 5737
20	71134	1.4	1	65223 5911
21	68745	1.4	1	63256 5489
22	60826	1.4	1	55981 4845
23	60124	1.4	1	55490 4634
24	65471	1.4	1	60930 4541
25	59948	1.4	1	55430 4518
26	64723	1.4	1	60242 4481
27	66859	1.4	1	62267 4592
28	63524	1.4	1	59327 4197
29	58784	1.4	1	54745 4039
30	52887	1.4	1	49425 3462
31	109623	1.4	1	103663 5960
32	52916	1.4	1	49741 3175
33	45039	1.4	1	42052 2987
34	45456	1.4	1	42546 2910
35	39378	1.4	1	36730 2648
36	39003	1.4	1	36409 2594
37	37710	1.4	1	35276 2434
38	37062	1.4	1	34658 2404
39	40911	1.4	1	38261 2650
40	50353	1.4	1	47224 3129
41	31996	1.4	1	29909 2087
42	30132	1.4	1	28261 1871
43	32130	1.4	1	30314 1816
44	29739	1.4	1	27889 1850
45	27474	1.4	1	25765 1709
46	30511	1.4	1	28740 1771
47	23868	1.4	1	22421 1447
48	25745	1.4	1	24066 1679
49	44864	1.4	1	42582 2282
50	24750	1.4	1	23154 1596
51	25404	1.4	1	23916 1488
52	25026	1.4	1	23559 1467
53	19544	1.4	1	18332 1212
54	18162	1.4	1	16966 1196
55	14517	1.4	1	13591 926
56	14616	1.4	1	13709 907
57	12776	1.4	1	11923 853
58	11178	1.4	1	10437 741
59	9949	1.4	1	9346 603
60	13138	1.4	1	12299 839
61	8864	1.4	1	8242 622
62	7976	1.4	1	7452 524
63	7499	1.4	1	6936 563
64	7869	1.4	1	7342 527
65	7113	1.4	1	6618 495
66	6094	1.4	1	5645 449
67	6020	1.4	1	5626 394
68	4971	1.4	1	4586 385
69	5443	1.4	1	4969 474
70	4301	1.4	1	3979 322
71	5218	1.4	1	4837 381
72	4205	1.4	1	3889 316
73	4441	1.4	1	4126 315
74	2602	1.4	1	2369 233
75	2736	1.4	1	2422 314
76	1792	1.4	1	1584 208
77	1624	1.4	1	1452 172
78	1205	1.4	1	1064 141
79	1195	1.4	1	1068 127
80	1018	1.4	1	862 156
81	1060	1.4	1	949 111
82	1274	1.4	1	1139 135
83	1937	1.4	1	1819 118
84	820	1.4	1	725 95
85	492	1.4	1	410 82
86	549	1.4	1	459 90
87	403	1.4	1	343 60
88	359	1.4	1	307 52
89	300	1.4	1	247 53
90	439	1.4	1	372 67
91	710	1.4	1	622 88
92	1430	1.4	1	1270 160
93	6329	1.4	1	5912 417
94	34410	1.4	1	32712 1698
95	57700	1.4	1	54663 3037
96	33578	1.4	1	31199 2379
97	22232	1.4	1	20600 1632
98	10216	1.4	1	9432 784
99	10912	1.4	1	10280 632
100	10824	1.4	1	10121 703
101	39239	1.4	1	31484 7755


=== Second read: Adapter 2 ===

Sequence: AGATCGGAAGAG; Type: regular 3'; Length: 12; Trimmed: 3916775 times

Minimum overlap: 3
No. of allowed errors:
1-9 bp: 0; 10-12 bp: 1

Bases preceding removed adapters:
  A: 17.6%
  C: 27.6%
  G: 31.5%
  T: 22.4%
  none/other: 0.9%

Overview of removed sequences
length	count	expect	max.err	error counts
3	447742	371821.4	0	447742
4	158345	92955.4	0	158345
5	108130	23238.8	0	108130
6	97316	5809.7	0	97316
7	102325	1452.4	0	102325
8	89082	363.1	0	89082
9	142687	90.8	0	139282 3405
10	123866	22.7	1	115051 8815
11	84813	5.7	1	75442 9371
12	79276	1.4	1	72620 6656
13	83953	1.4	1	77256 6697
14	94692	1.4	1	87877 6815
15	85174	1.4	1	78731 6443
16	78090	1.4	1	72559 5531
17	72377	1.4	1	66972 5405
18	65895	1.4	1	61187 4708
19	68052	1.4	1	63435 4617
20	70496	1.4	1	65898 4598
21	67938	1.4	1	63556 4382
22	60008	1.4	1	56148 3860
23	59212	1.4	1	55527 3685
24	64246	1.4	1	60341 3905
25	58803	1.4	1	54935 3868
26	63255	1.4	1	59104 4151
27	65063	1.4	1	60362 4701
28	61967	1.4	1	57978 3989
29	57478	1.4	1	54020 3458
30	51739	1.4	1	48644 3095
31	107874	1.4	1	102100 5774
32	51835	1.4	1	48862 2973
33	44114	1.4	1	41253 2861
34	44454	1.4	1	41907 2547
35	38530	1.4	1	36390 2140
36	38165	1.4	1	35942 2223
37	36888	1.4	1	34526 2362
38	36247	1.4	1	34049 2198
39	39967	1.4	1	37623 2344
40	49408	1.4	1	46162 3246
41	31113	1.4	1	29346 1767
42	29456	1.4	1	27704 1752
43	31441	1.4	1	29700 1741
44	28990	1.4	1	27389 1601
45	26869	1.4	1	25445 1424
46	29891	1.4	1	28245 1646
47	23305	1.4	1	21987 1318
48	25119	1.4	1	23545 1574
49	44042	1.4	1	40882 3160
50	24177	1.4	1	22645 1532
51	24729	1.4	1	23397 1332
52	24370	1.4	1	23058 1312
53	19060	1.4	1	17940 1120
54	17582	1.4	1	16559 1023
55	14000	1.4	1	13097 903
56	14164	1.4	1	13301 863
57	12413	1.4	1	11619 794
58	10831	1.4	1	10183 648
59	9628	1.4	1	9050 578
60	12708	1.4	1	11973 735
61	8571	1.4	1	8049 522
62	7713	1.4	1	7247 466
63	7180	1.4	1	6753 427
64	7643	1.4	1	7142 501
65	6891	1.4	1	6428 463
66	5905	1.4	1	5459 446
67	5811	1.4	1	5419 392
68	4721	1.4	1	4381 340
69	5149	1.4	1	4781 368
70	4155	1.4	1	3781 374
71	5028	1.4	1	4624 404
72	4093	1.4	1	3749 344
73	4305	1.4	1	3933 372
74	2556	1.4	1	2283 273
75	2560	1.4	1	2312 248
76	1676	1.4	1	1522 154
77	1530	1.4	1	1385 145
78	1189	1.4	1	1042 147
79	1101	1.4	1	987 114
80	999	1.4	1	808 191
81	1007	1.4	1	905 102
82	1201	1.4	1	1093 108
83	1911	1.4	1	1751 160
84	768	1.4	1	705 63
85	466	1.4	1	401 65
86	548	1.4	1	493 55
87	461	1.4	1	408 53
88	443	1.4	1	380 63
89	443	1.4	1	373 70
90	546	1.4	1	479 67
91	781	1.4	1	692 89
92	1443	1.4	1	1331 112
93	6222	1.4	1	5776 446
94	33574	1.4	1	31680 1894
95	55984	1.4	1	52872 3112
96	32082	1.4	1	30070 2012
97	21094	1.4	1	19782 1312
98	9659	1.4	1	9014 645
99	10475	1.4	1	9791 684
100	10380	1.4	1	9457 923
101	35121	1.4	1	30355 4766
This is cutadapt 5.0 with Python 3.11.11
Command line parameters: -a AGATCGGAAGAG -A AGATCGGAAGAG --minimum-length 25 -o /cephyr/NOBACKUP/groups/bbt045_2025/groups/group_Bjork/data/trimmed_RNA-seq/ERR950178_trimmed_1.fastq.gz -p /cephyr/NOBACKUP/groups/bbt045_2025/groups/group_Bjork/data/trimmed_RNA-seq/ERR950178_trimmed_2.fastq.gz ERR950178_1.fastq.gz ERR950178_2.fastq.gz
Processing paired-end reads on 1 core ...

=== Summary ===

Total read pairs processed:         26,360,829
  Read 1 with adapter:               7,927,500 (30.1%)
  Read 2 with adapter:               7,798,333 (29.6%)

== Read fate breakdown ==
Pairs that were too short:             193,237 (0.7%)
Pairs written (passing filters):    26,167,592 (99.3%)

Total basepairs processed: 5,324,887,458 bp
  Read 1: 2,662,443,729 bp
  Read 2: 2,662,443,729 bp
Total written (filtered):  4,892,978,492 bp (91.9%)
  Read 1: 2,445,207,547 bp
  Read 2: 2,447,770,945 bp

=== First read: Adapter 1 ===

Sequence: AGATCGGAAGAG; Type: regular 3'; Length: 12; Trimmed: 7927500 times

Minimum overlap: 3
No. of allowed errors:
1-9 bp: 0; 10-12 bp: 1

Bases preceding removed adapters:
  A: 24.3%
  C: 39.2%
  G: 23.3%
  T: 13.1%
  none/other: 0.1%

Overview of removed sequences
length	count	expect	max.err	error counts
3	611770	411888.0	0	611770
4	264546	102972.0	0	264546
5	148367	25743.0	0	148367
6	180256	6435.7	0	180256
7	158401	1608.9	0	158401
8	166299	402.2	0	166299
9	171104	100.6	0	161264 9840
10	191841	25.1	1	174449 17392
11	162294	6.3	1	146161 16133
12	164252	1.6	1	142313 21939
13	165308	1.6	1	150894 14414
14	180441	1.6	1	165770 14671
15	169005	1.6	1	155087 13918
16	159024	1.6	1	147190 11834
17	156367	1.6	1	144016 12351
18	150420	1.6	1	138997 11423
19	149815	1.6	1	139042 10773
20	159307	1.6	1	147800 11507
21	150168	1.6	1	140043 10125
22	144707	1.6	1	135117 9590
23	144567	1.6	1	135303 9264
24	145969	1.6	1	137346 8623
25	147151	1.6	1	137861 9290
26	158008	1.6	1	149145 8863
27	146704	1.6	1	138418 8286
28	137210	1.6	1	129473 7737
29	131630	1.6	1	124371 7259
30	130649	1.6	1	123510 7139
31	180451	1.6	1	171343 9108
32	126093	1.6	1	119542 6551
33	122008	1.6	1	115311 6697
34	118235	1.6	1	112123 6112
35	108846	1.6	1	102973 5873
36	106592	1.6	1	100732 5860
37	109995	1.6	1	104155 5840
38	97515	1.6	1	92563 4952
39	98056	1.6	1	93001 5055
40	100221	1.6	1	95011 5210
41	89399	1.6	1	84903 4496
42	88452	1.6	1	84021 4431
43	90035	1.6	1	85751 4284
44	90359	1.6	1	85888 4471
45	83615	1.6	1	79571 4044
46	89518	1.6	1	85417 4101
47	73610	1.6	1	70160 3450
48	71963	1.6	1	68440 3523
49	80239	1.6	1	76510 3729
50	69734	1.6	1	66468 3266
51	66446	1.6	1	63493 2953
52	62726	1.6	1	59777 2949
53	55083	1.6	1	52500 2583
54	54169	1.6	1	51640 2529
55	46174	1.6	1	43948 2226
56	43638	1.6	1	41511 2127
57	41591	1.6	1	39639 1952
58	37953	1.6	1	36059 1894
59	35184	1.6	1	33466 1718
60	38105	1.6	1	36316 1789
61	31145	1.6	1	29657 1488
62	30259	1.6	1	28748 1511
63	29333	1.6	1	27871 1462
64	27627	1.6	1	26250 1377
65	24501	1.6	1	23142 1359
66	23994	1.6	1	22828 1166
67	24205	1.6	1	23056 1149
68	20549	1.6	1	19436 1113
69	17828	1.6	1	16832 996
70	16412	1.6	1	15545 867
71	15211	1.6	1	14333 878
72	14858	1.6	1	14015 843
73	13444	1.6	1	12706 738
74	9962	1.6	1	9373 589
75	8134	1.6	1	7591 543
76	6832	1.6	1	6386 446
77	5592	1.6	1	5238 354
78	4604	1.6	1	4276 328
79	3626	1.6	1	3323 303
80	3093	1.6	1	2810 283
81	2546	1.6	1	2303 243
82	2906	1.6	1	2659 247
83	2266	1.6	1	2067 199
84	1646	1.6	1	1475 171
85	1415	1.6	1	1275 140
86	1128	1.6	1	977 151
87	932	1.6	1	773 159
88	668	1.6	1	541 127
89	721	1.6	1	580 141
90	1033	1.6	1	885 148
91	1920	1.6	1	1725 195
92	3150	1.6	1	2816 334
93	8680	1.6	1	7935 745
94	34416	1.6	1	31809 2607
95	48257	1.6	1	44440 3817
96	24139	1.6	1	21923 2216
97	12044	1.6	1	10762 1282
98	5292	1.6	1	4797 495
99	5952	1.6	1	5527 425
100	4457	1.6	1	4129 328
101	11138	1.6	1	9725 1413


=== Second read: Adapter 2 ===

Sequence: AGATCGGAAGAG; Type: regular 3'; Length: 12; Trimmed: 7798333 times

Minimum overlap: 3
No. of allowed errors:
1-9 bp: 0; 10-12 bp: 1

Bases preceding removed adapters:
  A: 20.9%
  C: 19.9%
  G: 29.0%
  T: 30.0%
  none/other: 0.1%

Overview of removed sequences
length	count	expect	max.err	error counts
3	528438	411888.0	0	528438
4	246274	102972.0	0	246274
5	170555	25743.0	0	170555
6	179176	6435.7	0	179176
7	174206	1608.9	0	174206
8	167397	402.2	0	167397
9	173682	100.6	0	169878 3804
10	191372	25.1	1	178585 12787
11	161335	6.3	1	145549 15786
12	166337	1.6	1	153500 12837
13	164819	1.6	1	152839 11980
14	180587	1.6	1	168623 11964
15	169243	1.6	1	157422 11821
16	158248	1.6	1	147751 10497
17	156518	1.6	1	145662 10856
18	150361	1.6	1	140700 9661
19	149576	1.6	1	140374 9202
20	159034	1.6	1	149211 9823
21	149604	1.6	1	140561 9043
22	143947	1.6	1	135441 8506
23	143553	1.6	1	135193 8360
24	144740	1.6	1	136891 7849
25	145798	1.6	1	137274 8524
26	156483	1.6	1	147252 9231
27	145149	1.6	1	135712 9437
28	135374	1.6	1	127434 7940
29	130426	1.6	1	123284 7142
30	129084	1.6	1	121927 7157
31	178864	1.6	1	169411 9453
32	124736	1.6	1	118061 6675
33	120677	1.6	1	113433 7244
34	116981	1.6	1	110814 6167
35	107672	1.6	1	102081 5591
36	105507	1.6	1	99739 5768
37	108653	1.6	1	102536 6117
38	96577	1.6	1	91527 5050
39	97160	1.6	1	91973 5187
40	99251	1.6	1	93399 5852
41	88185	1.6	1	83633 4552
42	87440	1.6	1	82748 4692
43	88912	1.6	1	84513 4399
44	89266	1.6	1	84875 4391
45	82634	1.6	1	78742 3892
46	88470	1.6	1	84396 4074
47	72502	1.6	1	69024 3478
48	71009	1.6	1	67260 3749
49	78943	1.6	1	73676 5267
50	68722	1.6	1	64909 3813
51	65448	1.6	1	62050 3398
52	61678	1.6	1	58761 2917
53	54027	1.6	1	51180 2847
54	53098	1.6	1	50358 2740
55	45165	1.6	1	42648 2517
56	42767	1.6	1	40560 2207
57	40671	1.6	1	38295 2376
58	37080	1.6	1	35119 1961
59	34393	1.6	1	32665 1728
60	37218	1.6	1	35313 1905
61	30517	1.6	1	29063 1454
62	29593	1.6	1	28111 1482
63	28731	1.6	1	27273 1458
64	26977	1.6	1	25526 1451
65	23863	1.6	1	22565 1298
66	23433	1.6	1	22140 1293
67	23544	1.6	1	22210 1334
68	19887	1.6	1	18711 1176
69	17163	1.6	1	16158 1005
70	15853	1.6	1	14853 1000
71	14636	1.6	1	13712 924
72	14252	1.6	1	13241 1011
73	12845	1.6	1	12057 788
74	9503	1.6	1	8785 718
75	7724	1.6	1	7167 557
76	6442	1.6	1	5989 453
77	5267	1.6	1	4900 367
78	4350	1.6	1	4032 318
79	3365	1.6	1	3106 259
80	2809	1.6	1	2596 213
81	2305	1.6	1	2113 192
82	2654	1.6	1	2355 299
83	2056	1.6	1	1898 158
84	1402	1.6	1	1267 135
85	1282	1.6	1	1152 130
86	967	1.6	1	859 108
87	724	1.6	1	650 74
88	516	1.6	1	450 66
89	555	1.6	1	492 63
90	840	1.6	1	769 71
91	1716	1.6	1	1597 119
92	2821	1.6	1	2631 190
93	8158	1.6	1	7611 547
94	32494	1.6	1	30392 2102
95	45507	1.6	1	42629 2878
96	22508	1.6	1	20896 1612
97	11016	1.6	1	10204 812
98	4823	1.6	1	4437 386
99	5576	1.6	1	5117 459
100	4184	1.6	1	3710 474
101	10453	1.6	1	9063 1390
This is cutadapt 5.0 with Python 3.11.11
Command line parameters: -a AGATCGGAAGAG -A AGATCGGAAGAG --minimum-length 25 -o /cephyr/NOBACKUP/groups/bbt045_2025/groups/group_Bjork/data/trimmed_RNA-seq/ERR950179_trimmed_1.fastq.gz -p /cephyr/NOBACKUP/groups/bbt045_2025/groups/group_Bjork/data/trimmed_RNA-seq/ERR950179_trimmed_2.fastq.gz ERR950179_1.fastq.gz ERR950179_2.fastq.gz
Processing paired-end reads on 1 core ...

=== Summary ===

Total read pairs processed:         17,671,067
  Read 1 with adapter:               3,386,757 (19.2%)
  Read 2 with adapter:               3,307,455 (18.7%)

== Read fate breakdown ==
Pairs that were too short:              14,248 (0.1%)
Pairs written (passing filters):    17,656,819 (99.9%)

Total basepairs processed: 3,569,555,534 bp
  Read 1: 1,784,777,767 bp
  Read 2: 1,784,777,767 bp
Total written (filtered):  3,430,312,457 bp (96.1%)
  Read 1: 1,714,557,647 bp
  Read 2: 1,715,754,810 bp

=== First read: Adapter 1 ===

Sequence: AGATCGGAAGAG; Type: regular 3'; Length: 12; Trimmed: 3386757 times

Minimum overlap: 3
No. of allowed errors:
1-9 bp: 0; 10-12 bp: 1

Bases preceding removed adapters:
  A: 24.7%
  C: 39.0%
  G: 23.0%
  T: 13.3%
  none/other: 0.0%

Overview of removed sequences
length	count	expect	max.err	error counts
3	436519	276110.4	0	436519
4	168549	69027.6	0	168549
5	84213	17256.9	0	84213
6	97312	4314.2	0	97312
7	77517	1078.6	0	77517
8	83505	269.6	0	83505
9	83605	67.4	0	76861 6744
10	104317	16.9	1	93557 10760
11	85174	4.2	1	76534 8640
12	84188	1.1	1	73759 10429
13	83006	1.1	1	75438 7568
14	88943	1.1	1	81158 7785
15	84151	1.1	1	77053 7098
16	78477	1.1	1	72339 6138
17	76670	1.1	1	70666 6004
18	70393	1.1	1	64841 5552
19	69495	1.1	1	64313 5182
20	73008	1.1	1	67598 5410
21	66021	1.1	1	61309 4712
22	65928	1.1	1	61578 4350
23	65588	1.1	1	61278 4310
24	66985	1.1	1	62818 4167
25	62698	1.1	1	58613 4085
26	65238	1.1	1	61316 3922
27	60081	1.1	1	56465 3616
28	58853	1.1	1	55566 3287
29	53961	1.1	1	50759 3202
30	53985	1.1	1	50534 3451
31	75316	1.1	1	71109 4207
32	47395	1.1	1	44886 2509
33	46209	1.1	1	43621 2588
34	41314	1.1	1	39062 2252
35	38693	1.1	1	36489 2204
36	37594	1.1	1	35605 1989
37	36737	1.1	1	34700 2037
38	32384	1.1	1	30689 1695
39	32436	1.1	1	30673 1763
40	34404	1.1	1	32614 1790
41	28663	1.1	1	27274 1389
42	26705	1.1	1	25348 1357
43	27756	1.1	1	26460 1296
44	26903	1.1	1	25623 1280
45	24459	1.1	1	23241 1218
46	29043	1.1	1	27702 1341
47	20878	1.1	1	19930 948
48	20381	1.1	1	19390 991
49	23376	1.1	1	22321 1055
50	18339	1.1	1	17478 861
51	16853	1.1	1	16066 787
52	16349	1.1	1	15575 774
53	12615	1.1	1	11966 649
54	11628	1.1	1	11050 578
55	9940	1.1	1	9473 467
56	9114	1.1	1	8636 478
57	8365	1.1	1	7903 462
58	7304	1.1	1	6903 401
59	6352	1.1	1	5987 365
60	6710	1.1	1	6367 343
61	5669	1.1	1	5353 316
62	5473	1.1	1	5164 309
63	5158	1.1	1	4843 315
64	4848	1.1	1	4555 293
65	4001	1.1	1	3731 270
66	3432	1.1	1	3202 230
67	3596	1.1	1	3363 233
68	2814	1.1	1	2640 174
69	2839	1.1	1	2604 235
70	2450	1.1	1	2264 186
71	2354	1.1	1	2199 155
72	2125	1.1	1	1930 195
73	2302	1.1	1	2111 191
74	1441	1.1	1	1300 141
75	1514	1.1	1	1334 180
76	1023	1.1	1	919 104
77	846	1.1	1	753 93
78	798	1.1	1	702 96
79	714	1.1	1	597 117
80	663	1.1	1	505 158
81	526	1.1	1	458 68
82	571	1.1	1	479 92
83	654	1.1	1	549 105
84	379	1.1	1	294 85
85	266	1.1	1	204 62
86	227	1.1	1	183 44
87	202	1.1	1	144 58
88	234	1.1	1	156 78
89	163	1.1	1	110 53
90	185	1.1	1	128 57
91	230	1.1	1	194 36
92	289	1.1	1	222 67
93	400	1.1	1	311 89
94	699	1.1	1	582 117
95	924	1.1	1	774 150
96	1165	1.1	1	877 288
97	978	1.1	1	694 284
98	299	1.1	1	190 109
99	144	1.1	1	92 52
100	218	1.1	1	74 144
101	1349	1.1	1	551 798


=== Second read: Adapter 2 ===

Sequence: AGATCGGAAGAG; Type: regular 3'; Length: 12; Trimmed: 3307455 times

Minimum overlap: 3
No. of allowed errors:
1-9 bp: 0; 10-12 bp: 1

Bases preceding removed adapters:
  A: 18.8%
  C: 24.4%
  G: 32.4%
  T: 24.4%
  none/other: 0.0%

Overview of removed sequences
length	count	expect	max.err	error counts
3	379882	276110.4	0	379882
4	147561	69027.6	0	147561
5	95533	17256.9	0	95533
6	97429	4314.2	0	97429
7	89718	1078.6	0	89718
8	85220	269.6	0	85220
9	85272	67.4	0	83005 2267
10	104639	16.9	1	97941 6698
11	84956	4.2	1	75966 8990
12	85207	1.1	1	78419 6788
13	83000	1.1	1	77207 5793
14	88914	1.1	1	83302 5612
15	84119	1.1	1	78587 5532
16	78046	1.1	1	72748 5298
17	76395	1.1	1	71222 5173
18	70032	1.1	1	65354 4678
19	69167	1.1	1	64724 4443
20	72646	1.1	1	68170 4476
21	65658	1.1	1	61767 3891
22	65336	1.1	1	61360 3976
23	65077	1.1	1	61155 3922
24	66351	1.1	1	62506 3845
25	62122	1.1	1	58427 3695
26	64537	1.1	1	60533 4004
27	59343	1.1	1	55336 4007
28	58313	1.1	1	54918 3395
29	53399	1.1	1	50492 2907
30	53310	1.1	1	50450 2860
31	74560	1.1	1	70681 3879
32	46783	1.1	1	44224 2559
33	45590	1.1	1	42799 2791
34	40628	1.1	1	38351 2277
35	38028	1.1	1	35999 2029
36	37031	1.1	1	34933 2098
37	36162	1.1	1	33970 2192
38	31921	1.1	1	30169 1752
39	31875	1.1	1	30144 1731
40	33802	1.1	1	31331 2471
41	28083	1.1	1	26515 1568
42	26202	1.1	1	24728 1474
43	27201	1.1	1	25750 1451
44	26403	1.1	1	25043 1360
45	23953	1.1	1	22679 1274
46	28473	1.1	1	26964 1509
47	20391	1.1	1	19303 1088
48	19892	1.1	1	18651 1241
49	22923	1.1	1	21240 1683
50	17937	1.1	1	16782 1155
51	16422	1.1	1	15486 936
52	15924	1.1	1	15127 797
53	12299	1.1	1	11553 746
54	11240	1.1	1	10615 625
55	9637	1.1	1	8989 648
56	8796	1.1	1	8313 483
57	8030	1.1	1	7538 492
58	7008	1.1	1	6534 474
59	6064	1.1	1	5706 358
60	6357	1.1	1	5939 418
61	5422	1.1	1	5102 320
62	5154	1.1	1	4832 322
63	4877	1.1	1	4548 329
64	4555	1.1	1	4267 288
65	3697	1.1	1	3495 202
66	3203	1.1	1	2981 222
67	3358	1.1	1	3114 244
68	2579	1.1	1	2396 183
69	2596	1.1	1	2384 212
70	2257	1.1	1	2054 203
71	2128	1.1	1	1933 195
72	1910	1.1	1	1687 223
73	2053	1.1	1	1876 177
74	1309	1.1	1	1122 187
75	1284	1.1	1	1123 161
76	847	1.1	1	758 89
77	678	1.1	1	604 74
78	663	1.1	1	580 83
79	527	1.1	1	465 62
80	436	1.1	1	368 68
81	368	1.1	1	317 51
82	414	1.1	1	364 50
83	501	1.1	1	449 52
84	241	1.1	1	199 42
85	164	1.1	1	130 34
86	130	1.1	1	105 25
87	103	1.1	1	75 28
88	92	1.1	1	66 26
89	96	1.1	1	58 38
90	95	1.1	1	66 29
91	137	1.1	1	112 25
92	205	1.1	1	158 47
93	287	1.1	1	243 44
94	588	1.1	1	502 86
95	766	1.1	1	710 56
96	973	1.1	1	808 165
97	778	1.1	1	613 165
98	197	1.1	1	150 47
99	82	1.1	1	67 15
100	103	1.1	1	54 49
101	805	1.1	1	524 281
This is cutadapt 5.0 with Python 3.11.11
Command line parameters: -a AGATCGGAAGAG -A AGATCGGAAGAG --minimum-length 25 -o /cephyr/NOBACKUP/groups/bbt045_2025/groups/group_Bjork/data/trimmed_RNA-seq/ERR950180_trimmed_1.fastq.gz -p /cephyr/NOBACKUP/groups/bbt045_2025/groups/group_Bjork/data/trimmed_RNA-seq/ERR950180_trimmed_2.fastq.gz ERR950180_1.fastq.gz ERR950180_2.fastq.gz
Processing paired-end reads on 1 core ...

=== Summary ===

Total read pairs processed:         33,175,781
  Read 1 with adapter:               6,595,874 (19.9%)
  Read 2 with adapter:               6,477,606 (19.5%)

== Read fate breakdown ==
Pairs that were too short:             204,064 (0.6%)
Pairs written (passing filters):    32,971,717 (99.4%)

Total basepairs processed: 6,701,507,762 bp
  Read 1: 3,350,753,881 bp
  Read 2: 3,350,753,881 bp
Total written (filtered):  6,384,371,142 bp (95.3%)
  Read 1: 3,190,854,298 bp
  Read 2: 3,193,516,844 bp

=== First read: Adapter 1 ===

Sequence: AGATCGGAAGAG; Type: regular 3'; Length: 12; Trimmed: 6595874 times

Minimum overlap: 3
No. of allowed errors:
1-9 bp: 0; 10-12 bp: 1

Bases preceding removed adapters:
  A: 24.5%
  C: 40.4%
  G: 21.1%
  T: 13.7%
  none/other: 0.2%

Overview of removed sequences
length	count	expect	max.err	error counts
3	749199	518371.6	0	749199
4	292780	129592.9	0	292780
5	150258	32398.2	0	150258
6	174714	8099.6	0	174714
7	150769	2024.9	0	150769
8	156096	506.2	0	156096
9	183036	126.6	0	173808 9228
10	190936	31.6	1	171629 19307
11	156763	7.9	1	139126 17637
12	157114	2.0	1	133527 23587
13	155570	2.0	1	140355 15215
14	169004	2.0	1	153469 15535
15	152598	2.0	1	138157 14441
16	143882	2.0	1	131501 12381
17	138014	2.0	1	125664 12350
18	129052	2.0	1	117479 11573
19	126841	2.0	1	116325 10516
20	131247	2.0	1	120163 11084
21	124480	2.0	1	114454 10026
22	115379	2.0	1	106342 9037
23	115595	2.0	1	106808 8787
24	116623	2.0	1	108183 8440
25	118739	2.0	1	109792 8947
26	125523	2.0	1	117207 8316
27	117134	2.0	1	109172 7962
28	106846	2.0	1	99449 7397
29	96164	2.0	1	89733 6431
30	94646	2.0	1	88231 6415
31	127188	2.0	1	119491 7697
32	88542	2.0	1	82992 5550
33	83778	2.0	1	78123 5655
34	82520	2.0	1	77310 5210
35	76761	2.0	1	71685 5076
36	72685	2.0	1	67800 4885
37	76113	2.0	1	71392 4721
38	64850	2.0	1	60688 4162
39	62811	2.0	1	58716 4095
40	73647	2.0	1	69008 4639
41	54956	2.0	1	51432 3524
42	54282	2.0	1	50905 3377
43	55503	2.0	1	52237 3266
44	53384	2.0	1	50068 3316
45	51652	2.0	1	48450 3202
46	54583	2.0	1	51558 3025
47	42848	2.0	1	40191 2657
48	43387	2.0	1	40732 2655
49	53595	2.0	1	50552 3043
50	41859	2.0	1	39156 2703
51	40125	2.0	1	37796 2329
52	36548	2.0	1	34383 2165
53	31316	2.0	1	29281 2035
54	31314	2.0	1	29420 1894
55	25771	2.0	1	24144 1627
56	24774	2.0	1	23242 1532
57	23644	2.0	1	22156 1488
58	21285	2.0	1	19905 1380
59	19284	2.0	1	18126 1158
60	21728	2.0	1	20361 1367
61	16319	2.0	1	15197 1122
62	15541	2.0	1	14554 987
63	15052	2.0	1	14064 988
64	14713	2.0	1	13801 912
65	12749	2.0	1	11870 879
66	12048	2.0	1	11277 771
67	12494	2.0	1	11700 794
68	9951	2.0	1	9309 642
69	9186	2.0	1	8536 650
70	8215	2.0	1	7627 588
71	8136	2.0	1	7547 589
72	8233	2.0	1	7638 595
73	7157	2.0	1	6693 464
74	5723	2.0	1	5281 442
75	4722	2.0	1	4324 398
76	3785	2.0	1	3470 315
77	3063	2.0	1	2794 269
78	2642	2.0	1	2385 257
79	2185	2.0	1	1989 196
80	1943	2.0	1	1730 213
81	1800	2.0	1	1617 183
82	2157	2.0	1	1963 194
83	1534	2.0	1	1377 157
84	1019	2.0	1	877 142
85	893	2.0	1	750 143
86	800	2.0	1	682 118
87	642	2.0	1	516 126
88	509	2.0	1	414 95
89	454	2.0	1	354 100
90	637	2.0	1	547 90
91	1305	2.0	1	1137 168
92	2145	2.0	1	1893 252
93	8181	2.0	1	7378 803
94	34846	2.0	1	31933 2913
95	54396	2.0	1	49708 4688
96	31302	2.0	1	28041 3261
97	16577	2.0	1	14715 1862
98	7028	2.0	1	6156 872
99	7250	2.0	1	6578 672
100	5053	2.0	1	4608 445
101	13754	2.0	1	9844 3910


=== Second read: Adapter 2 ===

Sequence: AGATCGGAAGAG; Type: regular 3'; Length: 12; Trimmed: 6477606 times

Minimum overlap: 3
No. of allowed errors:
1-9 bp: 0; 10-12 bp: 1

Bases preceding removed adapters:
  A: 20.3%
  C: 19.9%
  G: 29.9%
  T: 29.6%
  none/other: 0.2%

Overview of removed sequences
length	count	expect	max.err	error counts
3	695691	518371.6	0	695691
4	275161	129592.9	0	275161
5	168998	32398.2	0	168998
6	173147	8099.6	0	173147
7	174253	2024.9	0	174253
8	157429	506.2	0	157429
9	185334	126.6	0	180948 4386
10	189010	31.6	1	175169 13841
11	154141	7.9	1	137252 16889
12	157862	2.0	1	144657 13205
13	153704	2.0	1	141454 12250
14	167815	2.0	1	155552 12263
15	151537	2.0	1	139719 11818
16	142091	2.0	1	131421 10670
17	137164	2.0	1	126660 10504
18	127735	2.0	1	118733 9002
19	125613	2.0	1	117040 8573
20	130005	2.0	1	121511 8494
21	123023	2.0	1	115075 7948
22	113947	2.0	1	106522 7425
23	113740	2.0	1	106534 7206
24	114553	2.0	1	107660 6893
25	116477	2.0	1	108632 7845
26	123242	2.0	1	115034 8208
27	114813	2.0	1	106243 8570
28	104685	2.0	1	97368 7317
29	94379	2.0	1	88612 5767
30	92674	2.0	1	87052 5622
31	125084	2.0	1	117785 7299
32	86911	2.0	1	81946 4965
33	82145	2.0	1	76901 5244
34	80969	2.0	1	76211 4758
35	75240	2.0	1	71006 4234
36	71316	2.0	1	67086 4230
37	74570	2.0	1	69861 4709
38	63700	2.0	1	59943 3757
39	61635	2.0	1	57988 3647
40	72289	2.0	1	66313 5976
41	53645	2.0	1	50498 3147
42	53187	2.0	1	50033 3154
43	54368	2.0	1	51466 2902
44	52200	2.0	1	49322 2878
45	50529	2.0	1	47869 2660
46	53499	2.0	1	50571 2928
47	41795	2.0	1	39539 2256
48	42392	2.0	1	39833 2559
49	52317	2.0	1	47563 4754
50	40705	2.0	1	38111 2594
51	39062	2.0	1	36839 2223
52	35616	2.0	1	33704 1912
53	30452	2.0	1	28747 1705
54	30408	2.0	1	28586 1822
55	24925	2.0	1	23258 1667
56	24010	2.0	1	22565 1445
57	22906	2.0	1	21419 1487
58	20614	2.0	1	19374 1240
59	18706	2.0	1	17598 1108
60	20992	2.0	1	19697 1295
61	15756	2.0	1	14812 944
62	15008	2.0	1	14106 902
63	14490	2.0	1	13623 867
64	14215	2.0	1	13377 838
65	12261	2.0	1	11500 761
66	11637	2.0	1	10890 747
67	12013	2.0	1	11225 788
68	9513	2.0	1	8870 643
69	8702	2.0	1	8111 591
70	7822	2.0	1	7251 571
71	7724	2.0	1	7146 578
72	7780	2.0	1	7120 660
73	6765	2.0	1	6238 527
74	5379	2.0	1	4938 441
75	4412	2.0	1	4047 365
76	3514	2.0	1	3231 283
77	2838	2.0	1	2587 251
78	2429	2.0	1	2193 236
79	2017	2.0	1	1869 148
80	1799	2.0	1	1633 166
81	1632	2.0	1	1474 158
82	1993	2.0	1	1802 191
83	1385	2.0	1	1264 121
84	872	2.0	1	775 97
85	782	2.0	1	685 97
86	659	2.0	1	582 77
87	509	2.0	1	443 66
88	415	2.0	1	357 58
89	342	2.0	1	288 54
90	548	2.0	1	482 66
91	1152	2.0	1	1054 98
92	1967	2.0	1	1772 195
93	7592	2.0	1	7080 512
94	32796	2.0	1	30635 2161
95	51023	2.0	1	47697 3326
96	28947	2.0	1	26869 2078
97	15113	2.0	1	14056 1057
98	6320	2.0	1	5814 506
99	6724	2.0	1	6161 563
100	4719	2.0	1	4084 635
101	11632	2.0	1	9116 2516
This is cutadapt 5.0 with Python 3.11.11
Command line parameters: -a AGATCGGAAGAG -A AGATCGGAAGAG --minimum-length 25 -o /cephyr/NOBACKUP/groups/bbt045_2025/groups/group_Bjork/data/trimmed_RNA-seq/ERR950181_trimmed_1.fastq.gz -p /cephyr/NOBACKUP/groups/bbt045_2025/groups/group_Bjork/data/trimmed_RNA-seq/ERR950181_trimmed_2.fastq.gz ERR950181_1.fastq.gz ERR950181_2.fastq.gz
Processing paired-end reads on 1 core ...

=== Summary ===

Total read pairs processed:         25,892,706
  Read 1 with adapter:               5,776,003 (22.3%)
  Read 2 with adapter:               5,715,379 (22.1%)

== Read fate breakdown ==
Pairs that were too short:              21,929 (0.1%)
Pairs written (passing filters):    25,870,777 (99.9%)

Total basepairs processed: 5,230,326,612 bp
  Read 1: 2,615,163,306 bp
  Read 2: 2,615,163,306 bp
Total written (filtered):  4,978,395,428 bp (95.2%)
  Read 1: 2,488,543,359 bp
  Read 2: 2,489,852,069 bp

=== First read: Adapter 1 ===

Sequence: AGATCGGAAGAG; Type: regular 3'; Length: 12; Trimmed: 5776003 times

Minimum overlap: 3
No. of allowed errors:
1-9 bp: 0; 10-12 bp: 1

Bases preceding removed adapters:
  A: 24.6%
  C: 41.7%
  G: 20.6%
  T: 13.0%
  none/other: 0.0%

Overview of removed sequences
length	count	expect	max.err	error counts
3	598981	404573.5	0	598981
4	260100	101143.4	0	260100
5	133109	25285.8	0	133109
6	165451	6321.5	0	165451
7	137272	1580.4	0	137272
8	136124	395.1	0	136124
9	132125	98.8	0	124675 7450
10	174813	24.7	1	154213 20600
11	141848	6.2	1	123182 18666
12	141820	1.5	1	120595 21225
13	144335	1.5	1	127189 17146
14	159674	1.5	1	142075 17599
15	152242	1.5	1	135396 16846
16	136234	1.5	1	121855 14379
17	134341	1.5	1	120207 14134
18	119292	1.5	1	107527 11765
19	116909	1.5	1	105779 11130
20	123595	1.5	1	112216 11379
21	113692	1.5	1	103298 10394
22	112740	1.5	1	102926 9814
23	117179	1.5	1	106999 10180
24	120095	1.5	1	109788 10307
25	113787	1.5	1	103485 10302
26	122558	1.5	1	112531 10027
27	109446	1.5	1	100993 8453
28	108439	1.5	1	100297 8142
29	97878	1.5	1	90665 7213
30	96189	1.5	1	89190 6999
31	131235	1.5	1	122590 8645
32	77941	1.5	1	72592 5349
33	85467	1.5	1	79881 5586
34	74496	1.5	1	69668 4828
35	70642	1.5	1	66101 4541
36	68983	1.5	1	64551 4432
37	71724	1.5	1	67226 4498
38	59968	1.5	1	56215 3753
39	56609	1.5	1	53088 3521
40	69085	1.5	1	64933 4152
41	49681	1.5	1	46700 2981
42	49216	1.5	1	46390 2826
43	50902	1.5	1	48081 2821
44	47941	1.5	1	45378 2563
45	44951	1.5	1	42501 2450
46	51376	1.5	1	48682 2694
47	38432	1.5	1	36488 1944
48	39345	1.5	1	37290 2055
49	48461	1.5	1	45905 2556
50	35653	1.5	1	33858 1795
51	31622	1.5	1	30065 1557
52	30882	1.5	1	29250 1632
53	23938	1.5	1	22732 1206
54	22414	1.5	1	21256 1158
55	20388	1.5	1	19284 1104
56	17286	1.5	1	16354 932
57	16442	1.5	1	15515 927
58	14746	1.5	1	13921 825
59	12760	1.5	1	12059 701
60	14139	1.5	1	13380 759
61	11129	1.5	1	10554 575
62	11625	1.5	1	10956 669
63	10819	1.5	1	10252 567
64	10046	1.5	1	9488 558
65	8847	1.5	1	8298 549
66	7227	1.5	1	6787 440
67	8413	1.5	1	7909 504
68	5993	1.5	1	5587 406
69	5902	1.5	1	5506 396
70	4927	1.5	1	4616 311
71	5080	1.5	1	4779 301
72	4931	1.5	1	4601 330
73	5435	1.5	1	5065 370
74	3199	1.5	1	2942 257
75	2519	1.5	1	2274 245
76	1902	1.5	1	1746 156
77	1499	1.5	1	1368 131
78	1247	1.5	1	1118 129
79	1280	1.5	1	1146 134
80	1066	1.5	1	918 148
81	1132	1.5	1	1033 99
82	1634	1.5	1	1464 170
83	1054	1.5	1	946 108
84	628	1.5	1	516 112
85	447	1.5	1	369 78
86	395	1.5	1	310 85
87	389	1.5	1	289 100
88	353	1.5	1	266 87
89	265	1.5	1	166 99
90	331	1.5	1	223 108
91	361	1.5	1	277 84
92	503	1.5	1	408 95
93	711	1.5	1	557 154
94	1316	1.5	1	1125 191
95	1769	1.5	1	1589 180
96	1510	1.5	1	1216 294
97	967	1.5	1	759 208
98	325	1.5	1	227 98
99	240	1.5	1	186 54
100	271	1.5	1	114 157
101	1323	1.5	1	616 707


=== Second read: Adapter 2 ===

Sequence: AGATCGGAAGAG; Type: regular 3'; Length: 12; Trimmed: 5715379 times

Minimum overlap: 3
No. of allowed errors:
1-9 bp: 0; 10-12 bp: 1

Bases preceding removed adapters:
  A: 19.2%
  C: 21.6%
  G: 31.8%
  T: 27.4%
  none/other: 0.0%

Overview of removed sequences
length	count	expect	max.err	error counts
3	548328	404573.5	0	548328
4	230367	101143.4	0	230367
5	152754	25285.8	0	152754
6	169509	6321.5	0	169509
7	149927	1580.4	0	149927
8	141402	395.1	0	141402
9	137942	98.8	0	134134 3808
10	176137	24.7	1	162867 13270
11	142479	6.2	1	126146 16333
12	144733	1.5	1	132162 12571
13	146209	1.5	1	134219 11990
14	160718	1.5	1	148664 12054
15	153113	1.5	1	141946 11167
16	136450	1.5	1	126108 10342
17	134417	1.5	1	123817 10600
18	119308	1.5	1	110309 8999
19	116647	1.5	1	107963 8684
20	123626	1.5	1	115040 8586
21	113502	1.5	1	105666 7836
22	112684	1.5	1	105265 7419
23	117009	1.5	1	109506 7503
24	119907	1.5	1	112228 7679
25	113983	1.5	1	106023 7960
26	121722	1.5	1	112975 8747
27	108290	1.5	1	100386 7904
28	107779	1.5	1	100517 7262
29	96952	1.5	1	90852 6100
30	95345	1.5	1	89228 6117
31	130404	1.5	1	122705 7699
32	77049	1.5	1	72076 4973
33	84394	1.5	1	78156 6238
34	73480	1.5	1	68653 4827
35	69683	1.5	1	65137 4546
36	68145	1.5	1	63602 4543
37	70442	1.5	1	65069 5373
38	59130	1.5	1	55132 3998
39	55822	1.5	1	52015 3807
40	68272	1.5	1	62437 5835
41	48970	1.5	1	45736 3234
42	48428	1.5	1	45293 3135
43	50176	1.5	1	47064 3112
44	47269	1.5	1	44378 2891
45	44360	1.5	1	41774 2586
46	50677	1.5	1	47586 3091
47	37848	1.5	1	35768 2080
48	38691	1.5	1	36124 2567
49	47484	1.5	1	43637 3847
50	35154	1.5	1	32720 2434
51	31075	1.5	1	29212 1863
52	30327	1.5	1	28573 1754
53	23441	1.5	1	22060 1381
54	21809	1.5	1	20481 1328
55	19880	1.5	1	18462 1418
56	16762	1.5	1	15655 1107
57	15972	1.5	1	14808 1164
58	14297	1.5	1	13313 984
59	12290	1.5	1	11472 818
60	13606	1.5	1	12560 1046
61	10811	1.5	1	10107 704
62	11293	1.5	1	10571 722
63	10462	1.5	1	9770 692
64	9698	1.5	1	9062 636
65	8486	1.5	1	7908 578
66	6963	1.5	1	6472 491
67	8097	1.5	1	7521 576
68	5655	1.5	1	5209 446
69	5507	1.5	1	5066 441
70	4657	1.5	1	4223 434
71	4815	1.5	1	4391 424
72	4646	1.5	1	4193 453
73	5099	1.5	1	4675 424
74	2991	1.5	1	2630 361
75	2194	1.5	1	1972 222
76	1621	1.5	1	1472 149
77	1311	1.5	1	1161 150
78	1052	1.5	1	924 128
79	1092	1.5	1	1005 87
80	828	1.5	1	723 105
81	964	1.5	1	873 91
82	1394	1.5	1	1235 159
83	848	1.5	1	754 94
84	419	1.5	1	358 61
85	292	1.5	1	251 41
86	234	1.5	1	187 47
87	213	1.5	1	184 29
88	191	1.5	1	167 24
89	126	1.5	1	90 36
90	142	1.5	1	119 23
91	179	1.5	1	142 37
92	274	1.5	1	231 43
93	440	1.5	1	382 58
94	1011	1.5	1	896 115
95	1457	1.5	1	1334 123
96	1206	1.5	1	1048 158
97	719	1.5	1	585 134
98	177	1.5	1	142 35
99	113	1.5	1	90 23
100	133	1.5	1	97 36
101	993	1.5	1	734 259
This is cutadapt 5.0 with Python 3.11.11
Command line parameters: -a AGATCGGAAGAG -A AGATCGGAAGAG --minimum-length 25 -o /cephyr/NOBACKUP/groups/bbt045_2025/groups/group_Bjork/data/trimmed_RNA-seq/ERR950182_trimmed_1.fastq.gz -p /cephyr/NOBACKUP/groups/bbt045_2025/groups/group_Bjork/data/trimmed_RNA-seq/ERR950182_trimmed_2.fastq.gz ERR950182_1.fastq.gz ERR950182_2.fastq.gz
Processing paired-end reads on 1 core ...

=== Summary ===

Total read pairs processed:         25,653,760
  Read 1 with adapter:               4,281,679 (16.7%)
  Read 2 with adapter:               4,175,811 (16.3%)

== Read fate breakdown ==
Pairs that were too short:              33,724 (0.1%)
Pairs written (passing filters):    25,620,036 (99.9%)

Total basepairs processed: 5,182,059,520 bp
  Read 1: 2,591,029,760 bp
  Read 2: 2,591,029,760 bp
Total written (filtered):  5,002,739,753 bp (96.5%)
  Read 1: 2,500,256,767 bp
  Read 2: 2,502,482,986 bp

=== First read: Adapter 1 ===

Sequence: AGATCGGAAGAG; Type: regular 3'; Length: 12; Trimmed: 4281679 times

Minimum overlap: 3
No. of allowed errors:
1-9 bp: 0; 10-12 bp: 1

Bases preceding removed adapters:
  A: 23.7%
  C: 40.6%
  G: 21.5%
  T: 14.0%
  none/other: 0.1%

Overview of removed sequences
length	count	expect	max.err	error counts
3	564810	400840.0	0	564810
4	229668	100210.0	0	229668
5	110790	25052.5	0	110790
6	122562	6263.1	0	122562
7	110998	1565.8	0	110998
8	102893	391.4	0	102893
9	106738	97.9	0	102998 3740
10	132676	24.5	1	120335 12341
11	102224	6.1	1	91992 10232
12	101736	1.5	1	90015 11721
13	101386	1.5	1	92778 8608
14	112059	1.5	1	103201 8858
15	101184	1.5	1	93108 8076
16	94514	1.5	1	87602 6912
17	91997	1.5	1	85157 6840
18	83704	1.5	1	77544 6160
19	82053	1.5	1	76320 5733
20	86004	1.5	1	79921 6083
21	79614	1.5	1	74009 5605
22	74834	1.5	1	69729 5105
23	75288	1.5	1	70346 4942
24	77523	1.5	1	72429 5094
25	77213	1.5	1	71708 5505
26	80542	1.5	1	75464 5078
27	74507	1.5	1	69799 4708
28	70569	1.5	1	66261 4308
29	65090	1.5	1	60964 4126
30	64337	1.5	1	60309 4028
31	96985	1.5	1	91542 5443
32	56314	1.5	1	53021 3293
33	55260	1.5	1	51992 3268
34	51449	1.5	1	48631 2818
35	46998	1.5	1	44226 2772
36	46528	1.5	1	43704 2824
37	50851	1.5	1	47879 2972
38	41481	1.5	1	39078 2403
39	39364	1.5	1	37120 2244
40	45351	1.5	1	42754 2597
41	33752	1.5	1	31859 1893
42	33264	1.5	1	31448 1816
43	35168	1.5	1	33350 1818
44	32692	1.5	1	30939 1753
45	30348	1.5	1	28656 1692
46	32253	1.5	1	30689 1564
47	25675	1.5	1	24313 1362
48	26139	1.5	1	24718 1421
49	32306	1.5	1	30721 1585
50	24404	1.5	1	23150 1254
51	23300	1.5	1	22214 1086
52	21120	1.5	1	20046 1074
53	17891	1.5	1	16961 930
54	16813	1.5	1	15891 922
55	14435	1.5	1	13636 799
56	13305	1.5	1	12578 727
57	12314	1.5	1	11633 681
58	11550	1.5	1	10866 684
59	9981	1.5	1	9383 598
60	11615	1.5	1	10968 647
61	8594	1.5	1	8059 535
62	7958	1.5	1	7495 463
63	7943	1.5	1	7443 500
64	7577	1.5	1	7140 437
65	6523	1.5	1	6078 445
66	5813	1.5	1	5465 348
67	6475	1.5	1	6107 368
68	4893	1.5	1	4563 330
69	4643	1.5	1	4288 355
70	4116	1.5	1	3810 306
71	4090	1.5	1	3790 300
72	4051	1.5	1	3694 357
73	3838	1.5	1	3573 265
74	2728	1.5	1	2477 251
75	2195	1.5	1	1983 212
76	1800	1.5	1	1621 179
77	1532	1.5	1	1390 142
78	1325	1.5	1	1143 182
79	1421	1.5	1	1227 194
80	1139	1.5	1	972 167
81	1074	1.5	1	915 159
82	1436	1.5	1	1280 156
83	968	1.5	1	842 126
84	681	1.5	1	529 152
85	482	1.5	1	394 88
86	417	1.5	1	344 73
87	329	1.5	1	252 77
88	367	1.5	1	273 94
89	246	1.5	1	164 82
90	306	1.5	1	230 76
91	427	1.5	1	315 112
92	514	1.5	1	394 120
93	883	1.5	1	704 179
94	2793	1.5	1	2502 291
95	4066	1.5	1	3698 368
96	2965	1.5	1	2464 501
97	2140	1.5	1	1656 484
98	949	1.5	1	726 223
99	914	1.5	1	772 142
100	1009	1.5	1	730 279
101	3640	1.5	1	2082 1558


=== Second read: Adapter 2 ===

Sequence: AGATCGGAAGAG; Type: regular 3'; Length: 12; Trimmed: 4175811 times

Minimum overlap: 3
No. of allowed errors:
1-9 bp: 0; 10-12 bp: 1

Bases preceding removed adapters:
  A: 21.1%
  C: 21.5%
  G: 32.5%
  T: 24.9%
  none/other: 0.1%

Overview of removed sequences
length	count	expect	max.err	error counts
3	533437	400840.0	0	533437
4	194614	100210.0	0	194614
5	118983	25052.5	0	118983
6	122115	6263.1	0	122115
7	120881	1565.8	0	120881
8	103961	391.4	0	103961
9	108566	97.9	0	105972 2594
10	131681	24.5	1	123103 8578
11	101407	6.1	1	91830 9577
12	101921	1.5	1	94385 7536
13	100642	1.5	1	93518 7124
14	111258	1.5	1	104136 7122
15	100488	1.5	1	93951 6537
16	93307	1.5	1	87087 6220
17	91051	1.5	1	84829 6222
18	82635	1.5	1	77355 5280
19	80998	1.5	1	75925 5073
20	85046	1.5	1	79810 5236
21	78717	1.5	1	74122 4595
22	73872	1.5	1	69332 4540
23	74553	1.5	1	70151 4402
24	76195	1.5	1	71920 4275
25	76304	1.5	1	71179 5125
26	79348	1.5	1	74128 5220
27	73163	1.5	1	67780 5383
28	69479	1.5	1	64754 4725
29	63880	1.5	1	60040 3840
30	63070	1.5	1	59482 3588
31	95282	1.5	1	90257 5025
32	55091	1.5	1	52000 3091
33	54120	1.5	1	50636 3484
34	50441	1.5	1	47559 2882
35	45977	1.5	1	43325 2652
36	45586	1.5	1	42972 2614
37	49496	1.5	1	46220 3276
38	40542	1.5	1	38155 2387
39	38523	1.5	1	36285 2238
40	44450	1.5	1	40413 4037
41	32990	1.5	1	31162 1828
42	32415	1.5	1	30625 1790
43	34262	1.5	1	32450 1812
44	31775	1.5	1	30084 1691
45	29480	1.5	1	27893 1587
46	31338	1.5	1	29584 1754
47	24901	1.5	1	23469 1432
48	25313	1.5	1	23687 1626
49	31352	1.5	1	28304 3048
50	23582	1.5	1	22047 1535
51	22547	1.5	1	21212 1335
52	20409	1.5	1	19320 1089
53	17194	1.5	1	16259 935
54	16012	1.5	1	15043 969
55	13823	1.5	1	12850 973
56	12700	1.5	1	11940 760
57	11721	1.5	1	11009 712
58	10896	1.5	1	10243 653
59	9354	1.5	1	8781 573
60	10987	1.5	1	10214 773
61	8116	1.5	1	7634 482
62	7450	1.5	1	6932 518
63	7395	1.5	1	6939 456
64	7139	1.5	1	6648 491
65	6017	1.5	1	5609 408
66	5398	1.5	1	5033 365
67	6018	1.5	1	5602 416
68	4474	1.5	1	4123 351
69	4225	1.5	1	3879 346
70	3742	1.5	1	3422 320
71	3672	1.5	1	3366 306
72	3584	1.5	1	3228 356
73	3432	1.5	1	3112 320
74	2391	1.5	1	2122 269
75	1902	1.5	1	1694 208
76	1496	1.5	1	1348 148
77	1273	1.5	1	1147 126
78	1064	1.5	1	932 132
79	1057	1.5	1	949 108
80	832	1.5	1	746 86
81	855	1.5	1	759 96
82	1161	1.5	1	1038 123
83	726	1.5	1	647 79
84	408	1.5	1	363 45
85	312	1.5	1	253 59
86	258	1.5	1	218 40
87	191	1.5	1	160 31
88	196	1.5	1	154 42
89	120	1.5	1	74 46
90	171	1.5	1	128 43
91	210	1.5	1	174 36
92	311	1.5	1	262 49
93	664	1.5	1	575 89
94	2464	1.5	1	2253 211
95	3696	1.5	1	3416 280
96	2571	1.5	1	2219 352
97	1854	1.5	1	1517 337
98	714	1.5	1	616 98
99	743	1.5	1	670 73
100	764	1.5	1	642 122
101	2614	1.5	1	1966 648
This is cutadapt 5.0 with Python 3.11.11
Command line parameters: -a AGATCGGAAGAG -A AGATCGGAAGAG --minimum-length 25 -o /cephyr/NOBACKUP/groups/bbt045_2025/groups/group_Bjork/data/trimmed_RNA-seq/ERR950186_trimmed_1.fastq.gz -p /cephyr/NOBACKUP/groups/bbt045_2025/groups/group_Bjork/data/trimmed_RNA-seq/ERR950186_trimmed_2.fastq.gz ERR950186_1.fastq.gz ERR950186_2.fastq.gz
Processing paired-end reads on 1 core ...

=== Summary ===

Total read pairs processed:         27,746,271
  Read 1 with adapter:               5,197,001 (18.7%)
  Read 2 with adapter:               5,137,997 (18.5%)

== Read fate breakdown ==
Pairs that were too short:              62,456 (0.2%)
Pairs written (passing filters):    27,683,815 (99.8%)

Total basepairs processed: 5,604,746,742 bp
  Read 1: 2,802,373,371 bp
  Read 2: 2,802,373,371 bp
Total written (filtered):  5,379,159,537 bp (96.0%)
  Read 1: 2,688,776,078 bp
  Read 2: 2,690,383,459 bp

=== First read: Adapter 1 ===

Sequence: AGATCGGAAGAG; Type: regular 3'; Length: 12; Trimmed: 5197001 times

Minimum overlap: 3
No. of allowed errors:
1-9 bp: 0; 10-12 bp: 1

Bases preceding removed adapters:
  A: 23.1%
  C: 41.3%
  G: 21.6%
  T: 13.9%
  none/other: 0.1%

Overview of removed sequences
length	count	expect	max.err	error counts
3	600995	433535.5	0	600995
4	255527	108383.9	0	255527
5	127691	27096.0	0	127691
6	150982	6774.0	0	150982
7	143880	1693.5	0	143880
8	126337	423.4	0	126337
9	137031	105.8	0	130217 6814
10	165254	26.5	1	147127 18127
11	123423	6.6	1	108683 14740
12	125739	1.7	1	108409 17330
13	124358	1.7	1	111239 13119
14	148875	1.7	1	134024 14851
15	131510	1.7	1	117912 13598
16	119822	1.7	1	108257 11565
17	114539	1.7	1	103132 11407
18	102011	1.7	1	92526 9485
19	101212	1.7	1	92079 9133
20	106530	1.7	1	97320 9210
21	98578	1.7	1	89962 8616
22	91182	1.7	1	83651 7531
23	91903	1.7	1	84281 7622
24	94757	1.7	1	86811 7946
25	95588	1.7	1	87410 8178
26	101640	1.7	1	93486 8154
27	92400	1.7	1	85282 7118
28	86213	1.7	1	79847 6366
29	79143	1.7	1	73087 6056
30	76664	1.7	1	71121 5543
31	127133	1.7	1	118862 8271
32	69816	1.7	1	65127 4689
33	66795	1.7	1	62331 4464
34	64619	1.7	1	60366 4253
35	57729	1.7	1	53788 3941
36	56938	1.7	1	53063 3875
37	63908	1.7	1	59739 4169
38	50446	1.7	1	47153 3293
39	47805	1.7	1	44613 3192
40	58612	1.7	1	54895 3717
41	40271	1.7	1	37761 2510
42	40056	1.7	1	37654 2402
43	42647	1.7	1	40087 2560
44	40387	1.7	1	37976 2411
45	37387	1.7	1	35180 2207
46	39377	1.7	1	37186 2191
47	31397	1.7	1	29482 1915
48	32355	1.7	1	30407 1948
49	42388	1.7	1	40097 2291
50	30332	1.7	1	28595 1737
51	29294	1.7	1	27699 1595
52	26960	1.7	1	25424 1536
53	22354	1.7	1	21017 1337
54	21158	1.7	1	19910 1248
55	17192	1.7	1	16156 1036
56	16238	1.7	1	15207 1031
57	14327	1.7	1	13458 869
58	12928	1.7	1	12108 820
59	11572	1.7	1	10835 737
60	14656	1.7	1	13820 836
61	10148	1.7	1	9557 591
62	9511	1.7	1	8947 564
63	9050	1.7	1	8494 556
64	8840	1.7	1	8346 494
65	7456	1.7	1	6930 526
66	6561	1.7	1	6158 403
67	7371	1.7	1	6885 486
68	5548	1.7	1	5194 354
69	5249	1.7	1	4841 408
70	4558	1.7	1	4223 335
71	4676	1.7	1	4358 318
72	4705	1.7	1	4333 372
73	4315	1.7	1	3988 327
74	2994	1.7	1	2761 233
75	2358	1.7	1	2100 258
76	1749	1.7	1	1605 144
77	1436	1.7	1	1312 124
78	1185	1.7	1	1045 140
79	1159	1.7	1	1009 150
80	1001	1.7	1	835 166
81	959	1.7	1	816 143
82	1177	1.7	1	1045 132
83	823	1.7	1	723 100
84	535	1.7	1	442 93
85	408	1.7	1	345 63
86	381	1.7	1	303 78
87	343	1.7	1	254 89
88	292	1.7	1	217 75
89	264	1.7	1	187 77
90	310	1.7	1	235 75
91	458	1.7	1	380 78
92	705	1.7	1	591 114
93	1881	1.7	1	1661 220
94	7917	1.7	1	7304 613
95	13129	1.7	1	12257 872
96	8050	1.7	1	7322 728
97	5086	1.7	1	4544 542
98	2489	1.7	1	2223 266
99	3223	1.7	1	2998 225
100	2388	1.7	1	1844 544
101	5452	1.7	1	3169 2283


=== Second read: Adapter 2 ===

Sequence: AGATCGGAAGAG; Type: regular 3'; Length: 12; Trimmed: 5137997 times

Minimum overlap: 3
No. of allowed errors:
1-9 bp: 0; 10-12 bp: 1

Bases preceding removed adapters:
  A: 21.4%
  C: 20.7%
  G: 32.5%
  T: 25.3%
  none/other: 0.1%

Overview of removed sequences
length	count	expect	max.err	error counts
3	577015	433535.5	0	577015
4	227495	108383.9	0	227495
5	142217	27096.0	0	142217
6	153728	6774.0	0	153728
7	156271	1693.5	0	156271
8	130493	423.4	0	130493
9	141713	105.8	0	138023 3690
10	165498	26.5	1	154259 11239
11	123236	6.6	1	110645 12591
12	127378	1.7	1	117434 9944
13	124844	1.7	1	115658 9186
14	149088	1.7	1	138937 10151
15	131531	1.7	1	122313 9218
16	119217	1.7	1	110598 8619
17	113997	1.7	1	105583 8414
18	101395	1.7	1	94145 7250
19	100444	1.7	1	93252 7192
20	105841	1.7	1	98784 7057
21	97923	1.7	1	91692 6231
22	90287	1.7	1	84443 5844
23	91104	1.7	1	85187 5917
24	93724	1.7	1	87874 5850
25	94741	1.7	1	87954 6787
26	100622	1.7	1	93243 7379
27	90967	1.7	1	83679 7288
28	85213	1.7	1	78950 6263
29	77927	1.7	1	72926 5001
30	75501	1.7	1	70698 4803
31	125989	1.7	1	118948 7041
32	68730	1.7	1	64317 4413
33	65781	1.7	1	61285 4496
34	63540	1.7	1	59661 3879
35	56664	1.7	1	53103 3561
36	55948	1.7	1	52417 3531
37	62491	1.7	1	57981 4510
38	49639	1.7	1	46542 3097
39	47004	1.7	1	43950 3054
40	57621	1.7	1	52008 5613
41	39530	1.7	1	37071 2459
42	39369	1.7	1	37012 2357
43	41818	1.7	1	39430 2388
44	39625	1.7	1	37367 2258
45	36671	1.7	1	34539 2132
46	38733	1.7	1	36336 2397
47	30715	1.7	1	28872 1843
48	31519	1.7	1	29466 2053
49	41520	1.7	1	37446 4074
50	29591	1.7	1	27595 1996
51	28608	1.7	1	26900 1708
52	26311	1.7	1	24895 1416
53	21725	1.7	1	20480 1245
54	20514	1.7	1	19210 1304
55	16635	1.7	1	15437 1198
56	15669	1.7	1	14718 951
57	13895	1.7	1	12936 959
58	12445	1.7	1	11584 861
59	11130	1.7	1	10470 660
60	14201	1.7	1	13134 1067
61	9705	1.7	1	9057 648
62	9126	1.7	1	8519 607
63	8691	1.7	1	8036 655
64	8505	1.7	1	7955 550
65	7068	1.7	1	6619 449
66	6278	1.7	1	5745 533
67	7059	1.7	1	6550 509
68	5300	1.7	1	4874 426
69	4907	1.7	1	4526 381
70	4309	1.7	1	3906 403
71	4372	1.7	1	3991 381
72	4478	1.7	1	4054 424
73	4018	1.7	1	3668 350
74	2809	1.7	1	2533 276
75	2075	1.7	1	1856 219
76	1543	1.7	1	1381 162
77	1274	1.7	1	1126 148
78	1008	1.7	1	898 110
79	956	1.7	1	872 84
80	799	1.7	1	677 122
81	741	1.7	1	657 84
82	994	1.7	1	863 131
83	666	1.7	1	594 72
84	366	1.7	1	313 53
85	285	1.7	1	235 50
86	243	1.7	1	196 47
87	204	1.7	1	163 41
88	178	1.7	1	138 40
89	143	1.7	1	106 37
90	168	1.7	1	133 35
91	331	1.7	1	277 54
92	516	1.7	1	450 66
93	1660	1.7	1	1515 145
94	7374	1.7	1	6862 512
95	12326	1.7	1	11476 850
96	7472	1.7	1	6817 655
97	4642	1.7	1	4244 398
98	2228	1.7	1	2027 201
99	3001	1.7	1	2759 242
100	2205	1.7	1	1963 242
101	4933	1.7	1	3952 981
This is cutadapt 5.0 with Python 3.11.11
Command line parameters: -a AGATCGGAAGAG -A AGATCGGAAGAG --minimum-length 25 -o /cephyr/NOBACKUP/groups/bbt045_2025/groups/group_Bjork/data/trimmed_RNA-seq/ERR950187_trimmed_1.fastq.gz -p /cephyr/NOBACKUP/groups/bbt045_2025/groups/group_Bjork/data/trimmed_RNA-seq/ERR950187_trimmed_2.fastq.gz ERR950187_1.fastq.gz ERR950187_2.fastq.gz
Processing paired-end reads on 1 core ...

=== Summary ===

Total read pairs processed:         25,368,011
  Read 1 with adapter:               4,238,841 (16.7%)
  Read 2 with adapter:               4,025,500 (15.9%)

== Read fate breakdown ==
Pairs that were too short:              30,653 (0.1%)
Pairs written (passing filters):    25,337,358 (99.9%)

Total basepairs processed: 5,124,338,222 bp
  Read 1: 2,562,169,111 bp
  Read 2: 2,562,169,111 bp
Total written (filtered):  4,963,184,217 bp (96.9%)
  Read 1: 2,480,990,720 bp
  Read 2: 2,482,193,497 bp

=== First read: Adapter 1 ===

Sequence: AGATCGGAAGAG; Type: regular 3'; Length: 12; Trimmed: 4238841 times

Minimum overlap: 3
No. of allowed errors:
1-9 bp: 0; 10-12 bp: 1

Bases preceding removed adapters:
  A: 23.6%
  C: 35.8%
  G: 28.6%
  T: 11.9%
  none/other: 0.1%

Overview of removed sequences
length	count	expect	max.err	error counts
3	780457	396375.2	0	780457
4	202396	99093.8	0	202396
5	87078	24773.4	0	87078
6	102440	6193.4	0	102440
7	97546	1548.3	0	97546
8	91947	387.1	0	91947
9	157621	96.8	0	144731 12890
10	117555	24.2	1	104495 13060
11	88167	6.0	1	78805 9362
12	90505	1.5	1	79321 11184
13	100069	1.5	1	90832 9237
14	128724	1.5	1	117549 11175
15	134921	1.5	1	123984 10937
16	200087	1.5	1	185703 14384
17	81586	1.5	1	74829 6757
18	70995	1.5	1	65137 5858
19	72742	1.5	1	67038 5704
20	74263	1.5	1	68726 5537
21	75229	1.5	1	69611 5618
22	69340	1.5	1	64639 4701
23	85839	1.5	1	80362 5477
24	64968	1.5	1	60834 4134
25	68317	1.5	1	63661 4656
26	72559	1.5	1	68092 4467
27	87420	1.5	1	82182 5238
28	63689	1.5	1	60076 3613
29	53078	1.5	1	49844 3234
30	44025	1.5	1	41349 2676
31	53269	1.5	1	50164 3105
32	40382	1.5	1	38134 2248
33	40755	1.5	1	38461 2294
34	39686	1.5	1	37321 2365
35	34160	1.5	1	32124 2036
36	46167	1.5	1	43820 2347
37	51344	1.5	1	48857 2487
38	32723	1.5	1	31033 1690
39	30462	1.5	1	28851 1611
40	37630	1.5	1	35835 1795
41	27213	1.5	1	25854 1359
42	27457	1.5	1	26149 1308
43	30375	1.5	1	29017 1358
44	28726	1.5	1	27419 1307
45	26638	1.5	1	25359 1279
46	21516	1.5	1	20569 947
47	21499	1.5	1	20534 965
48	20823	1.5	1	19813 1010
49	29535	1.5	1	28277 1258
50	17233	1.5	1	16364 869
51	16335	1.5	1	15554 781
52	17631	1.5	1	16823 808
53	13510	1.5	1	12772 738
54	13182	1.5	1	12449 733
55	12789	1.5	1	12204 585
56	11559	1.5	1	11000 559
57	9584	1.5	1	9111 473
58	12496	1.5	1	11851 645
59	8422	1.5	1	7975 447
60	9037	1.5	1	8564 473
61	5848	1.5	1	5543 305
62	5969	1.5	1	5687 282
63	5837	1.5	1	5512 325
64	5788	1.5	1	5482 306
65	5728	1.5	1	5417 311
66	4888	1.5	1	4630 258
67	4570	1.5	1	4310 260
68	3610	1.5	1	3400 210
69	3273	1.5	1	3070 203
70	2981	1.5	1	2794 187
71	2967	1.5	1	2780 187
72	3237	1.5	1	3065 172
73	3139	1.5	1	2925 214
74	2108	1.5	1	1965 143
75	1848	1.5	1	1693 155
76	1312	1.5	1	1196 116
77	894	1.5	1	825 69
78	823	1.5	1	709 114
79	849	1.5	1	684 165
80	687	1.5	1	559 128
81	470	1.5	1	387 83
82	615	1.5	1	544 71
83	387	1.5	1	307 80
84	383	1.5	1	260 123
85	236	1.5	1	173 63
86	223	1.5	1	178 45
87	137	1.5	1	83 54
88	137	1.5	1	91 46
89	100	1.5	1	64 36
90	129	1.5	1	90 39
91	204	1.5	1	160 44
92	296	1.5	1	245 51
93	694	1.5	1	607 87
94	2915	1.5	1	2693 222
95	4935	1.5	1	4591 344
96	2957	1.5	1	2546 411
97	2281	1.5	1	1883 398
98	1051	1.5	1	895 156
99	1155	1.5	1	1042 113
100	1515	1.5	1	1244 271
101	5964	1.5	1	4096 1868


=== Second read: Adapter 2 ===

Sequence: AGATCGGAAGAG; Type: regular 3'; Length: 12; Trimmed: 4025500 times

Minimum overlap: 3
No. of allowed errors:
1-9 bp: 0; 10-12 bp: 1

Bases preceding removed adapters:
  A: 23.0%
  C: 19.0%
  G: 35.8%
  T: 22.1%
  none/other: 0.1%

Overview of removed sequences
length	count	expect	max.err	error counts
3	571263	396375.2	0	571263
4	175632	99093.8	0	175632
5	107899	24773.4	0	107899
6	102828	6193.4	0	102828
7	115175	1548.3	0	115175
8	93868	387.1	0	93868
9	162492	96.8	0	157334 5158
10	117587	24.2	1	109411 8176
11	87785	6.0	1	76455 11330
12	91518	1.5	1	84470 7048
13	100042	1.5	1	92606 7436
14	129136	1.5	1	120865 8271
15	134739	1.5	1	125229 9510
16	198747	1.5	1	184655 14092
17	81294	1.5	1	75454 5840
18	70623	1.5	1	65466 5157
19	72279	1.5	1	67135 5144
20	73876	1.5	1	68869 5007
21	74795	1.5	1	69557 5238
22	68794	1.5	1	63823 4971
23	85255	1.5	1	78248 7007
24	64253	1.5	1	60137 4116
25	67724	1.5	1	62647 5077
26	71914	1.5	1	66843 5071
27	86459	1.5	1	78772 7687
28	62967	1.5	1	57641 5326
29	52594	1.5	1	49364 3230
30	43465	1.5	1	40871 2594
31	52822	1.5	1	49840 2982
32	39884	1.5	1	37509 2375
33	40232	1.5	1	37492 2740
34	39135	1.5	1	36814 2321
35	33672	1.5	1	31692 1980
36	45588	1.5	1	43015 2573
37	50527	1.5	1	47418 3109
38	32297	1.5	1	30433 1864
39	30052	1.5	1	28222 1830
40	37066	1.5	1	32661 4405
41	26714	1.5	1	25140 1574
42	27066	1.5	1	25456 1610
43	29975	1.5	1	28291 1684
44	28353	1.5	1	26803 1550
45	26304	1.5	1	24903 1401
46	21185	1.5	1	19985 1200
47	21203	1.5	1	20078 1125
48	20518	1.5	1	19049 1469
49	29177	1.5	1	24698 4479
50	17161	1.5	1	15805 1356
51	16137	1.5	1	15193 944
52	17452	1.5	1	16550 902
53	13368	1.5	1	12599 769
54	12943	1.5	1	12110 833
55	12645	1.5	1	11813 832
56	11440	1.5	1	10827 613
57	9434	1.5	1	8820 614
58	12268	1.5	1	11614 654
59	8274	1.5	1	7804 470
60	8835	1.5	1	8191 644
61	5742	1.5	1	5392 350
62	5875	1.5	1	5472 403
63	5723	1.5	1	5386 337
64	5677	1.5	1	5323 354
65	5603	1.5	1	5233 370
66	4846	1.5	1	4493 353
67	4471	1.5	1	4110 361
68	3521	1.5	1	3237 284
69	3179	1.5	1	2969 210
70	2934	1.5	1	2658 276
71	2932	1.5	1	2695 237
72	3259	1.5	1	2895 364
73	3083	1.5	1	2794 289
74	2178	1.5	1	1901 277
75	1785	1.5	1	1613 172
76	1229	1.5	1	1120 109
77	903	1.5	1	807 96
78	765	1.5	1	679 86
79	635	1.5	1	577 58
80	526	1.5	1	480 46
81	393	1.5	1	337 56
82	553	1.5	1	464 89
83	324	1.5	1	281 43
84	232	1.5	1	209 23
85	186	1.5	1	154 32
86	179	1.5	1	161 18
87	92	1.5	1	73 19
88	89	1.5	1	78 11
89	86	1.5	1	57 29
90	93	1.5	1	78 15
91	170	1.5	1	151 19
92	274	1.5	1	230 44
93	619	1.5	1	581 38
94	2760	1.5	1	2590 170
95	4709	1.5	1	4413 296
96	2668	1.5	1	2441 227
97	1982	1.5	1	1782 200
98	938	1.5	1	834 104
99	1070	1.5	1	968 102
100	1314	1.5	1	1125 189
101	5173	1.5	1	3954 1219
application/gzip
application/gzip
application/gzip
application/gzip
application/gzip
application/gzip
application/gzip
application/gzip
application/gzip
application/gzip
application/gzip
application/gzip
application/gzip
application/gzip
application/gzip
application/gzip
application/gzip
application/gzip
application/gzip
application/gzip
application/gzip
application/gzip
application/gzip
application/gzip
application/gzip
application/gzip
application/gzip
application/gzip
Analysis complete for ERR950158_trimmed_1.fastq.gz
Analysis complete for ERR950158_trimmed_2.fastq.gz
Analysis complete for ERR950159_trimmed_1.fastq.gz
Analysis complete for ERR950159_trimmed_2.fastq.gz
Analysis complete for ERR950160_trimmed_1.fastq.gz
Analysis complete for ERR950160_trimmed_2.fastq.gz
Analysis complete for ERR950161_trimmed_1.fastq.gz
Analysis complete for ERR950161_trimmed_2.fastq.gz
Analysis complete for ERR950162_trimmed_1.fastq.gz
Analysis complete for ERR950162_trimmed_2.fastq.gz
Analysis complete for ERR950163_trimmed_1.fastq.gz
Analysis complete for ERR950163_trimmed_2.fastq.gz
Analysis complete for ERR950177_trimmed_1.fastq.gz
Analysis complete for ERR950177_trimmed_2.fastq.gz
Analysis complete for ERR950178_trimmed_1.fastq.gz
Analysis complete for ERR950178_trimmed_2.fastq.gz
Analysis complete for ERR950179_trimmed_1.fastq.gz
Analysis complete for ERR950179_trimmed_2.fastq.gz
Analysis complete for ERR950180_trimmed_1.fastq.gz
Analysis complete for ERR950180_trimmed_2.fastq.gz
Analysis complete for ERR950181_trimmed_1.fastq.gz
Analysis complete for ERR950181_trimmed_2.fastq.gz
Analysis complete for ERR950182_trimmed_1.fastq.gz
Analysis complete for ERR950182_trimmed_2.fastq.gz
Analysis complete for ERR950186_trimmed_1.fastq.gz
Analysis complete for ERR950186_trimmed_2.fastq.gz
Analysis complete for ERR950187_trimmed_1.fastq.gz
Analysis complete for ERR950187_trimmed_2.fastq.gz
